{"B:\\GitHub\\league-master\\src\\App.tsx": {"path":"B:\\GitHub\\league-master\\src\\App.tsx","statementMap":{"0":{"start":{"line":24,"column":29},"end":{"line":544,"column":null}},"1":{"start":{"line":25,"column":8},"end":{"line":25,"column":null}},"2":{"start":{"line":25,"column":42},"end":{"line":25,"column":55}},"3":{"start":{"line":26,"column":8},"end":{"line":26,"column":null}},"4":{"start":{"line":26,"column":47},"end":{"line":26,"column":63}},"5":{"start":{"line":27,"column":8},"end":{"line":27,"column":null}},"6":{"start":{"line":27,"column":52},"end":{"line":27,"column":73}},"7":{"start":{"line":28,"column":8},"end":{"line":30,"column":null}},"8":{"start":{"line":29,"column":15},"end":{"line":29,"column":null}},"9":{"start":{"line":31,"column":8},"end":{"line":31,"column":null}},"10":{"start":{"line":31,"column":47},"end":{"line":31,"column":63}},"11":{"start":{"line":32,"column":8},"end":{"line":32,"column":null}},"12":{"start":{"line":32,"column":52},"end":{"line":32,"column":73}},"13":{"start":{"line":33,"column":8},"end":{"line":35,"column":null}},"14":{"start":{"line":34,"column":15},"end":{"line":34,"column":null}},"15":{"start":{"line":36,"column":60},"end":{"line":37,"column":null}},"16":{"start":{"line":38,"column":26},"end":{"line":38,"column":null}},"17":{"start":{"line":39,"column":28},"end":{"line":39,"column":null}},"18":{"start":{"line":40,"column":67},"end":{"line":41,"column":null}},"19":{"start":{"line":43,"column":32},"end":{"line":43,"column":null}},"20":{"start":{"line":44,"column":32},"end":{"line":44,"column":null}},"21":{"start":{"line":45,"column":28},"end":{"line":45,"column":null}},"22":{"start":{"line":46,"column":46},"end":{"line":46,"column":null}},"23":{"start":{"line":47,"column":38},"end":{"line":47,"column":null}},"24":{"start":{"line":48,"column":26},"end":{"line":48,"column":null}},"25":{"start":{"line":49,"column":32},"end":{"line":49,"column":null}},"26":{"start":{"line":50,"column":28},"end":{"line":50,"column":null}},"27":{"start":{"line":51,"column":46},"end":{"line":53,"column":null}},"28":{"start":{"line":55,"column":26},"end":{"line":55,"column":null}},"29":{"start":{"line":56,"column":8},"end":{"line":56,"column":null}},"30":{"start":{"line":59,"column":22},"end":{"line":64,"column":null}},"31":{"start":{"line":64,"column":7},"end":{"line":64,"column":null}},"32":{"start":{"line":66,"column":22},"end":{"line":67,"column":null}},"33":{"start":{"line":67,"column":4},"end":{"line":67,"column":null}},"34":{"start":{"line":69,"column":25},"end":{"line":70,"column":null}},"35":{"start":{"line":70,"column":4},"end":{"line":70,"column":null}},"36":{"start":{"line":72,"column":24},"end":{"line":83,"column":null}},"37":{"start":{"line":78,"column":4},"end":{"line":83,"column":null}},"38":{"start":{"line":85,"column":20},"end":{"line":127,"column":null}},"39":{"start":{"line":90,"column":4},"end":{"line":90,"column":null}},"40":{"start":{"line":91,"column":4},"end":{"line":91,"column":null}},"41":{"start":{"line":93,"column":4},"end":{"line":96,"column":null}},"42":{"start":{"line":94,"column":6},"end":{"line":94,"column":null}},"43":{"start":{"line":95,"column":6},"end":{"line":95,"column":null}},"44":{"start":{"line":98,"column":4},"end":{"line":126,"column":null}},"45":{"start":{"line":99,"column":19},"end":{"line":103,"column":null}},"46":{"start":{"line":105,"column":6},"end":{"line":105,"column":null}},"47":{"start":{"line":106,"column":6},"end":{"line":106,"column":null}},"48":{"start":{"line":107,"column":6},"end":{"line":107,"column":null}},"49":{"start":{"line":108,"column":6},"end":{"line":108,"column":null}},"50":{"start":{"line":109,"column":6},"end":{"line":109,"column":null}},"51":{"start":{"line":110,"column":6},"end":{"line":110,"column":null}},"52":{"start":{"line":111,"column":6},"end":{"line":111,"column":null}},"53":{"start":{"line":112,"column":6},"end":{"line":112,"column":null}},"54":{"start":{"line":114,"column":6},"end":{"line":116,"column":null}},"55":{"start":{"line":115,"column":8},"end":{"line":115,"column":null}},"56":{"start":{"line":118,"column":6},"end":{"line":123,"column":null}},"57":{"start":{"line":119,"column":8},"end":{"line":119,"column":null}},"58":{"start":{"line":121,"column":20},"end":{"line":121,"column":null}},"59":{"start":{"line":122,"column":8},"end":{"line":122,"column":null}},"60":{"start":{"line":125,"column":6},"end":{"line":125,"column":null}},"61":{"start":{"line":129,"column":2},"end":{"line":150,"column":null}},"62":{"start":{"line":130,"column":4},"end":{"line":130,"column":null}},"63":{"start":{"line":132,"column":4},"end":{"line":132,"column":null}},"64":{"start":{"line":132,"column":19},"end":{"line":132,"column":null}},"65":{"start":{"line":134,"column":4},"end":{"line":134,"column":null}},"66":{"start":{"line":136,"column":4},"end":{"line":136,"column":null}},"67":{"start":{"line":140,"column":8},"end":{"line":147,"column":null}},"68":{"start":{"line":141,"column":6},"end":{"line":141,"column":null}},"69":{"start":{"line":142,"column":6},"end":{"line":146,"column":null}},"70":{"start":{"line":143,"column":8},"end":{"line":143,"column":null}},"71":{"start":{"line":144,"column":8},"end":{"line":144,"column":null}},"72":{"start":{"line":145,"column":8},"end":{"line":145,"column":null}},"73":{"start":{"line":149,"column":4},"end":{"line":149,"column":null}},"74":{"start":{"line":149,"column":17},"end":{"line":149,"column":null}},"75":{"start":{"line":152,"column":27},"end":{"line":176,"column":null}},"76":{"start":{"line":153,"column":4},"end":{"line":153,"column":null}},"77":{"start":{"line":153,"column":46},"end":{"line":153,"column":null}},"78":{"start":{"line":155,"column":4},"end":{"line":175,"column":null}},"79":{"start":{"line":156,"column":6},"end":{"line":170,"column":null}},"80":{"start":{"line":157,"column":37},"end":{"line":157,"column":null}},"81":{"start":{"line":158,"column":8},"end":{"line":166,"column":null}},"82":{"start":{"line":159,"column":10},"end":{"line":165,"column":null}},"83":{"start":{"line":160,"column":30},"end":{"line":160,"column":null}},"84":{"start":{"line":161,"column":12},"end":{"line":161,"column":null}},"85":{"start":{"line":163,"column":12},"end":{"line":163,"column":null}},"86":{"start":{"line":164,"column":12},"end":{"line":164,"column":null}},"87":{"start":{"line":167,"column":8},"end":{"line":167,"column":null}},"88":{"start":{"line":167,"column":29},"end":{"line":167,"column":53}},"89":{"start":{"line":168,"column":8},"end":{"line":168,"column":null}},"90":{"start":{"line":169,"column":8},"end":{"line":169,"column":null}},"91":{"start":{"line":172,"column":6},"end":{"line":174,"column":null}},"92":{"start":{"line":173,"column":8},"end":{"line":173,"column":null}},"93":{"start":{"line":178,"column":34},"end":{"line":193,"column":null}},"94":{"start":{"line":179,"column":4},"end":{"line":179,"column":null}},"95":{"start":{"line":179,"column":46},"end":{"line":179,"column":null}},"96":{"start":{"line":181,"column":4},"end":{"line":192,"column":null}},"97":{"start":{"line":182,"column":6},"end":{"line":187,"column":null}},"98":{"start":{"line":183,"column":26},"end":{"line":183,"column":null}},"99":{"start":{"line":184,"column":8},"end":{"line":184,"column":null}},"100":{"start":{"line":184,"column":29},"end":{"line":184,"column":49}},"101":{"start":{"line":185,"column":8},"end":{"line":185,"column":null}},"102":{"start":{"line":186,"column":8},"end":{"line":186,"column":null}},"103":{"start":{"line":189,"column":6},"end":{"line":191,"column":null}},"104":{"start":{"line":190,"column":8},"end":{"line":190,"column":null}},"105":{"start":{"line":195,"column":29},"end":{"line":215,"column":null}},"106":{"start":{"line":196,"column":4},"end":{"line":196,"column":null}},"107":{"start":{"line":196,"column":46},"end":{"line":196,"column":null}},"108":{"start":{"line":198,"column":4},"end":{"line":214,"column":null}},"109":{"start":{"line":199,"column":6},"end":{"line":209,"column":null}},"110":{"start":{"line":200,"column":8},"end":{"line":200,"column":null}},"111":{"start":{"line":201,"column":8},"end":{"line":205,"column":null}},"112":{"start":{"line":202,"column":25},"end":{"line":202,"column":null}},"113":{"start":{"line":203,"column":10},"end":{"line":203,"column":null}},"114":{"start":{"line":204,"column":10},"end":{"line":204,"column":null}},"115":{"start":{"line":206,"column":8},"end":{"line":206,"column":null}},"116":{"start":{"line":206,"column":29},"end":{"line":206,"column":66}},"117":{"start":{"line":206,"column":48},"end":{"line":206,"column":65}},"118":{"start":{"line":207,"column":8},"end":{"line":207,"column":null}},"119":{"start":{"line":208,"column":8},"end":{"line":208,"column":null}},"120":{"start":{"line":211,"column":6},"end":{"line":213,"column":null}},"121":{"start":{"line":212,"column":8},"end":{"line":212,"column":null}},"122":{"start":{"line":217,"column":29},"end":{"line":234,"column":null}},"123":{"start":{"line":218,"column":4},"end":{"line":218,"column":null}},"124":{"start":{"line":218,"column":46},"end":{"line":218,"column":null}},"125":{"start":{"line":220,"column":4},"end":{"line":233,"column":null}},"126":{"start":{"line":221,"column":6},"end":{"line":228,"column":null}},"127":{"start":{"line":222,"column":24},"end":{"line":222,"column":null}},"128":{"start":{"line":223,"column":8},"end":{"line":225,"column":null}},"129":{"start":{"line":224,"column":10},"end":{"line":224,"column":null}},"130":{"start":{"line":224,"column":27},"end":{"line":224,"column":61}},"131":{"start":{"line":226,"column":8},"end":{"line":226,"column":null}},"132":{"start":{"line":227,"column":8},"end":{"line":227,"column":null}},"133":{"start":{"line":230,"column":6},"end":{"line":232,"column":null}},"134":{"start":{"line":231,"column":8},"end":{"line":231,"column":null}},"135":{"start":{"line":236,"column":30},"end":{"line":258,"column":null}},"136":{"start":{"line":240,"column":4},"end":{"line":240,"column":null}},"137":{"start":{"line":240,"column":66},"end":{"line":240,"column":null}},"138":{"start":{"line":242,"column":4},"end":{"line":257,"column":null}},"139":{"start":{"line":243,"column":6},"end":{"line":252,"column":null}},"140":{"start":{"line":244,"column":8},"end":{"line":249,"column":null}},"141":{"start":{"line":250,"column":8},"end":{"line":250,"column":null}},"142":{"start":{"line":251,"column":8},"end":{"line":251,"column":null}},"143":{"start":{"line":254,"column":6},"end":{"line":256,"column":null}},"144":{"start":{"line":255,"column":8},"end":{"line":255,"column":null}},"145":{"start":{"line":260,"column":28},"end":{"line":284,"column":null}},"146":{"start":{"line":265,"column":4},"end":{"line":265,"column":null}},"147":{"start":{"line":265,"column":46},"end":{"line":265,"column":null}},"148":{"start":{"line":267,"column":4},"end":{"line":283,"column":null}},"149":{"start":{"line":268,"column":6},"end":{"line":278,"column":null}},"150":{"start":{"line":269,"column":25},"end":{"line":274,"column":null}},"151":{"start":{"line":275,"column":8},"end":{"line":275,"column":null}},"152":{"start":{"line":275,"column":28},"end":{"line":275,"column":47}},"153":{"start":{"line":276,"column":8},"end":{"line":276,"column":null}},"154":{"start":{"line":277,"column":8},"end":{"line":277,"column":null}},"155":{"start":{"line":280,"column":6},"end":{"line":282,"column":null}},"156":{"start":{"line":281,"column":8},"end":{"line":281,"column":null}},"157":{"start":{"line":286,"column":28},"end":{"line":301,"column":null}},"158":{"start":{"line":287,"column":4},"end":{"line":287,"column":null}},"159":{"start":{"line":287,"column":26},"end":{"line":287,"column":null}},"160":{"start":{"line":289,"column":4},"end":{"line":300,"column":null}},"161":{"start":{"line":290,"column":6},"end":{"line":295,"column":null}},"162":{"start":{"line":291,"column":8},"end":{"line":291,"column":null}},"163":{"start":{"line":292,"column":8},"end":{"line":292,"column":null}},"164":{"start":{"line":292,"column":28},"end":{"line":292,"column":59}},"165":{"start":{"line":292,"column":47},"end":{"line":292,"column":58}},"166":{"start":{"line":293,"column":8},"end":{"line":293,"column":null}},"167":{"start":{"line":294,"column":8},"end":{"line":294,"column":null}},"168":{"start":{"line":297,"column":6},"end":{"line":299,"column":null}},"169":{"start":{"line":298,"column":8},"end":{"line":298,"column":null}},"170":{"start":{"line":303,"column":31},"end":{"line":327,"column":null}},"171":{"start":{"line":304,"column":4},"end":{"line":304,"column":null}},"172":{"start":{"line":304,"column":26},"end":{"line":304,"column":null}},"173":{"start":{"line":306,"column":4},"end":{"line":326,"column":null}},"174":{"start":{"line":307,"column":6},"end":{"line":321,"column":null}},"175":{"start":{"line":308,"column":29},"end":{"line":308,"column":null}},"176":{"start":{"line":309,"column":8},"end":{"line":316,"column":null}},"177":{"start":{"line":310,"column":10},"end":{"line":315,"column":null}},"178":{"start":{"line":311,"column":25},"end":{"line":311,"column":56}},"179":{"start":{"line":313,"column":14},"end":{"line":313,"column":null}},"180":{"start":{"line":313,"column":41},"end":{"line":313,"column":null}},"181":{"start":{"line":314,"column":14},"end":{"line":314,"column":null}},"182":{"start":{"line":317,"column":8},"end":{"line":319,"column":null}},"183":{"start":{"line":320,"column":8},"end":{"line":320,"column":null}},"184":{"start":{"line":323,"column":6},"end":{"line":325,"column":null}},"185":{"start":{"line":324,"column":8},"end":{"line":324,"column":null}},"186":{"start":{"line":329,"column":24},"end":{"line":467,"column":null}},"187":{"start":{"line":330,"column":4},"end":{"line":334,"column":null}},"188":{"start":{"line":331,"column":6},"end":{"line":334,"column":null}},"189":{"start":{"line":337,"column":4},"end":{"line":368,"column":null}},"190":{"start":{"line":338,"column":6},"end":{"line":368,"column":null}},"191":{"start":{"line":357,"column":29},"end":{"line":357,"column":null}},"192":{"start":{"line":363,"column":29},"end":{"line":363,"column":null}},"193":{"start":{"line":371,"column":4},"end":{"line":465,"column":null}},"194":{"start":{"line":377,"column":14},"end":{"line":377,"column":null}},"195":{"start":{"line":378,"column":14},"end":{"line":378,"column":null}},"196":{"start":{"line":394,"column":14},"end":{"line":398,"column":null}},"197":{"start":{"line":399,"column":14},"end":{"line":399,"column":null}},"198":{"start":{"line":414,"column":14},"end":{"line":414,"column":null}},"199":{"start":{"line":415,"column":14},"end":{"line":415,"column":null}},"200":{"start":{"line":436,"column":14},"end":{"line":436,"column":null}},"201":{"start":{"line":437,"column":14},"end":{"line":437,"column":null}},"202":{"start":{"line":450,"column":14},"end":{"line":450,"column":null}},"203":{"start":{"line":451,"column":14},"end":{"line":451,"column":null}},"204":{"start":{"line":456,"column":31},"end":{"line":456,"column":null}},"205":{"start":{"line":457,"column":46},"end":{"line":457,"column":null}},"206":{"start":{"line":469,"column":2},"end":{"line":542,"column":null}},"207":{"start":{"line":474,"column":10},"end":{"line":474,"column":null}},"208":{"start":{"line":475,"column":10},"end":{"line":475,"column":null}},"209":{"start":{"line":481,"column":31},"end":{"line":481,"column":null}},"210":{"start":{"line":482,"column":42},"end":{"line":482,"column":null}},"211":{"start":{"line":483,"column":42},"end":{"line":483,"column":null}},"212":{"start":{"line":491,"column":14},"end":{"line":491,"column":null}},"213":{"start":{"line":492,"column":14},"end":{"line":492,"column":null}},"214":{"start":{"line":495,"column":34},"end":{"line":495,"column":55}},"215":{"start":{"line":503,"column":31},"end":{"line":503,"column":null}},"216":{"start":{"line":508,"column":31},"end":{"line":508,"column":null}},"217":{"start":{"line":513,"column":31},"end":{"line":513,"column":null}},"218":{"start":{"line":520,"column":35},"end":{"line":520,"column":null}},"219":{"start":{"line":525,"column":35},"end":{"line":525,"column":null}},"220":{"start":{"line":539,"column":25},"end":{"line":539,"column":null}},"221":{"start":{"line":546,"column":22},"end":{"line":579,"column":null}},"222":{"start":{"line":547,"column":8},"end":{"line":547,"column":null}},"223":{"start":{"line":547,"column":45},"end":{"line":547,"column":61}},"224":{"start":{"line":549,"column":8},"end":{"line":549,"column":null}},"225":{"start":{"line":551,"column":2},"end":{"line":567,"column":null}},"226":{"start":{"line":552,"column":4},"end":{"line":552,"column":null}},"227":{"start":{"line":552,"column":19},"end":{"line":552,"column":null}},"228":{"start":{"line":554,"column":4},"end":{"line":558,"column":null}},"229":{"start":{"line":557,"column":8},"end":{"line":557,"column":null}},"230":{"start":{"line":562,"column":8},"end":{"line":564,"column":null}},"231":{"start":{"line":563,"column":6},"end":{"line":563,"column":null}},"232":{"start":{"line":566,"column":4},"end":{"line":566,"column":null}},"233":{"start":{"line":566,"column":17},"end":{"line":566,"column":null}},"234":{"start":{"line":569,"column":2},"end":{"line":577,"column":null}},"235":{"start":{"line":573,"column":8},"end":{"line":573,"column":null}}},"fnMap":{"0":{"name":"(anonymous_0)","decl":{"start":{"line":24,"column":29},"end":{"line":24,"column":35}},"loc":{"start":{"line":24,"column":35},"end":{"line":544,"column":null}},"line":24},"1":{"name":"(anonymous_1)","decl":{"start":{"line":25,"column":31},"end":{"line":25,"column":32}},"loc":{"start":{"line":25,"column":42},"end":{"line":25,"column":55}},"line":25},"2":{"name":"(anonymous_2)","decl":{"start":{"line":26,"column":36},"end":{"line":26,"column":37}},"loc":{"start":{"line":26,"column":47},"end":{"line":26,"column":63}},"line":26},"3":{"name":"(anonymous_3)","decl":{"start":{"line":27,"column":41},"end":{"line":27,"column":42}},"loc":{"start":{"line":27,"column":52},"end":{"line":27,"column":73}},"line":27},"4":{"name":"(anonymous_4)","decl":{"start":{"line":29,"column":4},"end":{"line":29,"column":5}},"loc":{"start":{"line":29,"column":15},"end":{"line":29,"column":null}},"line":29},"5":{"name":"(anonymous_5)","decl":{"start":{"line":31,"column":36},"end":{"line":31,"column":37}},"loc":{"start":{"line":31,"column":47},"end":{"line":31,"column":63}},"line":31},"6":{"name":"(anonymous_6)","decl":{"start":{"line":32,"column":41},"end":{"line":32,"column":42}},"loc":{"start":{"line":32,"column":52},"end":{"line":32,"column":73}},"line":32},"7":{"name":"(anonymous_7)","decl":{"start":{"line":34,"column":4},"end":{"line":34,"column":5}},"loc":{"start":{"line":34,"column":15},"end":{"line":34,"column":null}},"line":34},"8":{"name":"(anonymous_8)","decl":{"start":{"line":59,"column":22},"end":{"line":59,"column":null}},"loc":{"start":{"line":64,"column":7},"end":{"line":64,"column":null}},"line":64},"9":{"name":"(anonymous_9)","decl":{"start":{"line":66,"column":22},"end":{"line":66,"column":23}},"loc":{"start":{"line":67,"column":4},"end":{"line":67,"column":null}},"line":67},"10":{"name":"(anonymous_10)","decl":{"start":{"line":69,"column":25},"end":{"line":69,"column":26}},"loc":{"start":{"line":70,"column":4},"end":{"line":70,"column":null}},"line":70},"11":{"name":"(anonymous_11)","decl":{"start":{"line":72,"column":24},"end":{"line":72,"column":null}},"loc":{"start":{"line":78,"column":4},"end":{"line":83,"column":null}},"line":78},"12":{"name":"(anonymous_12)","decl":{"start":{"line":85,"column":20},"end":{"line":85,"column":null}},"loc":{"start":{"line":89,"column":7},"end":{"line":127,"column":null}},"line":89},"13":{"name":"(anonymous_13)","decl":{"start":{"line":129,"column":12},"end":{"line":129,"column":18}},"loc":{"start":{"line":129,"column":18},"end":{"line":150,"column":5}},"line":129},"14":{"name":"(anonymous_14)","decl":{"start":{"line":140,"column":40},"end":{"line":140,"column":41}},"loc":{"start":{"line":140,"column":68},"end":{"line":147,"column":5}},"line":140},"15":{"name":"(anonymous_15)","decl":{"start":{"line":149,"column":11},"end":{"line":149,"column":17}},"loc":{"start":{"line":149,"column":17},"end":{"line":149,"column":null}},"line":149},"16":{"name":"(anonymous_16)","decl":{"start":{"line":152,"column":27},"end":{"line":152,"column":34}},"loc":{"start":{"line":152,"column":54},"end":{"line":176,"column":null}},"line":152},"17":{"name":"(anonymous_17)","decl":{"start":{"line":156,"column":28},"end":{"line":156,"column":40}},"loc":{"start":{"line":156,"column":40},"end":{"line":170,"column":7}},"line":156},"18":{"name":"(anonymous_18)","decl":{"start":{"line":167,"column":19},"end":{"line":167,"column":20}},"loc":{"start":{"line":167,"column":29},"end":{"line":167,"column":53}},"line":167},"19":{"name":"(anonymous_19)","decl":{"start":{"line":178,"column":34},"end":{"line":178,"column":41}},"loc":{"start":{"line":178,"column":62},"end":{"line":193,"column":null}},"line":178},"20":{"name":"(anonymous_20)","decl":{"start":{"line":182,"column":28},"end":{"line":182,"column":40}},"loc":{"start":{"line":182,"column":40},"end":{"line":187,"column":7}},"line":182},"21":{"name":"(anonymous_21)","decl":{"start":{"line":184,"column":19},"end":{"line":184,"column":20}},"loc":{"start":{"line":184,"column":29},"end":{"line":184,"column":49}},"line":184},"22":{"name":"(anonymous_22)","decl":{"start":{"line":195,"column":29},"end":{"line":195,"column":36}},"loc":{"start":{"line":195,"column":57},"end":{"line":215,"column":null}},"line":195},"23":{"name":"(anonymous_23)","decl":{"start":{"line":199,"column":28},"end":{"line":199,"column":40}},"loc":{"start":{"line":199,"column":40},"end":{"line":209,"column":7}},"line":199},"24":{"name":"(anonymous_24)","decl":{"start":{"line":201,"column":28},"end":{"line":201,"column":29}},"loc":{"start":{"line":201,"column":38},"end":{"line":205,"column":9}},"line":201},"25":{"name":"(anonymous_25)","decl":{"start":{"line":206,"column":19},"end":{"line":206,"column":20}},"loc":{"start":{"line":206,"column":29},"end":{"line":206,"column":66}},"line":206},"26":{"name":"(anonymous_26)","decl":{"start":{"line":206,"column":41},"end":{"line":206,"column":42}},"loc":{"start":{"line":206,"column":48},"end":{"line":206,"column":65}},"line":206},"27":{"name":"(anonymous_27)","decl":{"start":{"line":217,"column":29},"end":{"line":217,"column":36}},"loc":{"start":{"line":217,"column":62},"end":{"line":234,"column":null}},"line":217},"28":{"name":"(anonymous_28)","decl":{"start":{"line":221,"column":28},"end":{"line":221,"column":40}},"loc":{"start":{"line":221,"column":40},"end":{"line":228,"column":7}},"line":221},"29":{"name":"(anonymous_29)","decl":{"start":{"line":223,"column":19},"end":{"line":223,"column":20}},"loc":{"start":{"line":224,"column":10},"end":{"line":224,"column":null}},"line":224},"30":{"name":"(anonymous_30)","decl":{"start":{"line":224,"column":19},"end":{"line":224,"column":20}},"loc":{"start":{"line":224,"column":27},"end":{"line":224,"column":61}},"line":224},"31":{"name":"(anonymous_31)","decl":{"start":{"line":236,"column":30},"end":{"line":236,"column":null}},"loc":{"start":{"line":239,"column":7},"end":{"line":258,"column":null}},"line":239},"32":{"name":"(anonymous_32)","decl":{"start":{"line":243,"column":28},"end":{"line":243,"column":40}},"loc":{"start":{"line":243,"column":40},"end":{"line":252,"column":7}},"line":243},"33":{"name":"(anonymous_33)","decl":{"start":{"line":260,"column":28},"end":{"line":260,"column":null}},"loc":{"start":{"line":264,"column":7},"end":{"line":284,"column":null}},"line":264},"34":{"name":"(anonymous_34)","decl":{"start":{"line":268,"column":28},"end":{"line":268,"column":40}},"loc":{"start":{"line":268,"column":40},"end":{"line":278,"column":7}},"line":268},"35":{"name":"(anonymous_35)","decl":{"start":{"line":275,"column":18},"end":{"line":275,"column":19}},"loc":{"start":{"line":275,"column":28},"end":{"line":275,"column":47}},"line":275},"36":{"name":"(anonymous_36)","decl":{"start":{"line":286,"column":28},"end":{"line":286,"column":35}},"loc":{"start":{"line":286,"column":50},"end":{"line":301,"column":null}},"line":286},"37":{"name":"(anonymous_37)","decl":{"start":{"line":290,"column":28},"end":{"line":290,"column":40}},"loc":{"start":{"line":290,"column":40},"end":{"line":295,"column":7}},"line":290},"38":{"name":"(anonymous_38)","decl":{"start":{"line":292,"column":18},"end":{"line":292,"column":19}},"loc":{"start":{"line":292,"column":28},"end":{"line":292,"column":59}},"line":292},"39":{"name":"(anonymous_39)","decl":{"start":{"line":292,"column":40},"end":{"line":292,"column":41}},"loc":{"start":{"line":292,"column":47},"end":{"line":292,"column":58}},"line":292},"40":{"name":"(anonymous_40)","decl":{"start":{"line":303,"column":31},"end":{"line":303,"column":38}},"loc":{"start":{"line":303,"column":77},"end":{"line":327,"column":null}},"line":303},"41":{"name":"(anonymous_41)","decl":{"start":{"line":307,"column":28},"end":{"line":307,"column":40}},"loc":{"start":{"line":307,"column":40},"end":{"line":321,"column":7}},"line":307},"42":{"name":"(anonymous_42)","decl":{"start":{"line":309,"column":18},"end":{"line":309,"column":19}},"loc":{"start":{"line":310,"column":10},"end":{"line":315,"column":null}},"line":310},"43":{"name":"(anonymous_43)","decl":{"start":{"line":311,"column":17},"end":{"line":311,"column":18}},"loc":{"start":{"line":311,"column":25},"end":{"line":311,"column":56}},"line":311},"44":{"name":"(anonymous_44)","decl":{"start":{"line":312,"column":18},"end":{"line":312,"column":19}},"loc":{"start":{"line":312,"column":28},"end":{"line":315,"column":13}},"line":312},"45":{"name":"(anonymous_45)","decl":{"start":{"line":329,"column":24},"end":{"line":329,"column":30}},"loc":{"start":{"line":329,"column":30},"end":{"line":467,"column":null}},"line":329},"46":{"name":"(anonymous_46)","decl":{"start":{"line":357,"column":23},"end":{"line":357,"column":29}},"loc":{"start":{"line":357,"column":29},"end":{"line":357,"column":null}},"line":357},"47":{"name":"(anonymous_47)","decl":{"start":{"line":363,"column":23},"end":{"line":363,"column":29}},"loc":{"start":{"line":363,"column":29},"end":{"line":363,"column":null}},"line":363},"48":{"name":"(anonymous_48)","decl":{"start":{"line":376,"column":21},"end":{"line":376,"column":22}},"loc":{"start":{"line":376,"column":52},"end":{"line":379,"column":null}},"line":376},"49":{"name":"(anonymous_49)","decl":{"start":{"line":393,"column":21},"end":{"line":393,"column":22}},"loc":{"start":{"line":393,"column":52},"end":{"line":400,"column":null}},"line":393},"50":{"name":"(anonymous_50)","decl":{"start":{"line":413,"column":21},"end":{"line":413,"column":22}},"loc":{"start":{"line":413,"column":52},"end":{"line":416,"column":null}},"line":413},"51":{"name":"(anonymous_51)","decl":{"start":{"line":435,"column":21},"end":{"line":435,"column":22}},"loc":{"start":{"line":435,"column":52},"end":{"line":438,"column":null}},"line":435},"52":{"name":"(anonymous_52)","decl":{"start":{"line":449,"column":21},"end":{"line":449,"column":22}},"loc":{"start":{"line":449,"column":52},"end":{"line":452,"column":null}},"line":449},"53":{"name":"(anonymous_53)","decl":{"start":{"line":456,"column":25},"end":{"line":456,"column":31}},"loc":{"start":{"line":456,"column":31},"end":{"line":456,"column":null}},"line":456},"54":{"name":"(anonymous_54)","decl":{"start":{"line":457,"column":30},"end":{"line":457,"column":31}},"loc":{"start":{"line":457,"column":46},"end":{"line":457,"column":null}},"line":457},"55":{"name":"(anonymous_55)","decl":{"start":{"line":473,"column":17},"end":{"line":473,"column":18}},"loc":{"start":{"line":473,"column":48},"end":{"line":476,"column":null}},"line":473},"56":{"name":"(anonymous_56)","decl":{"start":{"line":481,"column":25},"end":{"line":481,"column":31}},"loc":{"start":{"line":481,"column":31},"end":{"line":481,"column":null}},"line":481},"57":{"name":"(anonymous_57)","decl":{"start":{"line":482,"column":26},"end":{"line":482,"column":27}},"loc":{"start":{"line":482,"column":42},"end":{"line":482,"column":null}},"line":482},"58":{"name":"(anonymous_58)","decl":{"start":{"line":483,"column":26},"end":{"line":483,"column":27}},"loc":{"start":{"line":483,"column":42},"end":{"line":483,"column":null}},"line":483},"59":{"name":"(anonymous_59)","decl":{"start":{"line":490,"column":21},"end":{"line":490,"column":22}},"loc":{"start":{"line":490,"column":52},"end":{"line":493,"column":null}},"line":490},"60":{"name":"(anonymous_60)","decl":{"start":{"line":495,"column":28},"end":{"line":495,"column":34}},"loc":{"start":{"line":495,"column":34},"end":{"line":495,"column":55}},"line":495},"61":{"name":"(anonymous_61)","decl":{"start":{"line":503,"column":25},"end":{"line":503,"column":31}},"loc":{"start":{"line":503,"column":31},"end":{"line":503,"column":null}},"line":503},"62":{"name":"(anonymous_62)","decl":{"start":{"line":508,"column":25},"end":{"line":508,"column":31}},"loc":{"start":{"line":508,"column":31},"end":{"line":508,"column":null}},"line":508},"63":{"name":"(anonymous_63)","decl":{"start":{"line":513,"column":25},"end":{"line":513,"column":31}},"loc":{"start":{"line":513,"column":31},"end":{"line":513,"column":null}},"line":513},"64":{"name":"(anonymous_64)","decl":{"start":{"line":520,"column":29},"end":{"line":520,"column":35}},"loc":{"start":{"line":520,"column":35},"end":{"line":520,"column":null}},"line":520},"65":{"name":"(anonymous_65)","decl":{"start":{"line":525,"column":29},"end":{"line":525,"column":35}},"loc":{"start":{"line":525,"column":35},"end":{"line":525,"column":null}},"line":525},"66":{"name":"(anonymous_66)","decl":{"start":{"line":539,"column":19},"end":{"line":539,"column":25}},"loc":{"start":{"line":539,"column":25},"end":{"line":539,"column":null}},"line":539},"67":{"name":"(anonymous_67)","decl":{"start":{"line":546,"column":22},"end":{"line":546,"column":28}},"loc":{"start":{"line":546,"column":28},"end":{"line":579,"column":null}},"line":546},"68":{"name":"(anonymous_68)","decl":{"start":{"line":547,"column":34},"end":{"line":547,"column":35}},"loc":{"start":{"line":547,"column":45},"end":{"line":547,"column":61}},"line":547},"69":{"name":"(anonymous_69)","decl":{"start":{"line":551,"column":12},"end":{"line":551,"column":18}},"loc":{"start":{"line":551,"column":18},"end":{"line":567,"column":5}},"line":551},"70":{"name":"(anonymous_70)","decl":{"start":{"line":556,"column":12},"end":{"line":556,"column":13}},"loc":{"start":{"line":557,"column":8},"end":{"line":557,"column":null}},"line":557},"71":{"name":"(anonymous_71)","decl":{"start":{"line":562,"column":40},"end":{"line":562,"column":41}},"loc":{"start":{"line":562,"column":68},"end":{"line":564,"column":5}},"line":562},"72":{"name":"(anonymous_72)","decl":{"start":{"line":566,"column":11},"end":{"line":566,"column":17}},"loc":{"start":{"line":566,"column":17},"end":{"line":566,"column":null}},"line":566},"73":{"name":"(anonymous_73)","decl":{"start":{"line":572,"column":15},"end":{"line":572,"column":16}},"loc":{"start":{"line":572,"column":46},"end":{"line":574,"column":null}},"line":572}},"branchMap":{"0":{"loc":{"start":{"line":88,"column":4},"end":{"line":88,"column":null}},"type":"default-arg","locations":[{"start":{"line":88,"column":26},"end":{"line":88,"column":null}}],"line":88},"1":{"loc":{"start":{"line":93,"column":4},"end":{"line":96,"column":null}},"type":"if","locations":[{"start":{"line":93,"column":4},"end":{"line":96,"column":null}},{"start":{},"end":{}}],"line":93},"2":{"loc":{"start":{"line":114,"column":6},"end":{"line":116,"column":null}},"type":"if","locations":[{"start":{"line":114,"column":6},"end":{"line":116,"column":null}},{"start":{},"end":{}}],"line":114},"3":{"loc":{"start":{"line":114,"column":10},"end":{"line":114,"column":52}},"type":"binary-expr","locations":[{"start":{"line":114,"column":10},"end":{"line":114,"column":22}},{"start":{"line":114,"column":22},"end":{"line":114,"column":52}}],"line":114},"4":{"loc":{"start":{"line":118,"column":6},"end":{"line":123,"column":null}},"type":"if","locations":[{"start":{"line":118,"column":6},"end":{"line":123,"column":null}},{"start":{"line":120,"column":13},"end":{"line":123,"column":null}}],"line":118},"5":{"loc":{"start":{"line":121,"column":20},"end":{"line":121,"column":null}},"type":"cond-expr","locations":[{"start":{"line":121,"column":43},"end":{"line":121,"column":57}},{"start":{"line":121,"column":57},"end":{"line":121,"column":null}}],"line":121},"6":{"loc":{"start":{"line":122,"column":19},"end":{"line":122,"column":54}},"type":"binary-expr","locations":[{"start":{"line":122,"column":19},"end":{"line":122,"column":26}},{"start":{"line":122,"column":26},"end":{"line":122,"column":54}}],"line":122},"7":{"loc":{"start":{"line":132,"column":4},"end":{"line":132,"column":null}},"type":"if","locations":[{"start":{"line":132,"column":4},"end":{"line":132,"column":null}},{"start":{},"end":{}}],"line":132},"8":{"loc":{"start":{"line":142,"column":6},"end":{"line":146,"column":null}},"type":"if","locations":[{"start":{"line":142,"column":6},"end":{"line":146,"column":null}},{"start":{},"end":{}}],"line":142},"9":{"loc":{"start":{"line":153,"column":4},"end":{"line":153,"column":null}},"type":"if","locations":[{"start":{"line":153,"column":4},"end":{"line":153,"column":null}},{"start":{},"end":{}}],"line":153},"10":{"loc":{"start":{"line":153,"column":8},"end":{"line":153,"column":46}},"type":"binary-expr","locations":[{"start":{"line":153,"column":8},"end":{"line":153,"column":28}},{"start":{"line":153,"column":28},"end":{"line":153,"column":46}}],"line":153},"11":{"loc":{"start":{"line":172,"column":6},"end":{"line":174,"column":null}},"type":"if","locations":[{"start":{"line":172,"column":6},"end":{"line":174,"column":null}},{"start":{},"end":{}}],"line":172},"12":{"loc":{"start":{"line":179,"column":4},"end":{"line":179,"column":null}},"type":"if","locations":[{"start":{"line":179,"column":4},"end":{"line":179,"column":null}},{"start":{},"end":{}}],"line":179},"13":{"loc":{"start":{"line":179,"column":8},"end":{"line":179,"column":46}},"type":"binary-expr","locations":[{"start":{"line":179,"column":8},"end":{"line":179,"column":28}},{"start":{"line":179,"column":28},"end":{"line":179,"column":46}}],"line":179},"14":{"loc":{"start":{"line":189,"column":6},"end":{"line":191,"column":null}},"type":"if","locations":[{"start":{"line":189,"column":6},"end":{"line":191,"column":null}},{"start":{},"end":{}}],"line":189},"15":{"loc":{"start":{"line":196,"column":4},"end":{"line":196,"column":null}},"type":"if","locations":[{"start":{"line":196,"column":4},"end":{"line":196,"column":null}},{"start":{},"end":{}}],"line":196},"16":{"loc":{"start":{"line":196,"column":8},"end":{"line":196,"column":46}},"type":"binary-expr","locations":[{"start":{"line":196,"column":8},"end":{"line":196,"column":28}},{"start":{"line":196,"column":28},"end":{"line":196,"column":46}}],"line":196},"17":{"loc":{"start":{"line":211,"column":6},"end":{"line":213,"column":null}},"type":"if","locations":[{"start":{"line":211,"column":6},"end":{"line":213,"column":null}},{"start":{},"end":{}}],"line":211},"18":{"loc":{"start":{"line":218,"column":4},"end":{"line":218,"column":null}},"type":"if","locations":[{"start":{"line":218,"column":4},"end":{"line":218,"column":null}},{"start":{},"end":{}}],"line":218},"19":{"loc":{"start":{"line":218,"column":8},"end":{"line":218,"column":46}},"type":"binary-expr","locations":[{"start":{"line":218,"column":8},"end":{"line":218,"column":28}},{"start":{"line":218,"column":28},"end":{"line":218,"column":46}}],"line":218},"20":{"loc":{"start":{"line":224,"column":27},"end":{"line":224,"column":61}},"type":"cond-expr","locations":[{"start":{"line":224,"column":49},"end":{"line":224,"column":59}},{"start":{"line":224,"column":59},"end":{"line":224,"column":61}}],"line":224},"21":{"loc":{"start":{"line":230,"column":6},"end":{"line":232,"column":null}},"type":"if","locations":[{"start":{"line":230,"column":6},"end":{"line":232,"column":null}},{"start":{},"end":{}}],"line":230},"22":{"loc":{"start":{"line":240,"column":4},"end":{"line":240,"column":null}},"type":"if","locations":[{"start":{"line":240,"column":4},"end":{"line":240,"column":null}},{"start":{},"end":{}}],"line":240},"23":{"loc":{"start":{"line":240,"column":8},"end":{"line":240,"column":66}},"type":"binary-expr","locations":[{"start":{"line":240,"column":8},"end":{"line":240,"column":28}},{"start":{"line":240,"column":28},"end":{"line":240,"column":48}},{"start":{"line":240,"column":48},"end":{"line":240,"column":66}}],"line":240},"24":{"loc":{"start":{"line":254,"column":6},"end":{"line":256,"column":null}},"type":"if","locations":[{"start":{"line":254,"column":6},"end":{"line":256,"column":null}},{"start":{},"end":{}}],"line":254},"25":{"loc":{"start":{"line":265,"column":4},"end":{"line":265,"column":null}},"type":"if","locations":[{"start":{"line":265,"column":4},"end":{"line":265,"column":null}},{"start":{},"end":{}}],"line":265},"26":{"loc":{"start":{"line":265,"column":8},"end":{"line":265,"column":46}},"type":"binary-expr","locations":[{"start":{"line":265,"column":8},"end":{"line":265,"column":28}},{"start":{"line":265,"column":28},"end":{"line":265,"column":46}}],"line":265},"27":{"loc":{"start":{"line":280,"column":6},"end":{"line":282,"column":null}},"type":"if","locations":[{"start":{"line":280,"column":6},"end":{"line":282,"column":null}},{"start":{},"end":{}}],"line":280},"28":{"loc":{"start":{"line":287,"column":4},"end":{"line":287,"column":null}},"type":"if","locations":[{"start":{"line":287,"column":4},"end":{"line":287,"column":null}},{"start":{},"end":{}}],"line":287},"29":{"loc":{"start":{"line":297,"column":6},"end":{"line":299,"column":null}},"type":"if","locations":[{"start":{"line":297,"column":6},"end":{"line":299,"column":null}},{"start":{},"end":{}}],"line":297},"30":{"loc":{"start":{"line":304,"column":4},"end":{"line":304,"column":null}},"type":"if","locations":[{"start":{"line":304,"column":4},"end":{"line":304,"column":null}},{"start":{},"end":{}}],"line":304},"31":{"loc":{"start":{"line":311,"column":25},"end":{"line":311,"column":56}},"type":"cond-expr","locations":[{"start":{"line":311,"column":39},"end":{"line":311,"column":54}},{"start":{"line":311,"column":54},"end":{"line":311,"column":56}}],"line":311},"32":{"loc":{"start":{"line":313,"column":14},"end":{"line":313,"column":null}},"type":"if","locations":[{"start":{"line":313,"column":14},"end":{"line":313,"column":null}},{"start":{},"end":{}}],"line":313},"33":{"loc":{"start":{"line":314,"column":21},"end":{"line":314,"column":null}},"type":"cond-expr","locations":[{"start":{"line":314,"column":32},"end":{"line":314,"column":37}},{"start":{"line":314,"column":37},"end":{"line":314,"column":null}}],"line":314},"34":{"loc":{"start":{"line":318,"column":10},"end":{"line":318,"column":null}},"type":"cond-expr","locations":[{"start":{"line":318,"column":26},"end":{"line":318,"column":53}},{"start":{"line":318,"column":53},"end":{"line":318,"column":null}}],"line":318},"35":{"loc":{"start":{"line":323,"column":6},"end":{"line":325,"column":null}},"type":"if","locations":[{"start":{"line":323,"column":6},"end":{"line":325,"column":null}},{"start":{},"end":{}}],"line":323},"36":{"loc":{"start":{"line":330,"column":4},"end":{"line":334,"column":null}},"type":"if","locations":[{"start":{"line":330,"column":4},"end":{"line":334,"column":null}},{"start":{},"end":{}}],"line":330},"37":{"loc":{"start":{"line":337,"column":4},"end":{"line":368,"column":null}},"type":"if","locations":[{"start":{"line":337,"column":4},"end":{"line":368,"column":null}},{"start":{},"end":{}}],"line":337},"38":{"loc":{"start":{"line":373,"column":9},"end":{"line":388,"column":null}},"type":"binary-expr","locations":[{"start":{"line":373,"column":9},"end":{"line":373,"column":null}},{"start":{"line":374,"column":10},"end":{"line":388,"column":null}}],"line":373},"39":{"loc":{"start":{"line":390,"column":9},"end":{"line":408,"column":null}},"type":"binary-expr","locations":[{"start":{"line":390,"column":9},"end":{"line":390,"column":35}},{"start":{"line":390,"column":35},"end":{"line":390,"column":null}},{"start":{"line":391,"column":10},"end":{"line":408,"column":null}}],"line":390},"40":{"loc":{"start":{"line":410,"column":9},"end":{"line":430,"column":null}},"type":"binary-expr","locations":[{"start":{"line":410,"column":9},"end":{"line":410,"column":null}},{"start":{"line":411,"column":10},"end":{"line":430,"column":null}}],"line":410},"41":{"loc":{"start":{"line":432,"column":9},"end":{"line":444,"column":null}},"type":"binary-expr","locations":[{"start":{"line":432,"column":9},"end":{"line":432,"column":null}},{"start":{"line":433,"column":10},"end":{"line":444,"column":null}}],"line":432},"42":{"loc":{"start":{"line":446,"column":9},"end":{"line":463,"column":null}},"type":"binary-expr","locations":[{"start":{"line":446,"column":9},"end":{"line":446,"column":34}},{"start":{"line":446,"column":34},"end":{"line":446,"column":null}},{"start":{"line":447,"column":10},"end":{"line":463,"column":null}}],"line":446},"43":{"loc":{"start":{"line":487,"column":9},"end":{"line":531,"column":null}},"type":"cond-expr","locations":[{"start":{"line":488,"column":10},"end":{"line":496,"column":null}},{"start":{"line":498,"column":10},"end":{"line":531,"column":null}}],"line":487},"44":{"loc":{"start":{"line":515,"column":15},"end":{"line":527,"column":null}},"type":"binary-expr","locations":[{"start":{"line":515,"column":15},"end":{"line":515,"column":null}},{"start":{"line":516,"column":16},"end":{"line":527,"column":null}}],"line":515},"45":{"loc":{"start":{"line":535,"column":7},"end":{"line":540,"column":null}},"type":"binary-expr","locations":[{"start":{"line":535,"column":7},"end":{"line":535,"column":null}},{"start":{"line":536,"column":8},"end":{"line":540,"column":null}}],"line":535},"46":{"loc":{"start":{"line":552,"column":4},"end":{"line":552,"column":null}},"type":"if","locations":[{"start":{"line":552,"column":4},"end":{"line":552,"column":null}},{"start":{},"end":{}}],"line":552}},"s":{"0":3,"1":28,"2":70,"3":28,"4":68,"5":28,"6":68,"7":28,"8":68,"9":28,"10":68,"11":28,"12":68,"13":28,"14":68,"15":28,"16":28,"17":28,"18":28,"19":28,"20":28,"21":28,"22":28,"23":28,"24":28,"25":28,"26":28,"27":28,"28":28,"29":28,"30":28,"31":0,"32":28,"33":0,"34":28,"35":0,"36":28,"37":0,"38":28,"39":14,"40":14,"41":14,"42":0,"43":0,"44":14,"45":14,"46":10,"47":10,"48":10,"49":10,"50":10,"51":10,"52":10,"53":10,"54":10,"55":0,"56":4,"57":0,"58":4,"59":4,"60":14,"61":28,"62":14,"63":14,"64":0,"65":14,"66":14,"67":14,"68":14,"69":14,"70":0,"71":0,"72":0,"73":14,"74":14,"75":28,"76":0,"77":0,"78":0,"79":0,"80":0,"81":0,"82":0,"83":0,"84":0,"85":0,"86":0,"87":0,"88":0,"89":0,"90":0,"91":0,"92":0,"93":28,"94":0,"95":0,"96":0,"97":0,"98":0,"99":0,"100":0,"101":0,"102":0,"103":0,"104":0,"105":28,"106":0,"107":0,"108":0,"109":0,"110":0,"111":0,"112":0,"113":0,"114":0,"115":0,"116":0,"117":0,"118":0,"119":0,"120":0,"121":0,"122":28,"123":0,"124":0,"125":0,"126":0,"127":0,"128":0,"129":0,"130":0,"131":0,"132":0,"133":0,"134":0,"135":28,"136":0,"137":0,"138":0,"139":0,"140":0,"141":0,"142":0,"143":0,"144":0,"145":28,"146":0,"147":0,"148":0,"149":0,"150":0,"151":0,"152":0,"153":0,"154":0,"155":0,"156":0,"157":28,"158":0,"159":0,"160":0,"161":0,"162":0,"163":0,"164":0,"165":0,"166":0,"167":0,"168":0,"169":0,"170":28,"171":0,"172":0,"173":0,"174":0,"175":0,"176":0,"177":0,"178":0,"179":0,"180":0,"181":0,"182":0,"183":0,"184":0,"185":0,"186":28,"187":28,"188":14,"189":14,"190":14,"191":0,"192":0,"193":10,"194":0,"195":0,"196":0,"197":0,"198":0,"199":0,"200":0,"201":0,"202":0,"203":0,"204":0,"205":0,"206":28,"207":0,"208":0,"209":0,"210":0,"211":0,"212":0,"213":0,"214":0,"215":0,"216":0,"217":0,"218":0,"219":0,"220":0,"221":3,"222":14,"223":56,"224":14,"225":14,"226":14,"227":0,"228":14,"229":14,"230":14,"231":14,"232":14,"233":14,"234":14,"235":0},"f":{"0":28,"1":70,"2":68,"3":68,"4":68,"5":68,"6":68,"7":68,"8":0,"9":0,"10":0,"11":0,"12":14,"13":14,"14":14,"15":14,"16":0,"17":0,"18":0,"19":0,"20":0,"21":0,"22":0,"23":0,"24":0,"25":0,"26":0,"27":0,"28":0,"29":0,"30":0,"31":0,"32":0,"33":0,"34":0,"35":0,"36":0,"37":0,"38":0,"39":0,"40":0,"41":0,"42":0,"43":0,"44":0,"45":28,"46":0,"47":0,"48":0,"49":0,"50":0,"51":0,"52":0,"53":0,"54":0,"55":0,"56":0,"57":0,"58":0,"59":0,"60":0,"61":0,"62":0,"63":0,"64":0,"65":0,"66":0,"67":14,"68":56,"69":14,"70":14,"71":14,"72":14,"73":0},"b":{"0":[14],"1":[0,14],"2":[0,10],"3":[10,0],"4":[0,4],"5":[4,0],"6":[4,0],"7":[0,14],"8":[0,14],"9":[0,0],"10":[0,0],"11":[0,0],"12":[0,0],"13":[0,0],"14":[0,0],"15":[0,0],"16":[0,0],"17":[0,0],"18":[0,0],"19":[0,0],"20":[0,0],"21":[0,0],"22":[0,0],"23":[0,0,0],"24":[0,0],"25":[0,0],"26":[0,0],"27":[0,0],"28":[0,0],"29":[0,0],"30":[0,0],"31":[0,0],"32":[0,0],"33":[0,0],"34":[0,0],"35":[0,0],"36":[14,14],"37":[4,10],"38":[10,0],"39":[28,0,0],"40":[28,10],"41":[28,0],"42":[28,0,0],"43":[0,28],"44":[28,0],"45":[28,4],"46":[0,14]},"meta":{"lastBranch":47,"lastFunction":74,"lastStatement":236,"seen":{"s:24:29:544:Infinity":0,"f:24:29:24:35":0,"s:25:8:25:Infinity":1,"f:25:31:25:32":1,"s:25:42:25:55":2,"s:26:8:26:Infinity":3,"f:26:36:26:37":2,"s:26:47:26:63":4,"s:27:8:27:Infinity":5,"f:27:41:27:42":3,"s:27:52:27:73":6,"s:28:8:30:Infinity":7,"f:29:4:29:5":4,"s:29:15:29:Infinity":8,"s:31:8:31:Infinity":9,"f:31:36:31:37":5,"s:31:47:31:63":10,"s:32:8:32:Infinity":11,"f:32:41:32:42":6,"s:32:52:32:73":12,"s:33:8:35:Infinity":13,"f:34:4:34:5":7,"s:34:15:34:Infinity":14,"s:36:60:37:Infinity":15,"s:38:26:38:Infinity":16,"s:39:28:39:Infinity":17,"s:40:67:41:Infinity":18,"s:43:32:43:Infinity":19,"s:44:32:44:Infinity":20,"s:45:28:45:Infinity":21,"s:46:46:46:Infinity":22,"s:47:38:47:Infinity":23,"s:48:26:48:Infinity":24,"s:49:32:49:Infinity":25,"s:50:28:50:Infinity":26,"s:51:46:53:Infinity":27,"s:55:26:55:Infinity":28,"s:56:8:56:Infinity":29,"s:59:22:64:Infinity":30,"f:59:22:59:Infinity":8,"s:64:7:64:Infinity":31,"s:66:22:67:Infinity":32,"f:66:22:66:23":9,"s:67:4:67:Infinity":33,"s:69:25:70:Infinity":34,"f:69:25:69:26":10,"s:70:4:70:Infinity":35,"s:72:24:83:Infinity":36,"f:72:24:72:Infinity":11,"s:78:4:83:Infinity":37,"s:85:20:127:Infinity":38,"f:85:20:85:Infinity":12,"b:88:26:88:Infinity":0,"s:90:4:90:Infinity":39,"s:91:4:91:Infinity":40,"b:93:4:96:Infinity:undefined:undefined:undefined:undefined":1,"s:93:4:96:Infinity":41,"s:94:6:94:Infinity":42,"s:95:6:95:Infinity":43,"s:98:4:126:Infinity":44,"s:99:19:103:Infinity":45,"s:105:6:105:Infinity":46,"s:106:6:106:Infinity":47,"s:107:6:107:Infinity":48,"s:108:6:108:Infinity":49,"s:109:6:109:Infinity":50,"s:110:6:110:Infinity":51,"s:111:6:111:Infinity":52,"s:112:6:112:Infinity":53,"b:114:6:116:Infinity:undefined:undefined:undefined:undefined":2,"s:114:6:116:Infinity":54,"b:114:10:114:22:114:22:114:52":3,"s:115:8:115:Infinity":55,"b:118:6:123:Infinity:120:13:123:Infinity":4,"s:118:6:123:Infinity":56,"s:119:8:119:Infinity":57,"s:121:20:121:Infinity":58,"b:121:43:121:57:121:57:121:Infinity":5,"s:122:8:122:Infinity":59,"b:122:19:122:26:122:26:122:54":6,"s:125:6:125:Infinity":60,"s:129:2:150:Infinity":61,"f:129:12:129:18":13,"s:130:4:130:Infinity":62,"b:132:4:132:Infinity:undefined:undefined:undefined:undefined":7,"s:132:4:132:Infinity":63,"s:132:19:132:Infinity":64,"s:134:4:134:Infinity":65,"s:136:4:136:Infinity":66,"s:140:8:147:Infinity":67,"f:140:40:140:41":14,"s:141:6:141:Infinity":68,"b:142:6:146:Infinity:undefined:undefined:undefined:undefined":8,"s:142:6:146:Infinity":69,"s:143:8:143:Infinity":70,"s:144:8:144:Infinity":71,"s:145:8:145:Infinity":72,"s:149:4:149:Infinity":73,"f:149:11:149:17":15,"s:149:17:149:Infinity":74,"s:152:27:176:Infinity":75,"f:152:27:152:34":16,"b:153:4:153:Infinity:undefined:undefined:undefined:undefined":9,"s:153:4:153:Infinity":76,"b:153:8:153:28:153:28:153:46":10,"s:153:46:153:Infinity":77,"s:155:4:175:Infinity":78,"s:156:6:170:Infinity":79,"f:156:28:156:40":17,"s:157:37:157:Infinity":80,"s:158:8:166:Infinity":81,"s:159:10:165:Infinity":82,"s:160:30:160:Infinity":83,"s:161:12:161:Infinity":84,"s:163:12:163:Infinity":85,"s:164:12:164:Infinity":86,"s:167:8:167:Infinity":87,"f:167:19:167:20":18,"s:167:29:167:53":88,"s:168:8:168:Infinity":89,"s:169:8:169:Infinity":90,"b:172:6:174:Infinity:undefined:undefined:undefined:undefined":11,"s:172:6:174:Infinity":91,"s:173:8:173:Infinity":92,"s:178:34:193:Infinity":93,"f:178:34:178:41":19,"b:179:4:179:Infinity:undefined:undefined:undefined:undefined":12,"s:179:4:179:Infinity":94,"b:179:8:179:28:179:28:179:46":13,"s:179:46:179:Infinity":95,"s:181:4:192:Infinity":96,"s:182:6:187:Infinity":97,"f:182:28:182:40":20,"s:183:26:183:Infinity":98,"s:184:8:184:Infinity":99,"f:184:19:184:20":21,"s:184:29:184:49":100,"s:185:8:185:Infinity":101,"s:186:8:186:Infinity":102,"b:189:6:191:Infinity:undefined:undefined:undefined:undefined":14,"s:189:6:191:Infinity":103,"s:190:8:190:Infinity":104,"s:195:29:215:Infinity":105,"f:195:29:195:36":22,"b:196:4:196:Infinity:undefined:undefined:undefined:undefined":15,"s:196:4:196:Infinity":106,"b:196:8:196:28:196:28:196:46":16,"s:196:46:196:Infinity":107,"s:198:4:214:Infinity":108,"s:199:6:209:Infinity":109,"f:199:28:199:40":23,"s:200:8:200:Infinity":110,"s:201:8:205:Infinity":111,"f:201:28:201:29":24,"s:202:25:202:Infinity":112,"s:203:10:203:Infinity":113,"s:204:10:204:Infinity":114,"s:206:8:206:Infinity":115,"f:206:19:206:20":25,"s:206:29:206:66":116,"f:206:41:206:42":26,"s:206:48:206:65":117,"s:207:8:207:Infinity":118,"s:208:8:208:Infinity":119,"b:211:6:213:Infinity:undefined:undefined:undefined:undefined":17,"s:211:6:213:Infinity":120,"s:212:8:212:Infinity":121,"s:217:29:234:Infinity":122,"f:217:29:217:36":27,"b:218:4:218:Infinity:undefined:undefined:undefined:undefined":18,"s:218:4:218:Infinity":123,"b:218:8:218:28:218:28:218:46":19,"s:218:46:218:Infinity":124,"s:220:4:233:Infinity":125,"s:221:6:228:Infinity":126,"f:221:28:221:40":28,"s:222:24:222:Infinity":127,"s:223:8:225:Infinity":128,"f:223:19:223:20":29,"s:224:10:224:Infinity":129,"f:224:19:224:20":30,"s:224:27:224:61":130,"b:224:49:224:59:224:59:224:61":20,"s:226:8:226:Infinity":131,"s:227:8:227:Infinity":132,"b:230:6:232:Infinity:undefined:undefined:undefined:undefined":21,"s:230:6:232:Infinity":133,"s:231:8:231:Infinity":134,"s:236:30:258:Infinity":135,"f:236:30:236:Infinity":31,"b:240:4:240:Infinity:undefined:undefined:undefined:undefined":22,"s:240:4:240:Infinity":136,"b:240:8:240:28:240:28:240:48:240:48:240:66":23,"s:240:66:240:Infinity":137,"s:242:4:257:Infinity":138,"s:243:6:252:Infinity":139,"f:243:28:243:40":32,"s:244:8:249:Infinity":140,"s:250:8:250:Infinity":141,"s:251:8:251:Infinity":142,"b:254:6:256:Infinity:undefined:undefined:undefined:undefined":24,"s:254:6:256:Infinity":143,"s:255:8:255:Infinity":144,"s:260:28:284:Infinity":145,"f:260:28:260:Infinity":33,"b:265:4:265:Infinity:undefined:undefined:undefined:undefined":25,"s:265:4:265:Infinity":146,"b:265:8:265:28:265:28:265:46":26,"s:265:46:265:Infinity":147,"s:267:4:283:Infinity":148,"s:268:6:278:Infinity":149,"f:268:28:268:40":34,"s:269:25:274:Infinity":150,"s:275:8:275:Infinity":151,"f:275:18:275:19":35,"s:275:28:275:47":152,"s:276:8:276:Infinity":153,"s:277:8:277:Infinity":154,"b:280:6:282:Infinity:undefined:undefined:undefined:undefined":27,"s:280:6:282:Infinity":155,"s:281:8:281:Infinity":156,"s:286:28:301:Infinity":157,"f:286:28:286:35":36,"b:287:4:287:Infinity:undefined:undefined:undefined:undefined":28,"s:287:4:287:Infinity":158,"s:287:26:287:Infinity":159,"s:289:4:300:Infinity":160,"s:290:6:295:Infinity":161,"f:290:28:290:40":37,"s:291:8:291:Infinity":162,"s:292:8:292:Infinity":163,"f:292:18:292:19":38,"s:292:28:292:59":164,"f:292:40:292:41":39,"s:292:47:292:58":165,"s:293:8:293:Infinity":166,"s:294:8:294:Infinity":167,"b:297:6:299:Infinity:undefined:undefined:undefined:undefined":29,"s:297:6:299:Infinity":168,"s:298:8:298:Infinity":169,"s:303:31:327:Infinity":170,"f:303:31:303:38":40,"b:304:4:304:Infinity:undefined:undefined:undefined:undefined":30,"s:304:4:304:Infinity":171,"s:304:26:304:Infinity":172,"s:306:4:326:Infinity":173,"s:307:6:321:Infinity":174,"f:307:28:307:40":41,"s:308:29:308:Infinity":175,"s:309:8:316:Infinity":176,"f:309:18:309:19":42,"s:310:10:315:Infinity":177,"f:311:17:311:18":43,"s:311:25:311:56":178,"b:311:39:311:54:311:54:311:56":31,"f:312:18:312:19":44,"b:313:14:313:Infinity:undefined:undefined:undefined:undefined":32,"s:313:14:313:Infinity":179,"s:313:41:313:Infinity":180,"s:314:14:314:Infinity":181,"b:314:32:314:37:314:37:314:Infinity":33,"s:317:8:319:Infinity":182,"b:318:26:318:53:318:53:318:Infinity":34,"s:320:8:320:Infinity":183,"b:323:6:325:Infinity:undefined:undefined:undefined:undefined":35,"s:323:6:325:Infinity":184,"s:324:8:324:Infinity":185,"s:329:24:467:Infinity":186,"f:329:24:329:30":45,"b:330:4:334:Infinity:undefined:undefined:undefined:undefined":36,"s:330:4:334:Infinity":187,"s:331:6:334:Infinity":188,"b:337:4:368:Infinity:undefined:undefined:undefined:undefined":37,"s:337:4:368:Infinity":189,"s:338:6:368:Infinity":190,"f:357:23:357:29":46,"s:357:29:357:Infinity":191,"f:363:23:363:29":47,"s:363:29:363:Infinity":192,"s:371:4:465:Infinity":193,"b:373:9:373:Infinity:374:10:388:Infinity":38,"f:376:21:376:22":48,"s:377:14:377:Infinity":194,"s:378:14:378:Infinity":195,"b:390:9:390:35:390:35:390:Infinity:391:10:408:Infinity":39,"f:393:21:393:22":49,"s:394:14:398:Infinity":196,"s:399:14:399:Infinity":197,"b:410:9:410:Infinity:411:10:430:Infinity":40,"f:413:21:413:22":50,"s:414:14:414:Infinity":198,"s:415:14:415:Infinity":199,"b:432:9:432:Infinity:433:10:444:Infinity":41,"f:435:21:435:22":51,"s:436:14:436:Infinity":200,"s:437:14:437:Infinity":201,"b:446:9:446:34:446:34:446:Infinity:447:10:463:Infinity":42,"f:449:21:449:22":52,"s:450:14:450:Infinity":202,"s:451:14:451:Infinity":203,"f:456:25:456:31":53,"s:456:31:456:Infinity":204,"f:457:30:457:31":54,"s:457:46:457:Infinity":205,"s:469:2:542:Infinity":206,"f:473:17:473:18":55,"s:474:10:474:Infinity":207,"s:475:10:475:Infinity":208,"f:481:25:481:31":56,"s:481:31:481:Infinity":209,"f:482:26:482:27":57,"s:482:42:482:Infinity":210,"f:483:26:483:27":58,"s:483:42:483:Infinity":211,"b:488:10:496:Infinity:498:10:531:Infinity":43,"f:490:21:490:22":59,"s:491:14:491:Infinity":212,"s:492:14:492:Infinity":213,"f:495:28:495:34":60,"s:495:34:495:55":214,"f:503:25:503:31":61,"s:503:31:503:Infinity":215,"f:508:25:508:31":62,"s:508:31:508:Infinity":216,"f:513:25:513:31":63,"s:513:31:513:Infinity":217,"b:515:15:515:Infinity:516:16:527:Infinity":44,"f:520:29:520:35":64,"s:520:35:520:Infinity":218,"f:525:29:525:35":65,"s:525:35:525:Infinity":219,"b:535:7:535:Infinity:536:8:540:Infinity":45,"f:539:19:539:25":66,"s:539:25:539:Infinity":220,"s:546:22:579:Infinity":221,"f:546:22:546:28":67,"s:547:8:547:Infinity":222,"f:547:34:547:35":68,"s:547:45:547:61":223,"s:549:8:549:Infinity":224,"s:551:2:567:Infinity":225,"f:551:12:551:18":69,"b:552:4:552:Infinity:undefined:undefined:undefined:undefined":46,"s:552:4:552:Infinity":226,"s:552:19:552:Infinity":227,"s:554:4:558:Infinity":228,"f:556:12:556:13":70,"s:557:8:557:Infinity":229,"s:562:8:564:Infinity":230,"f:562:40:562:41":71,"s:563:6:563:Infinity":231,"s:566:4:566:Infinity":232,"f:566:11:566:17":72,"s:566:17:566:Infinity":233,"s:569:2:577:Infinity":234,"f:572:15:572:16":73,"s:573:8:573:Infinity":235}}}
,"B:\\GitHub\\league-master\\src\\components\\error\\ErrorBoundary.tsx": {"path":"B:\\GitHub\\league-master\\src\\components\\error\\ErrorBoundary.tsx","statementMap":{"0":{"start":{"line":23,"column":4},"end":{"line":23,"column":null}},"1":{"start":{"line":58,"column":2},"end":{"line":65,"column":null}},"2":{"start":{"line":59,"column":4},"end":{"line":64,"column":null}},"3":{"start":{"line":24,"column":4},"end":{"line":29,"column":null}},"4":{"start":{"line":33,"column":4},"end":{"line":33,"column":null}},"5":{"start":{"line":37,"column":22},"end":{"line":37,"column":null}},"6":{"start":{"line":38,"column":19},"end":{"line":38,"column":null}},"7":{"start":{"line":39,"column":20},"end":{"line":39,"column":null}},"8":{"start":{"line":41,"column":4},"end":{"line":46,"column":null}},"9":{"start":{"line":48,"column":4},"end":{"line":51,"column":null}},"10":{"start":{"line":53,"column":4},"end":{"line":55,"column":null}},"11":{"start":{"line":54,"column":6},"end":{"line":54,"column":null}},"12":{"start":{"line":68,"column":4},"end":{"line":105,"column":null}},"13":{"start":{"line":69,"column":6},"end":{"line":75,"column":null}},"14":{"start":{"line":70,"column":8},"end":{"line":74,"column":null}},"15":{"start":{"line":77,"column":6},"end":{"line":103,"column":null}},"16":{"start":{"line":107,"column":4},"end":{"line":107,"column":null}}},"fnMap":{"0":{"name":"(anonymous_0)","decl":{"start":{"line":22,"column":2},"end":{"line":22,"column":14}},"loc":{"start":{"line":22,"column":41},"end":{"line":30,"column":null}},"line":22},"1":{"name":"(anonymous_1)","decl":{"start":{"line":58,"column":23},"end":{"line":58,"column":29}},"loc":{"start":{"line":58,"column":29},"end":{"line":65,"column":null}},"line":58},"2":{"name":"(anonymous_2)","decl":{"start":{"line":32,"column":9},"end":{"line":32,"column":34}},"loc":{"start":{"line":32,"column":48},"end":{"line":34,"column":null}},"line":32},"3":{"name":"(anonymous_3)","decl":{"start":{"line":36,"column":2},"end":{"line":36,"column":20}},"loc":{"start":{"line":36,"column":62},"end":{"line":56,"column":null}},"line":36},"4":{"name":"(anonymous_4)","decl":{"start":{"line":67,"column":2},"end":{"line":67,"column":11}},"loc":{"start":{"line":67,"column":11},"end":{"line":108,"column":null}},"line":67}},"branchMap":{"0":{"loc":{"start":{"line":41,"column":22},"end":{"line":41,"column":65}},"type":"binary-expr","locations":[{"start":{"line":41,"column":22},"end":{"line":41,"column":50}},{"start":{"line":41,"column":50},"end":{"line":41,"column":65}}],"line":41},"1":{"loc":{"start":{"line":53,"column":4},"end":{"line":55,"column":null}},"type":"if","locations":[{"start":{"line":53,"column":4},"end":{"line":55,"column":null}},{"start":{},"end":{}}],"line":53},"2":{"loc":{"start":{"line":68,"column":4},"end":{"line":105,"column":null}},"type":"if","locations":[{"start":{"line":68,"column":4},"end":{"line":105,"column":null}},{"start":{},"end":{}}],"line":68},"3":{"loc":{"start":{"line":68,"column":8},"end":{"line":68,"column":49}},"type":"binary-expr","locations":[{"start":{"line":68,"column":8},"end":{"line":68,"column":31}},{"start":{"line":68,"column":31},"end":{"line":68,"column":49}}],"line":68},"4":{"loc":{"start":{"line":69,"column":6},"end":{"line":75,"column":null}},"type":"if","locations":[{"start":{"line":69,"column":6},"end":{"line":75,"column":null}},{"start":{},"end":{}}],"line":69},"5":{"loc":{"start":{"line":80,"column":37},"end":{"line":80,"column":null}},"type":"binary-expr","locations":[{"start":{"line":80,"column":37},"end":{"line":80,"column":65}},{"start":{"line":80,"column":65},"end":{"line":80,"column":null}}],"line":80},"6":{"loc":{"start":{"line":85,"column":11},"end":{"line":95,"column":null}},"type":"binary-expr","locations":[{"start":{"line":85,"column":11},"end":{"line":85,"column":null}},{"start":{"line":86,"column":12},"end":{"line":95,"column":null}}],"line":85}},"s":{"0":38,"1":38,"2":0,"3":38,"4":0,"5":0,"6":0,"7":0,"8":0,"9":0,"10":0,"11":0,"12":52,"13":0,"14":0,"15":0,"16":52},"f":{"0":38,"1":0,"2":3,"3":0,"4":52},"b":{"0":[0,0],"1":[0,0],"2":[0,52],"3":[52,0],"4":[0,0],"5":[0,0],"6":[0,0]},"meta":{"lastBranch":7,"lastFunction":5,"lastStatement":17,"seen":{"f:22:2:22:14":0,"s:23:4:23:Infinity":0,"s:58:2:65:Infinity":1,"f:58:23:58:29":1,"s:59:4:64:Infinity":2,"s:24:4:29:Infinity":3,"f:32:9:32:34":2,"s:33:4:33:Infinity":4,"f:36:2:36:20":3,"s:37:22:37:Infinity":5,"s:38:19:38:Infinity":6,"s:39:20:39:Infinity":7,"s:41:4:46:Infinity":8,"b:41:22:41:50:41:50:41:65":0,"s:48:4:51:Infinity":9,"b:53:4:55:Infinity:undefined:undefined:undefined:undefined":1,"s:53:4:55:Infinity":10,"s:54:6:54:Infinity":11,"f:67:2:67:11":4,"b:68:4:105:Infinity:undefined:undefined:undefined:undefined":2,"s:68:4:105:Infinity":12,"b:68:8:68:31:68:31:68:49":3,"b:69:6:75:Infinity:undefined:undefined:undefined:undefined":4,"s:69:6:75:Infinity":13,"s:70:8:74:Infinity":14,"s:77:6:103:Infinity":15,"b:80:37:80:65:80:65:80:Infinity":5,"b:85:11:85:Infinity:86:12:95:Infinity":6,"s:107:4:107:Infinity":16}}}
,"B:\\GitHub\\league-master\\src\\components\\error\\ErrorFallback.tsx": {"path":"B:\\GitHub\\league-master\\src\\components\\error\\ErrorFallback.tsx","statementMap":{"0":{"start":{"line":14,"column":52},"end":{"line":63,"column":null}},"1":{"start":{"line":20,"column":2},"end":{"line":61,"column":null}}},"fnMap":{"0":{"name":"(anonymous_0)","decl":{"start":{"line":14,"column":52},"end":{"line":14,"column":53}},"loc":{"start":{"line":19,"column":6},"end":{"line":63,"column":null}},"line":19}},"branchMap":{"0":{"loc":{"start":{"line":17,"column":2},"end":{"line":17,"column":null}},"type":"default-arg","locations":[{"start":{"line":17,"column":18},"end":{"line":17,"column":null}}],"line":17},"1":{"loc":{"start":{"line":43,"column":11},"end":{"line":51,"column":null}},"type":"binary-expr","locations":[{"start":{"line":43,"column":11},"end":{"line":43,"column":null}},{"start":{"line":44,"column":12},"end":{"line":51,"column":null}}],"line":43}},"s":{"0":3,"1":0},"f":{"0":0},"b":{"0":[0],"1":[0,0]},"meta":{"lastBranch":2,"lastFunction":1,"lastStatement":2,"seen":{"s:14:52:63:Infinity":0,"f:14:52:14:53":0,"b:17:18:17:Infinity":0,"s:20:2:61:Infinity":1,"b:43:11:43:Infinity:44:12:51:Infinity":1}}}
,"B:\\GitHub\\league-master\\src\\components\\error\\index.ts": {"path":"B:\\GitHub\\league-master\\src\\components\\error\\index.ts","statementMap":{},"fnMap":{},"branchMap":{},"s":{},"f":{},"b":{},"meta":{"lastBranch":0,"lastFunction":0,"lastStatement":0,"seen":{}}}
,"B:\\GitHub\\league-master\\src\\components\\shared\\ConfirmModal.tsx": {"path":"B:\\GitHub\\league-master\\src\\components\\shared\\ConfirmModal.tsx","statementMap":{"0":{"start":{"line":14,"column":50},"end":{"line":52,"column":null}},"1":{"start":{"line":24,"column":2},"end":{"line":24,"column":null}},"2":{"start":{"line":24,"column":15},"end":{"line":24,"column":null}},"3":{"start":{"line":26,"column":2},"end":{"line":50,"column":null}}},"fnMap":{"0":{"name":"(anonymous_0)","decl":{"start":{"line":14,"column":50},"end":{"line":14,"column":51}},"loc":{"start":{"line":23,"column":6},"end":{"line":52,"column":null}},"line":23}},"branchMap":{"0":{"loc":{"start":{"line":20,"column":2},"end":{"line":20,"column":null}},"type":"default-arg","locations":[{"start":{"line":20,"column":16},"end":{"line":20,"column":null}}],"line":20},"1":{"loc":{"start":{"line":21,"column":2},"end":{"line":21,"column":null}},"type":"default-arg","locations":[{"start":{"line":21,"column":15},"end":{"line":21,"column":null}}],"line":21},"2":{"loc":{"start":{"line":22,"column":2},"end":{"line":22,"column":null}},"type":"default-arg","locations":[{"start":{"line":22,"column":23},"end":{"line":22,"column":null}}],"line":22},"3":{"loc":{"start":{"line":24,"column":2},"end":{"line":24,"column":null}},"type":"if","locations":[{"start":{"line":24,"column":2},"end":{"line":24,"column":null}},{"start":{},"end":{}}],"line":24}},"s":{"0":3,"1":10,"2":10,"3":0},"f":{"0":10},"b":{"0":[10],"1":[10],"2":[10],"3":[10,0]},"meta":{"lastBranch":4,"lastFunction":1,"lastStatement":4,"seen":{"s:14:50:52:Infinity":0,"f:14:50:14:51":0,"b:20:16:20:Infinity":0,"b:21:15:21:Infinity":1,"b:22:23:22:Infinity":2,"b:24:2:24:Infinity:undefined:undefined:undefined:undefined":3,"s:24:2:24:Infinity":1,"s:24:15:24:Infinity":2,"s:26:2:50:Infinity":3}}}
,"B:\\GitHub\\league-master\\src\\components\\shared\\Dropdown.tsx": {"path":"B:\\GitHub\\league-master\\src\\components\\shared\\Dropdown.tsx","statementMap":{"0":{"start":{"line":15,"column":17},"end":{"line":165,"column":null}},"1":{"start":{"line":30,"column":28},"end":{"line":30,"column":null}},"2":{"start":{"line":31,"column":10},"end":{"line":31,"column":null}},"3":{"start":{"line":33,"column":25},"end":{"line":33,"column":null}},"4":{"start":{"line":33,"column":46},"end":{"line":33,"column":72}},"5":{"start":{"line":34,"column":26},"end":{"line":34,"column":null}},"6":{"start":{"line":37,"column":4},"end":{"line":54,"column":null}},"7":{"start":{"line":38,"column":33},"end":{"line":45,"column":null}},"8":{"start":{"line":39,"column":8},"end":{"line":44,"column":null}},"9":{"start":{"line":43,"column":10},"end":{"line":43,"column":null}},"10":{"start":{"line":47,"column":6},"end":{"line":52,"column":null}},"11":{"start":{"line":48,"column":8},"end":{"line":48,"column":null}},"12":{"start":{"line":49,"column":8},"end":{"line":51,"column":null}},"13":{"start":{"line":50,"column":10},"end":{"line":50,"column":null}},"14":{"start":{"line":53,"column":6},"end":{"line":53,"column":null}},"15":{"start":{"line":56,"column":4},"end":{"line":162,"column":null}},"16":{"start":{"line":59,"column":25},"end":{"line":59,"column":null}},"17":{"start":{"line":119,"column":35},"end":{"line":119,"column":null}},"18":{"start":{"line":120,"column":18},"end":{"line":150,"column":null}},"19":{"start":{"line":124,"column":24},"end":{"line":124,"column":null}},"20":{"start":{"line":125,"column":24},"end":{"line":125,"column":null}},"21":{"start":{"line":167,"column":0},"end":{"line":167,"column":null}}},"fnMap":{"0":{"name":"(anonymous_0)","decl":{"start":{"line":16,"column":2},"end":{"line":16,"column":null}},"loc":{"start":{"line":29,"column":7},"end":{"line":164,"column":null}},"line":29},"1":{"name":"(anonymous_1)","decl":{"start":{"line":33,"column":36},"end":{"line":33,"column":37}},"loc":{"start":{"line":33,"column":46},"end":{"line":33,"column":72}},"line":33},"2":{"name":"(anonymous_2)","decl":{"start":{"line":37,"column":14},"end":{"line":37,"column":20}},"loc":{"start":{"line":37,"column":20},"end":{"line":54,"column":7}},"line":37},"3":{"name":"(anonymous_3)","decl":{"start":{"line":38,"column":33},"end":{"line":38,"column":34}},"loc":{"start":{"line":38,"column":52},"end":{"line":45,"column":null}},"line":38},"4":{"name":"(anonymous_4)","decl":{"start":{"line":49,"column":15},"end":{"line":49,"column":21}},"loc":{"start":{"line":49,"column":21},"end":{"line":51,"column":null}},"line":49},"5":{"name":"(anonymous_5)","decl":{"start":{"line":59,"column":19},"end":{"line":59,"column":25}},"loc":{"start":{"line":59,"column":25},"end":{"line":59,"column":null}},"line":59},"6":{"name":"(anonymous_6)","decl":{"start":{"line":118,"column":26},"end":{"line":118,"column":27}},"loc":{"start":{"line":118,"column":36},"end":{"line":152,"column":17}},"line":118},"7":{"name":"(anonymous_7)","decl":{"start":{"line":123,"column":31},"end":{"line":123,"column":37}},"loc":{"start":{"line":123,"column":37},"end":{"line":126,"column":null}},"line":123}},"branchMap":{"0":{"loc":{"start":{"line":23,"column":6},"end":{"line":23,"column":null}},"type":"default-arg","locations":[{"start":{"line":23,"column":20},"end":{"line":23,"column":null}}],"line":23},"1":{"loc":{"start":{"line":24,"column":6},"end":{"line":24,"column":null}},"type":"default-arg","locations":[{"start":{"line":24,"column":14},"end":{"line":24,"column":null}}],"line":24},"2":{"loc":{"start":{"line":25,"column":6},"end":{"line":25,"column":null}},"type":"default-arg","locations":[{"start":{"line":25,"column":17},"end":{"line":25,"column":null}}],"line":25},"3":{"loc":{"start":{"line":26,"column":6},"end":{"line":26,"column":null}},"type":"default-arg","locations":[{"start":{"line":26,"column":18},"end":{"line":26,"column":null}}],"line":26},"4":{"loc":{"start":{"line":34,"column":26},"end":{"line":34,"column":null}},"type":"cond-expr","locations":[{"start":{"line":34,"column":41},"end":{"line":34,"column":66}},{"start":{"line":34,"column":66},"end":{"line":34,"column":null}}],"line":34},"5":{"loc":{"start":{"line":39,"column":8},"end":{"line":44,"column":null}},"type":"if","locations":[{"start":{"line":39,"column":8},"end":{"line":44,"column":null}},{"start":{},"end":{}}],"line":39},"6":{"loc":{"start":{"line":40,"column":10},"end":{"line":41,"column":null}},"type":"binary-expr","locations":[{"start":{"line":40,"column":10},"end":{"line":40,"column":null}},{"start":{"line":41,"column":10},"end":{"line":41,"column":null}}],"line":40},"7":{"loc":{"start":{"line":47,"column":6},"end":{"line":52,"column":null}},"type":"if","locations":[{"start":{"line":47,"column":6},"end":{"line":52,"column":null}},{"start":{},"end":{}}],"line":47},"8":{"loc":{"start":{"line":57,"column":16},"end":{"line":57,"column":36}},"type":"binary-expr","locations":[{"start":{"line":57,"column":16},"end":{"line":57,"column":31}},{"start":{"line":57,"column":31},"end":{"line":57,"column":36}}],"line":57},"9":{"loc":{"start":{"line":59,"column":25},"end":{"line":59,"column":null}},"type":"binary-expr","locations":[{"start":{"line":59,"column":25},"end":{"line":59,"column":38}},{"start":{"line":59,"column":38},"end":{"line":59,"column":null}}],"line":59},"10":{"loc":{"start":{"line":94,"column":14},"end":{"line":94,"column":null}},"type":"cond-expr","locations":[{"start":{"line":94,"column":23},"end":{"line":94,"column":38}},{"start":{"line":94,"column":38},"end":{"line":94,"column":null}}],"line":94},"11":{"loc":{"start":{"line":110,"column":9},"end":{"line":160,"column":null}},"type":"binary-expr","locations":[{"start":{"line":110,"column":9},"end":{"line":110,"column":null}},{"start":{"line":111,"column":10},"end":{"line":160,"column":null}}],"line":110},"12":{"loc":{"start":{"line":113,"column":15},"end":{"line":152,"column":null}},"type":"cond-expr","locations":[{"start":{"line":114,"column":16},"end":{"line":116,"column":null}},{"start":{"line":118,"column":16},"end":{"line":152,"column":null}}],"line":113},"13":{"loc":{"start":{"line":128,"column":24},"end":{"line":130,"column":null}},"type":"cond-expr","locations":[{"start":{"line":129,"column":28},"end":{"line":129,"column":null}},{"start":{"line":130,"column":28},"end":{"line":130,"column":null}}],"line":128},"14":{"loc":{"start":{"line":136,"column":23},"end":{"line":148,"column":null}},"type":"binary-expr","locations":[{"start":{"line":136,"column":23},"end":{"line":136,"column":null}},{"start":{"line":137,"column":24},"end":{"line":148,"column":null}}],"line":136}},"s":{"0":3,"1":56,"2":56,"3":56,"4":14,"5":56,"6":56,"7":28,"8":0,"9":0,"10":28,"11":0,"12":0,"13":0,"14":28,"15":56,"16":0,"17":0,"18":0,"19":0,"20":0,"21":3},"f":{"0":56,"1":14,"2":28,"3":0,"4":0,"5":0,"6":0,"7":0},"b":{"0":[56],"1":[56],"2":[56],"3":[56],"4":[14,42],"5":[0,0],"6":[0,0],"7":[0,28],"8":[56,0],"9":[0,0],"10":[0,56],"11":[56,0],"12":[0,0],"13":[0,0],"14":[0,0]},"meta":{"lastBranch":15,"lastFunction":8,"lastStatement":22,"seen":{"s:15:17:165:Infinity":0,"f:16:2:16:Infinity":0,"b:23:20:23:Infinity":0,"b:24:14:24:Infinity":1,"b:25:17:25:Infinity":2,"b:26:18:26:Infinity":3,"s:30:28:30:Infinity":1,"s:31:10:31:Infinity":2,"s:33:25:33:Infinity":3,"f:33:36:33:37":1,"s:33:46:33:72":4,"s:34:26:34:Infinity":5,"b:34:41:34:66:34:66:34:Infinity":4,"s:37:4:54:Infinity":6,"f:37:14:37:20":2,"s:38:33:45:Infinity":7,"f:38:33:38:34":3,"b:39:8:44:Infinity:undefined:undefined:undefined:undefined":5,"s:39:8:44:Infinity":8,"b:40:10:40:Infinity:41:10:41:Infinity":6,"s:43:10:43:Infinity":9,"b:47:6:52:Infinity:undefined:undefined:undefined:undefined":7,"s:47:6:52:Infinity":10,"s:48:8:48:Infinity":11,"s:49:8:51:Infinity":12,"f:49:15:49:21":4,"s:50:10:50:Infinity":13,"s:53:6:53:Infinity":14,"s:56:4:162:Infinity":15,"b:57:16:57:31:57:31:57:36":8,"f:59:19:59:25":5,"s:59:25:59:Infinity":16,"b:59:25:59:38:59:38:59:Infinity":9,"b:94:23:94:38:94:38:94:Infinity":10,"b:110:9:110:Infinity:111:10:160:Infinity":11,"b:114:16:116:Infinity:118:16:152:Infinity":12,"f:118:26:118:27":6,"s:119:35:119:Infinity":17,"s:120:18:150:Infinity":18,"f:123:31:123:37":7,"s:124:24:124:Infinity":19,"s:125:24:125:Infinity":20,"b:129:28:129:Infinity:130:28:130:Infinity":13,"b:136:23:136:Infinity:137:24:148:Infinity":14,"s:167:0:167:Infinity":21}}}
,"B:\\GitHub\\league-master\\src\\components\\shared\\Match.tsx": {"path":"B:\\GitHub\\league-master\\src\\components\\shared\\Match.tsx","statementMap":{"0":{"start":{"line":12,"column":36},"end":{"line":79,"column":null}},"1":{"start":{"line":20,"column":29},"end":{"line":22,"column":null}},"2":{"start":{"line":21,"column":4},"end":{"line":21,"column":null}},"3":{"start":{"line":24,"column":29},"end":{"line":26,"column":null}},"4":{"start":{"line":25,"column":4},"end":{"line":25,"column":null}},"5":{"start":{"line":29,"column":4},"end":{"line":29,"column":null}},"6":{"start":{"line":32,"column":23},"end":{"line":34,"column":null}},"7":{"start":{"line":35,"column":23},"end":{"line":37,"column":null}},"8":{"start":{"line":40,"column":2},"end":{"line":54,"column":null}},"9":{"start":{"line":41,"column":15},"end":{"line":41,"column":null}},"10":{"start":{"line":42,"column":15},"end":{"line":42,"column":null}},"11":{"start":{"line":43,"column":4},"end":{"line":53,"column":null}},"12":{"start":{"line":44,"column":6},"end":{"line":52,"column":null}},"13":{"start":{"line":45,"column":8},"end":{"line":46,"column":null}},"14":{"start":{"line":47,"column":8},"end":{"line":47,"column":null}},"15":{"start":{"line":48,"column":6},"end":{"line":52,"column":null}},"16":{"start":{"line":49,"column":8},"end":{"line":50,"column":null}},"17":{"start":{"line":51,"column":8},"end":{"line":51,"column":null}},"18":{"start":{"line":56,"column":2},"end":{"line":77,"column":null}}},"fnMap":{"0":{"name":"(anonymous_0)","decl":{"start":{"line":12,"column":36},"end":{"line":12,"column":37}},"loc":{"start":{"line":19,"column":6},"end":{"line":79,"column":null}},"line":19},"1":{"name":"(anonymous_1)","decl":{"start":{"line":20,"column":29},"end":{"line":20,"column":30}},"loc":{"start":{"line":20,"column":73},"end":{"line":22,"column":null}},"line":20},"2":{"name":"(anonymous_2)","decl":{"start":{"line":24,"column":29},"end":{"line":24,"column":30}},"loc":{"start":{"line":24,"column":73},"end":{"line":26,"column":null}},"line":24}},"branchMap":{"0":{"loc":{"start":{"line":18,"column":2},"end":{"line":18,"column":null}},"type":"default-arg","locations":[{"start":{"line":18,"column":18},"end":{"line":18,"column":null}}],"line":18},"1":{"loc":{"start":{"line":33,"column":4},"end":{"line":33,"column":null}},"type":"cond-expr","locations":[{"start":{"line":33,"column":20},"end":{"line":33,"column":38}},{"start":{"line":33,"column":38},"end":{"line":33,"column":null}}],"line":33},"2":{"loc":{"start":{"line":36,"column":4},"end":{"line":36,"column":null}},"type":"cond-expr","locations":[{"start":{"line":36,"column":20},"end":{"line":36,"column":38}},{"start":{"line":36,"column":38},"end":{"line":36,"column":null}}],"line":36},"3":{"loc":{"start":{"line":40,"column":2},"end":{"line":54,"column":null}},"type":"if","locations":[{"start":{"line":40,"column":2},"end":{"line":54,"column":null}},{"start":{},"end":{}}],"line":40},"4":{"loc":{"start":{"line":40,"column":6},"end":{"line":40,"column":56}},"type":"binary-expr","locations":[{"start":{"line":40,"column":6},"end":{"line":40,"column":24}},{"start":{"line":40,"column":24},"end":{"line":40,"column":41}},{"start":{"line":40,"column":41},"end":{"line":40,"column":56}}],"line":40},"5":{"loc":{"start":{"line":43,"column":4},"end":{"line":53,"column":null}},"type":"if","locations":[{"start":{"line":43,"column":4},"end":{"line":53,"column":null}},{"start":{},"end":{}}],"line":43},"6":{"loc":{"start":{"line":43,"column":8},"end":{"line":43,"column":34}},"type":"binary-expr","locations":[{"start":{"line":43,"column":8},"end":{"line":43,"column":22}},{"start":{"line":43,"column":22},"end":{"line":43,"column":34}}],"line":43},"7":{"loc":{"start":{"line":44,"column":6},"end":{"line":52,"column":null}},"type":"if","locations":[{"start":{"line":44,"column":6},"end":{"line":52,"column":null}},{"start":{"line":48,"column":6},"end":{"line":52,"column":null}}],"line":44},"8":{"loc":{"start":{"line":48,"column":6},"end":{"line":52,"column":null}},"type":"if","locations":[{"start":{"line":48,"column":6},"end":{"line":52,"column":null}},{"start":{},"end":{}}],"line":48}},"s":{"0":3,"1":0,"2":0,"3":0,"4":0,"5":0,"6":0,"7":0,"8":0,"9":0,"10":0,"11":0,"12":0,"13":0,"14":0,"15":0,"16":0,"17":0,"18":0},"f":{"0":0,"1":0,"2":0},"b":{"0":[0],"1":[0,0],"2":[0,0],"3":[0,0],"4":[0,0,0],"5":[0,0],"6":[0,0],"7":[0,0],"8":[0,0]},"meta":{"lastBranch":9,"lastFunction":3,"lastStatement":19,"seen":{"s:12:36:79:Infinity":0,"f:12:36:12:37":0,"b:18:18:18:Infinity":0,"s:20:29:22:Infinity":1,"f:20:29:20:30":1,"s:21:4:21:Infinity":2,"s:24:29:26:Infinity":3,"f:24:29:24:30":2,"s:25:4:25:Infinity":4,"s:29:4:29:Infinity":5,"s:32:23:34:Infinity":6,"b:33:20:33:38:33:38:33:Infinity":1,"s:35:23:37:Infinity":7,"b:36:20:36:38:36:38:36:Infinity":2,"b:40:2:54:Infinity:undefined:undefined:undefined:undefined":3,"s:40:2:54:Infinity":8,"b:40:6:40:24:40:24:40:41:40:41:40:56":4,"s:41:15:41:Infinity":9,"s:42:15:42:Infinity":10,"b:43:4:53:Infinity:undefined:undefined:undefined:undefined":5,"s:43:4:53:Infinity":11,"b:43:8:43:22:43:22:43:34":6,"b:44:6:52:Infinity:48:6:52:Infinity":7,"s:44:6:52:Infinity":12,"s:45:8:46:Infinity":13,"s:47:8:47:Infinity":14,"b:48:6:52:Infinity:undefined:undefined:undefined:undefined":8,"s:48:6:52:Infinity":15,"s:49:8:50:Infinity":16,"s:51:8:51:Infinity":17,"s:56:2:77:Infinity":18}}}
,"B:\\GitHub\\league-master\\src\\components\\shared\\RankReviewModal.tsx": {"path":"B:\\GitHub\\league-master\\src\\components\\shared\\RankReviewModal.tsx","statementMap":{"0":{"start":{"line":13,"column":56},"end":{"line":190,"column":null}},"1":{"start":{"line":21,"column":40},"end":{"line":21,"column":null}},"2":{"start":{"line":22,"column":8},"end":{"line":22,"column":null}},"3":{"start":{"line":23,"column":8},"end":{"line":23,"column":null}},"4":{"start":{"line":25,"column":8},"end":{"line":48,"column":null}},"5":{"start":{"line":26,"column":17},"end":{"line":33,"column":null}},"6":{"start":{"line":34,"column":4},"end":{"line":46,"column":null}},"7":{"start":{"line":35,"column":6},"end":{"line":45,"column":null}},"8":{"start":{"line":36,"column":25},"end":{"line":36,"column":null}},"9":{"start":{"line":37,"column":24},"end":{"line":37,"column":null}},"10":{"start":{"line":38,"column":8},"end":{"line":44,"column":null}},"11":{"start":{"line":39,"column":10},"end":{"line":43,"column":null}},"12":{"start":{"line":47,"column":4},"end":{"line":47,"column":null}},"13":{"start":{"line":50,"column":26},"end":{"line":52,"column":null}},"14":{"start":{"line":51,"column":4},"end":{"line":51,"column":null}},"15":{"start":{"line":54,"column":26},"end":{"line":69,"column":null}},"16":{"start":{"line":55,"column":4},"end":{"line":55,"column":null}},"17":{"start":{"line":56,"column":4},"end":{"line":60,"column":null}},"18":{"start":{"line":60,"column":6},"end":{"line":60,"column":null}},"19":{"start":{"line":62,"column":23},"end":{"line":62,"column":null}},"20":{"start":{"line":63,"column":24},"end":{"line":63,"column":null}},"21":{"start":{"line":64,"column":4},"end":{"line":68,"column":null}},"22":{"start":{"line":65,"column":6},"end":{"line":65,"column":null}},"23":{"start":{"line":66,"column":6},"end":{"line":66,"column":null}},"24":{"start":{"line":67,"column":6},"end":{"line":67,"column":null}},"25":{"start":{"line":71,"column":24},"end":{"line":74,"column":null}},"26":{"start":{"line":72,"column":4},"end":{"line":72,"column":null}},"27":{"start":{"line":73,"column":4},"end":{"line":73,"column":null}},"28":{"start":{"line":76,"column":2},"end":{"line":188,"column":null}},"29":{"start":{"line":99,"column":34},"end":{"line":99,"column":null}},"30":{"start":{"line":100,"column":29},"end":{"line":100,"column":null}},"31":{"start":{"line":103,"column":18},"end":{"line":103,"column":null}},"32":{"start":{"line":104,"column":28},"end":{"line":104,"column":null}},"33":{"start":{"line":106,"column":16},"end":{"line":125,"column":null}},"34":{"start":{"line":107,"column":38},"end
[...]
ine":96,"column":null}},"59":{"start":{"line":97,"column":21},"end":{"line":97,"column":null}},"60":{"start":{"line":98,"column":21},"end":{"line":98,"column":null}},"61":{"start":{"line":99,"column":21},"end":{"line":99,"column":null}},"62":{"start":{"line":101,"column":21},"end":{"line":101,"column":null}},"63":{"start":{"line":102,"column":21},"end":{"line":102,"column":null}},"64":{"start":{"line":103,"column":10},"end":{"line":103,"column":null}},"65":{"start":{"line":103,"column":18},"end":{"line":103,"column":null}},"66":{"start":{"line":104,"column":10},"end":{"line":104,"column":null}},"67":{"start":{"line":104,"column":18},"end":{"line":104,"column":null}},"68":{"start":{"line":106,"column":6},"end":{"line":118,"column":null}},"69":{"start":{"line":107,"column":29},"end":{"line":107,"column":null}},"70":{"start":{"line":108,"column":19},"end":{"line":108,"column":null}},"71":{"start":{"line":109,"column":19},"end":{"line":109,"column":null}},"72":{"start":{"line":110,"column":19},"end":{"line":110,"column":null}},"73":{"start":{"line":111,"column":8},"end":{"line":111,"column":null}},"74":{"start":{"line":111,"column":16},"end":{"line":111,"column":null}},"75":{"start":{"line":112,"column":8},"end":{"line":112,"column":null}},"76":{"start":{"line":112,"column":16},"end":{"line":112,"column":null}},"77":{"start":{"line":113,"column":8},"end":{"line":113,"column":null}},"78":{"start":{"line":113,"column":16},"end":{"line":113,"column":null}},"79":{"start":{"line":114,"column":6},"end":{"line":118,"column":null}},"80":{"start":{"line":115,"column":25},"end":{"line":115,"column":null}},"81":{"start":{"line":116,"column":19},"end":{"line":116,"column":null}},"82":{"start":{"line":117,"column":8},"end":{"line":117,"column":null}},"83":{"start":{"line":117,"column":16},"end":{"line":117,"column":null}},"84":{"start":{"line":123,"column":2},"end":{"line":152,"column":null}},"85":{"start":{"line":124,"column":20},"end":{"line":124,"column":null}},"86":{"start":{"line":125,"column":4},"end":{"line":125,"column":null}},"87":{"start":{"line":125,"column":42},"end":{"line":125,"column":null}},"88":{"start":{"line":127,"column":22},"end":{"line":127,"column":null}},"89":{"start":{"line":128,"column":23},"end":{"line":128,"column":null}},"90":{"start":{"line":132,"column":4},"end":{"line":142,"column":null}},"91":{"start":{"line":132,"column":17},"end":{"line":132,"column":37}},"92":{"start":{"line":133,"column":6},"end":{"line":141,"column":null}},"93":{"start":{"line":137,"column":8},"end":{"line":137,"column":null}},"94":{"start":{"line":140,"column":8},"end":{"line":140,"column":null}},"95":{"start":{"line":144,"column":4},"end":{"line":151,"column":null}},"96":{"start":{"line":145,"column":6},"end":{"line":145,"column":null}},"97":{"start":{"line":146,"column":4},"end":{"line":151,"column":null}},"98":{"start":{"line":147,"column":6},"end":{"line":147,"column":null}},"99":{"start":{"line":150,"column":6},"end":{"line":150,"column":null}},"100":{"start":{"line":154,"column":2},"end":{"line":154,"column":null}}},"fnMap":{"0":{"name":"(anonymous_0)","decl":{"start":{"line":11,"column":34},"end":{"line":11,"column":null}},"loc":{"start":{"line":14,"column":5},"end":{"line":155,"column":null}},"line":14},"1":{"name":"(anonymous_1)","decl":{"start":{"line":20,"column":18},"end":{"line":20,"column":19}},"loc":{"start":{"line":20,"column":25},"end":{"line":24,"column":3}},"line":20},"2":{"name":"(anonymous_2)","decl":{"start":{"line":32,"column":47},"end":{"line":32,"column":48}},"loc":{"start":{"line":32,"column":57},"end":{"line":34,"column":3}},"line":32},"3":{"name":"(anonymous_3)","decl":{"start":{"line":36,"column":24},"end":{"line":36,"column":25}},"loc":{"start":{"line":36,"column":35},"end":{"line":120,"column":3}},"line":36},"4":{"name":"(anonymous_4)","decl":{"start":{"line":40,"column":25},"end":{"line":40,"column":26}},"loc":{"start":{"line":40,"column":42},"end":{"line":119,"column":5}},"line":40},"5":{"name":"(anonymous_5)","decl":{"start":{"line":43,"column":26},"end":{"line":43,"column":27}},"loc":{"start":{"line":43,"column":78},"end":{"line":79,"column":null}},"line":43},"6":{"name":"(anonymous_6)","decl":{"start":{"line":123,"column":18},"end":{"line":123,"column":19}},"loc":{"start":{"line":123,"column":25},"end":{"line":152,"column":3}},"line":123}},"branchMap":{"0":{"loc":{"start":{"line":27,"column":2},"end":{"line":29,"column":null}},"type":"if","locations":[{"start":{"line":27,"column":2},"end":{"line":29,"column":null}},{"start":{},"end":{}}],"line":27},"1":{"loc":{"start":{"line":27,"column":6},"end":{"line":27,"column":50}},"type":"binary-expr","locations":[{"start":{"line":27,"column":6},"end":{"line":27,"column":23}},{"start":{"line":27,"column":23},"end":{"line":27,"column":50}}],"line":27},"2":{"loc":{"start":{"line":38,"column":4},"end":{"line":38,"column":null}},"type":"if","locations":[{"start":{"line":38,"column":4},"end":{"line":38,"column":null}},{"start":{},"end":{}}],"line":38},"3":{"loc":{"start":{"line":44,"column":8},"end":{"line":44,"column":null}},"type":"if","locations":[{"start":{"line":44,"column":8},"end":{"line":44,"column":null}},{"start":{},"end":{}}],"line":44},"4":{"loc":{"start":{"line":44,"column":12},"end":{"line":44,"column":50}},"type":"binary-expr","locations":[{"start":{"line":44,"column":12},"end":{"line":44,"column":19}},{"start":{"line":44,"column":19},"end":{"line":44,"column":26}},{"start":{"line":44,"column":26},"end":{"line":44,"column":39}},{"start":{"line":44,"column":39},"end":{"line":44,"column":50}}],"line":44},"5":{"loc":{"start":{"line":47,"column":8},"end":{"line":47,"column":null}},"type":"if","locations":[{"start":{"line":47,"column":8},"end":{"line":47,"column":null}},{"start":{},"end":{}}],"line":47},"6":{"loc":{"start":{"line":47,"column":12},"end":{"line":47,"column":44}},"type":"binary-expr","locations":[{"start":{"line":47,"column":12},"end":{"line":47,"column":29}},{"start":{"line":47,"column":29},"end":{"line":47,"column":44}}],"line":47},"7":{"loc":{"start":{"line":53,"column":8},"end":{"line":53,"column":null}},"type":"if","locations":[{"start":{"line":53,"column":8},"end":{"line":53,"column":null}},{"start":{},"end":{}}],"line":53},"8":{"loc":{"start":{"line":54,"column":8},"end":{"line":54,"column":null}},"type":"if","locations":[{"start":{"line":54,"column":8},"end":{"line":54,"column":null}},{"start":{},"end":{}}],"line":54},"9":{"loc":{"start":{"line":56,"column":8},"end":{"line":78,"column":null}},"type":"if","locations":[{"start":{"line":56,"column":8},"end":{"line":78,"column":null}},{"start":{"line":65,"column":8},"end":{"line":78,"column":null}}],"line":56},"10":{"loc":{"start":{"line":57,"column":10},"end":{"line":60,"column":null}},"type":"if","locations":[{"start":{"line":57,"column":10},"end":{"line":60,"column":null}},{"start":{},"end":{}}],"line":57},"11":{"loc":{"start":{"line":61,"column":10},"end":{"line":64,"column":null}},"type":"if","locations":[{"start":{"line":61,"column":10},"end":{"line":64,"column":null}},{"start":{},"end":{}}],"line":61},"12":{"loc":{"start":{"line":65,"column":8},"end":{"line":78,"column":null}},"type":"if","locations":[{"start":{"line":65,"column":8},"end":{"line":78,"column":null}},{"start":{"line":74,"column":15},"end":{"line":78,"column":null}}],"line":65},"13":{"loc":{"start":{"line":66,"column":10},"end":{"line":69,"column":null}},"type":"if","locations":[{"start":{"line":66,"column":10},"end":{"line":69,"column":null}},{"start":{},"end":{}}],"line":66},"14":{"loc":{"start":{"line":70,"column":10},"end":{"line":73,"column":null}},"type":"if","locations":[{"start":{"line":70,"column":10},"end":{"line":73,"column":null}},{"start":{},"end":{}}],"line":70},"15":{"loc":{"start":{"line":76,"column":10},"end":{"line":76,"column":null}},"type":"if","locations":[{"start":{"line":76,"column":10},"end":{"line":76,"column":null}},{"start":{},"end":{}}],"line":76},"16":{"loc":{"start":{"line":77,"column":10},"end":{"line":77,"column":null}},"type":"if","locations":[{"start":{"line":77,"column":10},"end":{"line":77,"column":null}},{"start":{},"end":{}}],"line":77},"17":{"loc":{"start":{"line":81,"column":6},"end":{"line":118,"column":null}},"type":"if","locations":[{"start":{"line":81,"column":6},"end":{"line":118,"column":null}},{"start":{"line":106,"column":6},"end":{"line":118,"column":null}}],"line":81},"18":{"loc":{"start":{"line":85,"column":8},"end":{"line":85,"column":null}},"type":"if","locations":[{"start":{"line":85,"column":8},"end":{"line":85,"column":null}},{"start":{},"end":{}}],"line":85},"19":{"loc":{"start":{"line":86,"column":8},"end":{"line":86,"column":null}},"type":"if","locations":[{"start":{"line":86,"column":8},"end":{"line":86,"column":null}},{"start":{},"end":{}}],"line":86},"20":{"loc":{"start":{"line":88,"column":8},"end":{"line":105,"column":null}},"type":"if","locations":[{"start":{"line":88,"column":8},"end":{"line":105,"column":null}},{"start":{},"end":{}}],"line":88},"21":{"loc":{"start":{"line":89,"column":10},"end":{"line":94,"column":null}},"type":"binary-expr","locations":[{"start":{"line":89,"column":10},"end":{"line":89,"column":null}},{"start":{"line":90,"column":10},"end":{"line":90,"column":null}},{"start":{"line":91,"column":10},"end":{"line":91,"column":null}},{"start":{"line":92,"column":10},"end":{"line":92,"column":null}},{"start":{"line":93,"column":10},"end":{"line":93,"column":null}},{"start":{"line":94,"column":10},"end":{"line":94,"column":null}}],"line":89},"22":{"loc":{"start":{"line":96,"column":21},"end":{"line":96,"column":null}},"type":"cond-expr","locations":[{"start":{"line":96,"column":65},"end":{"line":96,"column":70}},{"start":{"line":96,"column":70},"end":{"line":96,"column":null}}],"line":96},"23":{"loc":{"start":{"line":97,"column":21},"end":{"line":97,"column":null}},"type":"cond-expr","locations":[{"start":{"line":97,"column":65},"end":{"line":97,"column":71}},{"start":{"line":97,"column":71},"end":{"line":97,"column":null}}],"line":97},"24":{"loc":{"start":{"line":98,"column":21},"end":{"line":98,"column":null}},"type":"cond-expr","locations":[{"start":{"line":98,"column":65},"end":{"line":98,"column":71}},{"start":{"line":98,"column":71},"end":{"line":98,"column":null}}],"line":98},"25":{"loc":{"start":{"line":99,"column":21},"end":{"line":99,"column":null}},"type":"cond-expr","locations":[{"start":{"line":99,"column":65},"end":{"line":99,"column":70}},{"start":{"line":99,"column":70},"end":{"line":99,"column":null}}],"line":99},"26":{"loc":{"start":{"line":103,"column":10},"end":{"line":103,"column":null}},"type":"if","locations":[{"start":{"line":103,"column":10},"end":{"line":103,"column":null}},{"start":{},"end":{}}],"line":103},"27":{"loc":{"start":{"line":104,"column":10},"end":{"line":104,"column":null}},"type":"if","locations":[{"start":{"line":104,"column":10},"end":{"line":104,"column":null}},{"start":{},"end":{}}],"line":104},"28":{"loc":{"start":{"line":106,"column":6},"end":{"line":118,"column":null}},"type":"if","locations":[{"start":{"line":106,"column":6},"end":{"line":118,"column":null}},{"start":{"line":114,"column":6},"end":{"line":118,"column":null}}],"line":106},"29":{"loc":{"start":{"line":111,"column":8},"end":{"line":111,"column":null}},"type":"if","locations":[{"start":{"line":111,"column":8},"end":{"line":111,"column":null}},{"start":{},"end":{}}],"line":111},"30":{"loc":{"start":{"line":112,"column":8},"end":{"line":112,"column":null}},"type":"if","locations":[{"start":{"line":112,"column":8},"end":{"line":112,"column":null}},{"start":{},"end":{}}],"line":112},"31":{"loc":{"start":{"line":113,"column":8},"end":{"line":113,"column":null}},"type":"if","locations":[{"start":{"line":113,"column":8},"end":{"line":113,"column":null}},{"start":{},"end":{}}],"line":113},"32":{"loc":{"start":{"line":114,"column":6},"end":{"line":118,"column":null}},"type":"if","locations":[{"start":{"line":114,"column":6},"end":{"line":118,"column":null}},{"start":{},"end":{}}],"line":114},"33":{"loc":{"start":{"line":117,"column":8},"end":{"line":117,"column":null}},"type":"if","locations":[{"start":{"line":117,"column":8},"end":{"line":117,"column":null}},{"start":{},"end":{}}],"line":117},"34":{"loc":{"start":{"line":125,"column":4},"end":{"line":125,"column":null}},"type":"if","locations":[{"start":{"line":125,"column":4},"end":{"line":125,"column":null}},{"start":{},"end":{}}],"line":125},"35":{"loc":{"start":{"line":125,"column":8},"end":{"line":125,"column":42}},"type":"binary-expr","locations":[{"start":{"line":125,"column":8},"end":{"line":125,"column":20}},{"start":{"line":125,"column":20},"end":{"line":125,"column":42}}],"line":125},"36":{"loc":{"start":{"line":133,"column":6},"end":{"line":141,"column":null}},"type":"if","locations":[{"start":{"line":133,"column":6},"end":{"line":141,"column":null}},{"start":{"line":138,"column":13},"end":{"line":141,"column":null}}],"line":133},"37":{"loc":{"start":{"line":134,"column":8},"end":{"line":135,"column":null}},"type":"binary-expr","locations":[{"start":{"line":134,"column":8},"end":{"line":134,"column":null}},{"start":{"line":135,"column":9},"end":{"line":135,"column":31}},{"start":{"line":135,"column":31},"end":{"line":135,"column":null}}],"line":134},"38":{"loc":{"start":{"line":144,"column":4},"end":{"line":151,"column":null}},"type":"if","locations":[{"start":{"line":144,"column":4},"end":{"line":151,"column":null}},{"start":{"line":146,"column":4},"end":{"line":151,"column":null}}],"line":144},"39":{"loc":{"start":{"line":146,"column":4},"end":{"line":151,"column":null}},"type":"if","locations":[{"start":{"line":146,"column":4},"end":{"line":151,"column":null}},{"start":{"line":148,"column":11},"end":{"line":151,"column":null}}],"line":146}},"s":{"0":4,"1":22,"2":22,"3":22,"4":22,"5":2,"6":2,"7":2,"8":22,"9":22,"10":0,"11":0,"12":0,"13":0,"14":0,"15":0,"16":0,"17":0,"18":0,"19":0,"20":0,"21":0,"22":0,"23":0,"24":0,"25":0,"26":0,"27":0,"28":0,"29":0,"30":0,"31":0,"32":0,"33":0,"34":0,"35":0,"36":0,"37":0,"38":0,"39":0,"40":0,"41":0,"42":0,"43":0,"44":0,"45":0,"46":0,"47":0,"48":0,"49":0,"50":0,"51":0,"52":0,"53":0,"54":0,"55":0,"56":0,"57":0,"58":0,"59":0,"60":0,"61":0,"62":0,"63":0,"64":0,"65":0,"66":0,"67":0,"68":0,"69":0,"70":0,"71":0,"72":0,"73":0,"74":0,"75":0,"76":0,"77":0,"78":0,"79":0,"80":0,"81":0,"82":0,"83":0,"84":0,"85":0,"86":0,"87":0,"88":0,"89":0,"90":0,"91":0,"92":0,"93":0,"94":0,"95":0,"96":0,"97":0,"98":0,"99":0,"100":0},"f":{"0":22,"1":2,"2":0,"3":0,"4":0,"5":0,"6":0},"b":{"0":[22,0],"1":[22,22],"2":[0,0],"3":[0,0],"4":[0,0,0,0],"5":[0,0],"6":[0,0],"7":[0,0],"8":[0,0],"9":[0,0],"10":[0,0],"11":[0,0],"12":[0,0],"13":[0,0],"14":[0,0],"15":[0,0],"16":[0,0],"17":[0,0],"18":[0,0],"19":[0,0],"20":[0,0],"21":[0,0,0,0,0,0],"22":[0,0],"23":[0,0],"24":[0,0],"25":[0,0],"26":[0,0],"27":[0,0],"28":[0,0],"29":[0,0],"30":[0,0],"31":[0,0],"32":[0,0],"33":[0,0],"34":[0,0],"35":[0,0],"36":[0,0],"37":[0,0,0],"38":[0,0],"39":[0,0]},"meta":{"lastBranch":40,"lastFunction":7,"lastStatement":101,"seen":{"s:11:34:155:Infinity":0,"f:11:34:11:Infinity":0,"s:15:45:15:Infinity":1,"s:16:43:16:Infinity":2,"s:17:56:17:Infinity":3,"s:20:2:24:Infinity":4,"f:20:18:20:19":1,"s:21:4:21:Infinity":5,"s:22:4:22:Infinity":6,"s:23:4:23:Infinity":7,"b:27:2:29:Infinity:undefined:undefined:undefined:undefined":0,"s:27:2:29:Infinity":8,"b:27:6:27:23:27:23:27:50":1,"s:28:4:28:Infinity":9,"s:32:24:34:Infinity":10,"f:32:47:32:48":2,"s:33:4:33:Infinity":11,"s:36:2:120:Infinity":12,"f:36:24:36:25":3,"s:37:19:37:Infinity":13,"b:38:4:38:Infinity:undefined:undefined:undefined:undefined":2,"s:38:4:38:Infinity":14,"s:38:23:38:Infinity":15,"s:40:4:119:Infinity":16,"f:40:25:40:26":4,"s:41:19:41:Infinity":17,"s:43:26:79:Infinity":18,"f:43:26:43:27":5,"b:44:8:44:Infinity:undefined:undefined:undefined:undefined":3,"s:44:8:44:Infinity":19,"b:44:12:44:19:44:19:44:26:44:26:44:39:44:39:44:50":4,"s:44:50:44:Infinity":20,"s:45:23:45:Infinity":21,"s:46:23:46:Infinity":22,"b:47:8:47:Infinity:undefined:undefined:undefined:undefined":5,"s:47:8:47:Infinity":23,"b:47:12:47:29:47:29:47:44":6,"s:47:44:47:Infinity":24,"s:50:25:50:Infinity":25,"s:51:25:51:Infinity":26,"b:53:8:53:Infinity:undefined:undefined:undefined:undefined":7,"s:53:8:53:Infinity":27,"s:53:22:53:Infinity":28,"b:54:8:54:Infinity:undefined:undefined:undefined:undefined":8,"s:54:8:54:Infinity":29,"s:54:22:54:Infinity":30,"b:56:8:78:Infinity:65:8:78:Infinity":9,"s:56:8:78:Infinity":31,"b:57:10:60:Infinity:undefined:undefined:undefined:undefined":10,"s:57:10:60:Infinity":32,"s:58:12:58:Infinity":33,"s:59:12:59:Infinity":34,"b:61:10:64:Infinity:undefined:undefined:undefined:undefined":11,"s:61:10:64:Infinity":35,"s:62:12:62:Infinity":36,"s:63:12:63:Infinity":37,"b:65:8:78:Infinity:74:15:78:Infinity":12,"s:65:8:78:Infinity":38,"b:66:10:69:Infinity:undefined:undefined:undefined:undefined":13,"s:66:10:69:Infinity":39,"s:67:12:67:Infinity":40,"s:68:12:68:Infinity":41,"b:70:10:73:Infinity:undefined:undefined:undefined:undefined":14,"s:70:10:73:Infinity":42,"s:71:12:71:Infinity":43,"s:72:12:72:Infinity":44,"b:76:10:76:Infinity:undefined:undefined:undefined:undefined":15,"s:76:10:76:Infinity":45,"s:76:24:76:Infinity":46,"b:77:10:77:Infinity:undefined:undefined:undefined:undefined":16,"s:77:10:77:Infinity":47,"s:77:24:77:Infinity":48,"b:81:6:118:Infinity:106:6:118:Infinity":17,"s:81:6:118:Infinity":49,"s:82:33:82:Infinity":50,"s:83:19:83:Infinity":51,"s:84:19:84:Infinity":52,"b:85:8:85:Infinity:undefined:undefined:undefined:undefined":18,"s:85:8:85:Infinity":53,"s:85:16:85:Infinity":54,"b:86:8:86:Infinity:undefined:undefined:undefined:undefined":19,"s:86:8:86:Infinity":55,"s:86:16:86:Infinity":56,"b:88:8:105:Infinity:undefined:undefined:undefined:undefined":20,"s:88:8:105:Infinity":57,"b:89:10:89:Infinity:90:10:90:Infinity:91:10:91:Infinity:92:10:92:Infinity:93:10:93:Infinity:94:10:94:Infinity":21,"s:96:21:96:Infinity":58,"b:96:65:96:70:96:70:96:Infinity":22,"s:97:21:97:Infinity":59,"b:97:65:97:71:97:71:97:Infinity":23,"s:98:21:98:Infinity":60,"b:98:65:98:71:98:71:98:Infinity":24,"s:99:21:99:Infinity":61,"b:99:65:99:70:99:70:99:Infinity":25,"s:101:21:101:Infinity":62,"s:102:21:102:Infinity":63,"b:103:10:103:Infinity:undefined:undefined:undefined:undefined":26,"s:103:10:103:Infinity":64,"s:103:18:103:Infinity":65,"b:104:10:104:Infinity:undefined:undefined:undefined:undefined":27,"s:104:10:104:Infinity":66,"s:104:18:104:Infinity":67,"b:106:6:118:Infinity:114:6:118:Infinity":28,"s:106:6:118:Infinity":68,"s:107:29:107:Infinity":69,"s:108:19:108:Infinity":70,"s:109:19:109:Infinity":71,"s:110:19:110:Infinity":72,"b:111:8:111:Infinity:undefined:undefined:undefined:undefined":29,"s:111:8:111:Infinity":73,"s:111:16:111:Infinity":74,"b:112:8:112:Infinity:undefined:undefined:undefined:undefined":30,"s:112:8:112:Infinity":75,"s:112:16:112:Infinity":76,"b:113:8:113:Infinity:undefined:undefined:undefined:undefined":31,"s:113:8:113:Infinity":77,"s:113:16:113:Infinity":78,"b:114:6:118:Infinity:undefined:undefined:undefined:undefined":32,"s:114:6:118:Infinity":79,"s:115:25:115:Infinity":80,"s:116:19:116:Infinity":81,"b:117:8:117:Infinity:undefined:undefined:undefined:undefined":33,"s:117:8:117:Infinity":82,"s:117:16:117:Infinity":83,"s:123:2:152:Infinity":84,"f:123:18:123:19":6,"s:124:20:124:Infinity":85,"b:125:4:125:Infinity:undefined:undefined:undefined:undefined":34,"s:125:4:125:Infinity":86,"b:125:8:125:20:125:20:125:42":35,"s:125:42:125:Infinity":87,"s:127:22:127:Infinity":88,"s:128:23:128:Infinity":89,"s:132:4:142:Infinity":90,"s:132:17:132:37":91,"b:133:6:141:Infinity:138:13:141:Infinity":36,"s:133:6:141:Infinity":92,"b:134:8:134:Infinity:135:9:135:31:135:31:135:Infinity":37,"s:137:8:137:Infinity":93,"s:140:8:140:Infinity":94,"b:144:4:151:Infinity:146:4:151:Infinity":38,"s:144:4:151:Infinity":95,"s:145:6:145:Infinity":96,"b:146:4:151:Infinity:148:11:151:Infinity":39,"s:146:4:151:Infinity":97,"s:147:6:147:Infinity":98,"s:150:6:150:Infinity":99,"s:154:2:154:Infinity":100}}}
}
