{"B:\\GitHub\\league-master\\src\\App.tsx": {"path":"B:\\GitHub\\league-master\\src\\App.tsx","statementMap":{"0":{"start":{"line":24,"column":29},"end":{"line":562,"column":null}},"1":{"start":{"line":25,"column":8},"end":{"line":25,"column":null}},"2":{"start":{"line":25,"column":42},"end":{"line":25,"column":55}},"3":{"start":{"line":26,"column":8},"end":{"line":26,"column":null}},"4":{"start":{"line":26,"column":47},"end":{"line":26,"column":63}},"5":{"start":{"line":27,"column":8},"end":{"line":27,"column":null}},"6":{"start":{"line":27,"column":52},"end":{"line":27,"column":73}},"7":{"start":{"line":28,"column":8},"end":{"line":30,"column":null}},"8":{"start":{"line":29,"column":15},"end":{"line":29,"column":null}},"9":{"start":{"line":31,"column":8},"end":{"line":31,"column":null}},"10":{"start":{"line":31,"column":47},"end":{"line":31,"column":63}},"11":{"start":{"line":32,"column":8},"end":{"line":32,"column":null}},"12":{"start":{"line":32,"column":52},"end":{"line":32,"column":73}},"13":{"start":{"line":33,"column":8},"end":{"line":35,"column":null}},"14":{"start":{"line":34,"column":15},"end":{"line":34,"column":null}},"15":{"start":{"line":36,"column":60},"end":{"line":37,"column":null}},"16":{"start":{"line":38,"column":26},"end":{"line":38,"column":null}},"17":{"start":{"line":39,"column":28},"end":{"line":39,"column":null}},"18":{"start":{"line":40,"column":67},"end":{"line":41,"column":null}},"19":{"start":{"line":43,"column":32},"end":{"line":43,"column":null}},"20":{"start":{"line":44,"column":32},"end":{"line":44,"column":null}},"21":{"start":{"line":45,"column":28},"end":{"line":45,"column":null}},"22":{"start":{"line":46,"column":46},"end":{"line":46,"column":null}},"23":{"start":{"line":47,"column":38},"end":{"line":47,"column":null}},"24":{"start":{"line":48,"column":26},"end":{"line":48,"column":null}},"25":{"start":{"line":49,"column":32},"end":{"line":49,"column":null}},"26":{"start":{"line":50,"column":28},"end":{"line":50,"column":null}},"27":{"start":{"line":51,"column":46},"end":{"line":53,"column":null}},"28":{"start":{"line":55,"column":26},"end":{"line":55,"column":null}},"29":{"start":{"line":56,"column":8},"end":{"line":56,"column":null}},"30":{"start":{"line":59,"column":22},"end":{"line":64,"column":null}},"31":{"start":{"line":64,"column":7},"end":{"line":64,"column":null}},"32":{"start":{"line":66,"column":22},"end":{"line":67,"column":null}},"33":{"start":{"line":67,"column":4},"end":{"line":67,"column":null}},"34":{"start":{"line":69,"column":25},"end":{"line":70,"column":null}},"35":{"start":{"line":70,"column":4},"end":{"line":70,"column":null}},"36":{"start":{"line":72,"column":24},"end":{"line":83,"column":null}},"37":{"start":{"line":78,"column":4},"end":{"line":83,"column":null}},"38":{"start":{"line":85,"column":20},"end":{"line":127,"column":null}},"39":{"start":{"line":90,"column":4},"end":{"line":90,"column":null}},"40":{"start":{"line":91,"column":4},"end":{"line":91,"column":null}},"41":{"start":{"line":93,"column":4},"end":{"line":96,"column":null}},"42":{"start":{"line":94,"column":6},"end":{"line":94,"column":null}},"43":{"start":{"line":95,"column":6},"end":{"line":95,"column":null}},"44":{"start":{"line":98,"column":4},"end":{"line":126,"column":null}},"45":{"start":{"line":99,"column":19},"end":{"line":103,"column":null}},"46":{"start":{"line":105,"column":6},"end":{"line":105,"column":null}},"47":{"start":{"line":106,"column":6},"end":{"line":106,"column":null}},"48":{"start":{"line":107,"column":6},"end":{"line":107,"column":null}},"49":{"start":{"line":108,"column":6},"end":{"line":108,"column":null}},"50":{"start":{"line":109,"column":6},"end":{"line":109,"column":null}},"51":{"start":{"line":110,"column":6},"end":{"line":110,"column":null}},"52":{"start":{"line":111,"column":6},"end":{"line":111,"column":null}},"53":{"start":{"line":112,"column":6},"end":{"line":112,"column":null}},"54":{"start":{"line":114,"column":6},"end":{"line":116,"column":null}},"55":{"start":{"line":115,"column":8},"end":{"line":115,"column":null}},"56":{"start":{"line":118,"column":6},"end":{"line":123,"column":null}},"57":{"start":{"line":119,"column":8},"end":{"line":119,"column":null}},"58":{"start":{"line":121,"column":20},"end":{"line":121,"column":null}},"59":{"start":{"line":122,"column":8},"end":{"line":122,"column":null}},"60":{"start":{"line":125,"column":6},"end":{"line":125,"column":null}},"61":{"start":{"line":129,"column":2},"end":{"line":166,"column":null}},"62":{"start":{"line":130,"column":4},"end":{"line":130,"column":null}},"63":{"start":{"line":132,"column":4},"end":{"line":132,"column":null}},"64":{"start":{"line":132,"column":19},"end":{"line":132,"column":null}},"65":{"start":{"line":135,"column":4},"end":{"line":139,"column":null}},"66":{"start":{"line":136,"column":6},"end":{"line":138,"column":null}},"67":{"start":{"line":137,"column":8},"end":{"line":137,"column":null}},"68":{"start":{"line":143,"column":8},"end":{"line":163,"column":null}},"69":{"start":{"line":144,"column":6},"end":{"line":144,"column":null}},"70":{"start":{"line":147,"column":6},"end":{"line":162,"column":null}},"71":{"start":{"line":148,"column":8},"end":{"line":148,"column":null}},"72":{"start":{"line":149,"column":8},"end":{"line":149,"column":null}},"73":{"start":{"line":150,"column":8},"end":{"line":150,"column":null}},"74":{"start":{"line":152,"column":8},"end":{"line":152,"column":null}},"75":{"start":{"line":153,"column":6},"end":{"line":162,"column":null}},"76":{"start":{"line":154,"column":8},"end":{"line":154,"column":null}},"77":{"start":{"line":155,"column":8},"end":{"line":155,"column":null}},"78":{"start":{"line":156,"column":8},"end":{"line":156,"column":null}},"79":{"start":{"line":158,"column":8},"end":{"line":158,"column":null}},"80":{"start":{"line":159,"column":6},"end":{"line":162,"column":null}},"81":{"start":{"line":161,"column":8},"end":{"line":161,"column":null}},"82":{"start":{"line":165,"column":4},"end":{"line":165,"column":null}},"83":{"start":{"line":165,"column":17},"end":{"line":165,"column":null}},"84":{"start":{"line":168,"column":27},"end":{"line":192,"column":null}},"85":{"start":{"line":169,"column":4},"end":{"line":169,"column":null}},"86":{"start":{"line":169,"column":46},"end":{"line":169,"column":null}},"87":{"start":{"line":171,"column":4},"end":{"line":191,"column":null}},"88":{"start":{"line":172,"column":6},"end":{"line":186,"column":null}},"89":{"start":{"line":173,"column":37},"end":{"line":173,"column":null}},"90":{"start":{"line":174,"column":8},"end":{"line":182,"column":null}},"91":{"start":{"line":175,"column":10},"end":{"line":181,"column":null}},"92":{"start":{"line":176,"column":30},"end":{"line":176,"column":null}},"93":{"start":{"line":177,"column":12},"end":{"line":177,"column":null}},"94":{"start":{"line":179,"column":12},"end":{"line":179,"column":null}},"95":{"start":{"line":180,"column":12},"end":{"line":180,"column":null}},"96":{"start":{"line":183,"column":8},"end":{"line":183,"column":null}},"97":{"start":{"line":183,"column":29},"end":{"line":183,"column":53}},"98":{"start":{"line":184,"column":8},"end":{"line":184,"column":null}},"99":{"start":{"line":185,"column":8},"end":{"line":185,"column":null}},"100":{"start":{"line":188,"column":6},"end":{"line":190,"column":null}},"101":{"start":{"line":189,"column":8},"end":{"line":189,"column":null}},"102":{"start":{"line":194,"column":34},"end":{"line":209,"column":null}},"103":{"start":{"line":195,"column":4},"end":{"line":195,"column":null}},"104":{"start":{"line":195,"column":46},"end":{"line":195,"column":null}},"105":{"start":{"line":197,"column":4},"end":{"line":208,"column":null}},"106":{"start":{"line":198,"column":6},"end":{"line":203,"column":null}},"107":{"start":{"line":199,"column":26},"end":{"line":199,"column":null}},"108":{"start":{"line":200,"column":8},"end":{"line":200,"column":null}},"109":{"start":{"line":200,"column":29},"end":{"line":200,"column":49}},"110":{"start":{"line":201,"column":8},"end":{"line":201,"column":null}},"111":{"start":{"line":202,"column":8},"end":{"line":202,"column":null}},"112":{"start":{"line":205,"column":6},"end":{"line":207,"column":null}},"113":{"start":{"line":206,"column":8},"end":{"line":206,"column":null}},"114":{"start":{"line":211,"column":29},"end":{"line":231,"column":null}},"115":{"start":{"line":212,"column":4},"end":{"line":212,"column":null}},"116":{"start":{"line":212,"column":46},"end":{"line":212,"column":null}},"117":{"start":{"line":214,"column":4},"end":{"line":230,"column":null}},"118":{"start":{"line":215,"column":6},"end":{"line":225,"column":null}},"119":{"start":{"line":216,"column":8},"end":{"line":216,"column":null}},"120":{"start":{"line":217,"column":8},"end":{"line":221,"column":null}},"121":{"start":{"line":218,"column":25},"end":{"line":218,"column":null}},"122":{"start":{"line":219,"column":10},"end":{"line":219,"column":null}},"123":{"start":{"line":220,"column":10},"end":{"line":220,"column":null}},"124":{"start":{"line":222,"column":8},"end":{"line":222,"column":null}},"125":{"start":{"line":222,"column":29},"end":{"line":222,"column":66}},"126":{"start":{"line":222,"column":48},"end":{"line":222,"column":65}},"127":{"start":{"line":223,"column":8},"end":{"line":223,"column":null}},"128":{"start":{"line":224,"column":8},"end":{"line":224,"column":null}},"129":{"start":{"line":227,"column":6},"end":{"line":229,"column":null}},"130":{"start":{"line":228,"column":8},"end":{"line":228,"column":null}},"131":{"start":{"line":233,"column":29},"end":{"line":250,"column":null}},"132":{"start":{"line":234,"column":4},"end":{"line":234,"column":null}},"133":{"start":{"line":234,"column":46},"end":{"line":234,"column":null}},"134":{"start":{"line":236,"column":4},"end":{"line":249,"column":null}},"135":{"start":{"line":237,"column":6},"end":{"line":244,"column":null}},"136":{"start":{"line":238,"column":24},"end":{"line":238,"column":null}},"137":{"start":{"line":239,"column":8},"end":{"line":241,"column":null}},"138":{"start":{"line":240,"column":10},"end":{"line":240,"column":null}},"139":{"start":{"line":240,"column":27},"end":{"line":240,"column":61}},"140":{"start":{"line":242,"column":8},"end":{"line":242,"column":null}},"141":{"start":{"line":243,"column":8},"end":{"line":243,"column":null}},"142":{"start":{"line":246,"column":6},"end":{"line":248,"column":null}},"143":{"start":{"line":247,"column":8},"end":{"line":247,"column":null}},"144":{"start":{"line":252,"column":30},"end":{"line":274,"column":null}},"145":{"start":{"line":256,"column":4},"end":{"line":256,"column":null}},"146":{"start":{"line":256,"column":66},"end":{"line":256,"column":null}},"147":{"start":{"line":258,"column":4},"end":{"line":273,"column":null}},"148":{"start":{"line":259,"column":6},"end":{"line":268,"column":null}},"149":{"start":{"line":260,"column":8},"end":{"line":265,"column":null}},"150":{"start":{"line":266,"column":8},"end":{"line":266,"column":null}},"151":{"start":{"line":267,"column":8},"end":{"line":267,"column":null}},"152":{"start":{"line":270,"column":6},"end":{"line":272,"column":null}},"153":{"start":{"line":271,"column":8},"end":{"line":271,"column":null}},"154":{"start":{"line":276,"column":28},"end":{"line":300,"column":null}},"155":{"start":{"line":281,"column":4},"end":{"line":281,"column":null}},"156":{"start":{"line":281,"column":46},"end":{"line":281,"column":null}},"157":{"start":{"line":283,"column":4},"end":{"line":299,"column":null}},"158":{"start":{"line":284,"column":6},"end":{"line":294,"column":null}},"159":{"start":{"line":285,"column":25},"end":{"line":290,"column":null}},"160":{"start":{"line":291,"column":8},"end":{"line":291,"column":null}},"161":{"start":{"line":291,"column":28},"end":{"line":291,"column":47}},"162":{"start":{"line":292,"column":8},"end":{"line":292,"column":null}},"163":{"start":{"line":293,"column":8},"end":{"line":293,"column":null}},"164":{"start":{"line":296,"column":6},"end":{"line":298,"column":null}},"165":{"start":{"line":297,"column":8},"end":{"line":297,"column":null}},"166":{"start":{"line":302,"column":28},"end":{"line":317,"column":null}},"167":{"start":{"line":303,"column":4},"end":{"line":303,"column":null}},"168":{"start":{"line":303,"column":26},"end":{"line":303,"column":null}},"169":{"start":{"line":305,"column":4},"end":{"line":316,"column":null}},"170":{"start":{"line":306,"column":6},"end":{"line":311,"column":null}},"171":{"start":{"line":307,"column":8},"end":{"line":307,"column":null}},"172":{"start":{"line":308,"column":8},"end":{"line":308,"column":null}},"173":{"start":{"line":308,"column":28},"end":{"line":308,"column":59}},"174":{"start":{"line":308,"column":47},"end":{"line":308,"column":58}},"175":{"start":{"line":309,"column":8},"end":{"line":309,"column":null}},"176":{"start":{"line":310,"column":8},"end":{"line":310,"column":null}},"177":{"start":{"line":313,"column":6},"end":{"line":315,"column":null}},"178":{"start":{"line":314,"column":8},"end":{"line":314,"column":null}},"179":{"start":{"line":319,"column":31},"end":{"line":343,"column":null}},"180":{"start":{"line":320,"column":4},"end":{"line":320,"column":null}},"181":{"start":{"line":320,"column":26},"end":{"line":320,"column":null}},"182":{"start":{"line":322,"column":4},"end":{"line":342,"column":null}},"183":{"start":{"line":323,"column":6},"end":{"line":337,"column":null}},"184":{"start":{"line":324,"column":29},"end":{"line":324,"column":null}},"185":{"start":{"line":325,"column":8},"end":{"line":332,"column":null}},"186":{"start":{"line":326,"column":10},"end":{"line":331,"column":null}},"187":{"start":{"line":327,"column":25},"end":{"line":327,"column":56}},"188":{"start":{"line":329,"column":14},"end":{"line":329,"column":null}},"189":{"start":{"line":329,"column":41},"end":{"line":329,"column":null}},"190":{"start":{"line":330,"column":14},"end":{"line":330,"column":null}},"191":{"start":{"line":333,"column":8},"end":{"line":335,"column":null}},"192":{"start":{"line":336,"column":8},"end":{"line":336,"column":null}},"193":{"start":{"line":339,"column":6},"end":{"line":341,"column":null}},"194":{"start":{"line":340,"column":8},"end":{"line":340,"column":null}},"195":{"start":{"line":345,"column":24},"end":{"line":485,"column":null}},"196":{"start":{"line":346,"column":4},"end":{"line":350,"column":null}},"197":{"start":{"line":347,"column":6},"end":{"line":350,"column":null}},"198":{"start":{"line":353,"column":4},"end":{"line":384,"column":null}},"199":{"start":{"line":354,"column":6},"end":{"line":384,"column":null}},"200":{"start":{"line":373,"column":29},"end":{"line":373,"column":null}},"201":{"start":{"line":379,"column":29},"end":{"line":379,"column":null}},"202":{"start":{"line":387,"column":4},"end":{"line":483,"column":null}},"203":{"start":{"line":393,"column":14},"end":{"line":393,"column":null}},"204":{"start":{"line":394,"column":14},"end":{"line":394,"column":null}},"205":{"start":{"line":410,"column":14},"end":{"line":414,"column":null}},"206":{"start":{"line":415,"column":14},"end":{"line":415,"column":null}},"207":{"start":{"line":430,"column":14},"end":{"line":430,"column":null}},"208":{"start":{"line":431,"column":14},"end":{"line":431,"column":null}},"209":{"start":{"line":452,"column":14},"end":{"line":452,"column":null}},"210":{"start":{"line":453,"column":14},"end":{"line":453,"column":null}},"211":{"start":{"line":460,"column":31},"end":{"line":460,"column":null}},"212":{"start":{"line":468,"column":14},"end":{"line":468,"column":null}},"213":{"start":{"line":469,"column":14},"end":{"line":469,"column":null}},"214":{"start":{"line":474,"column":31},"end":{"line":474,"column":null}},"215":{"start":{"line":475,"column":46},"end":{"line":475,"column":null}},"216":{"start":{"line":487,"column":2},"end":{"line":560,"column":null}},"217":{"start":{"line":492,"column":10},"end":{"line":492,"column":null}},"218":{"start":{"line":493,"column":10},"end":{"line":493,"column":null}},"219":{"start":{"line":499,"column":31},"end":{"line":499,"column":null}},"220":{"start":{"line":500,"column":42},"end":{"line":500,"column":null}},"221":{"start":{"line":501,"column":42},"end":{"line":501,"column":null}},"222":{"start":{"line":509,"column":14},"end":{"line":509,"column":null}},"223":{"start":{"line":510,"column":14},"end":{"line":510,"column":null}},"224":{"start":{"line":513,"column":34},"end":{"line":513,"column":55}},"225":{"start":{"line":521,"column":31},"end":{"line":521,"column":null}},"226":{"start":{"line":526,"column":31},"end":{"line":526,"column":null}},"227":{"start":{"line":531,"column":31},"end":{"line":531,"column":null}},"228":{"start":{"line":538,"column":35},"end":{"line":538,"column":null}},"229":{"start":{"line":543,"column":35},"end":{"line":543,"column":null}},"230":{"start":{"line":557,"column":25},"end":{"line":557,"column":null}},"231":{"start":{"line":564,"column":22},"end":{"line":597,"column":null}},"232":{"start":{"line":565,"column":8},"end":{"line":565,"column":null}},"233":{"start":{"line":565,"column":45},"end":{"line":565,"column":61}},"234":{"start":{"line":567,"column":8},"end":{"line":567,"column":null}},"235":{"start":{"line":569,"column":2},"end":{"line":585,"column":null}},"236":{"start":{"line":570,"column":4},"end":{"line":570,"column":null}},"237":{"start":{"line":570,"column":19},"end":{"line":570,"column":null}},"238":{"start":{"line":572,"column":4},"end":{"line":576,"column":null}},"239":{"start":{"line":575,"column":8},"end":{"line":575,"column":null}},"240":{"start":{"line":580,"column":8},"end":{"line":582,"column":null}},"241":{"start":{"line":581,"column":6},"end":{"line":581,"column":null}},"242":{"start":{"line":584,"column":4},"end":{"line":584,"column":null}},"243":{"start":{"line":584,"column":17},"end":{"line":584,"column":null}},"244":{"start":{"line":587,"column":2},"end":{"line":595,"column":null}},"245":{"start":{"line":591,"column":8},"end":{"line":591,"column":null}}},"fnMap":{"0":{"name":"(anonymous_0)","decl":{"start":{"line":24,"column":29},"end":{"line":24,"column":35}},"loc":{"start":{"line":24,"column":35},"end":{"line":562,"column":null}},"line":24},"1":{"name":"(anonymous_1)","decl":{"start":{"line":25,"column":31},"end":{"line":25,"column":32}},"loc":{"start":{"line":25,"column":42},"end":{"line":25,"column":55}},"line":25},"2":{"name":"(anonymous_2)","decl":{"start":{"line":26,"column":36},"end":{"line":26,"column":37}},"loc":{"start":{"line":26,"column":47},"end":{"line":26,"column":63}},"line":26},"3":{"name":"(anonymous_3)","decl":{"start":{"line":27,"column":41},"end":{"line":27,"column":42}},"loc":{"start":{"line":27,"column":52},"end":{"line":27,"column":73}},"line":27},"4":{"name":"(anonymous_4)","decl":{"start":{"line":29,"column":4},"end":{"line":29,"column":5}},"loc":{"start":{"line":29,"column":15},"end":{"line":29,"column":null}},"line":29},"5":{"name":"(anonymous_5)","decl":{"start":{"line":31,"column":36},"end":{"line":31,"column":37}},"loc":{"start":{"line":31,"column":47},"end":{"line":31,"column":63}},"line":31},"6":{"name":"(anonymous_6)","decl":{"start":{"line":32,"column":41},"end":{"line":32,"column":42}},"loc":{"start":{"line":32,"column":52},"end":{"line":32,"column":73}},"line":32},"7":{"name":"(anonymous_7)","decl":{"start":{"line":34,"column":4},"end":{"line":34,"column":5}},"loc":{"start":{"line":34,"column":15},"end":{"line":34,"column":null}},"line":34},"8":{"name":"(anonymous_8)","decl":{"start":{"line":59,"column":22},"end":{"line":59,"column":null}},"loc":{"start":{"line":64,"column":7},"end":{"line":64,"column":null}},"line":64},"9":{"name":"(anonymous_9)","decl":{"start":{"line":66,"column":22},"end":{"line":66,"column":23}},"loc":{"start":{"line":67,"column":4},"end":{"line":67,"column":null}},"line":67},"10":{"name":"(anonymous_10)","decl":{"start":{"line":69,"column":25},"end":{"line":69,"column":26}},"loc":{"start":{"line":70,"column":4},"end":{"line":70,"column":null}},"line":70},"11":{"name":"(anonymous_11)","decl":{"start":{"line":72,"column":24},"end":{"line":72,"column":null}},"loc":{"start":{"line":78,"column":4},"end":{"line":83,"column":null}},"line":78},"12":{"name":"(anonymous_12)","decl":{"start":{"line":85,"column":20},"end":{"line":85,"column":null}},"loc":{"start":{"line":89,"column":7},"end":{"line":127,"column":null}},"line":89},"13":{"name":"(anonymous_13)","decl":{"start":{"line":129,"column":12},"end":{"line":129,"column":18}},"loc":{"start":{"line":129,"column":18},"end":{"line":166,"column":5}},"line":129},"14":{"name":"(anonymous_14)","decl":{"start":{"line":135,"column":36},"end":{"line":135,"column":37}},"loc":{"start":{"line":135,"column":63},"end":{"line":139,"column":5}},"line":135},"15":{"name":"(anonymous_15)","decl":{"start":{"line":143,"column":40},"end":{"line":143,"column":41}},"loc":{"start":{"line":143,"column":67},"end":{"line":163,"column":5}},"line":143},"16":{"name":"(anonymous_16)","decl":{"start":{"line":165,"column":11},"end":{"line":165,"column":17}},"loc":{"start":{"line":165,"column":17},"end":{"line":165,"column":null}},"line":165},"17":{"name":"(anonymous_17)","decl":{"start":{"line":168,"column":27},"end":{"line":168,"column":34}},"loc":{"start":{"line":168,"column":54},"end":{"line":192,"column":null}},"line":168},"18":{"name":"(anonymous_18)","decl":{"start":{"line":172,"column":28},"end":{"line":172,"column":40}},"loc":{"start":{"line":172,"column":40},"end":{"line":186,"column":7}},"line":172},"19":{"name":"(anonymous_19)","decl":{"start":{"line":183,"column":19},"end":{"line":183,"column":20}},"loc":{"start":{"line":183,"column":29},"end":{"line":183,"column":53}},"line":183},"20":{"name":"(anonymous_20)","decl":{"start":{"line":194,"column":34},"end":{"line":194,"column":41}},"loc":{"start":{"line":194,"column":62},"end":{"line":209,"column":null}},"line":194},"21":{"name":"(anonymous_21)","decl":{"start":{"line":198,"column":28},"end":{"line":198,"column":40}},"loc":{"start":{"line":198,"column":40},"end":{"line":203,"column":7}},"line":198},"22":{"name":"(anonymous_22)","decl":{"start":{"line":200,"column":19},"end":{"line":200,"column":20}},"loc":{"start":{"line":200,"column":29},"end":{"line":200,"column":49}},"line":200},"23":{"name":"(anonymous_23)","decl":{"start":{"line":211,"column":29},"end":{"line":211,"column":36}},"loc":{"start":{"line":211,"column":57},"end":{"line":231,"column":null}},"line":211},"24":{"name":"(anonymous_24)","decl":{"start":{"line":215,"column":28},"end":{"line":215,"column":40}},"loc":{"start":{"line":215,"column":40},"end":{"line":225,"column":7}},"line":215},"25":{"name":"(anonymous_25)","decl":{"start":{"line":217,"column":28},"end":{"line":217,"column":29}},"loc":{"start":{"line":217,"column":38},"end":{"line":221,"column":9}},"line":217},"26":{"name":"(anonymous_26)","decl":{"start":{"line":222,"column":19},"end":{"line":222,"column":20}},"loc":{"start":{"line":222,"column":29},"end":{"line":222,"column":66}},"line":222},"27":{"name":"(anonymous_27)","decl":{"start":{"line":222,"column":41},"end":{"line":222,"column":42}},"loc":{"start":{"line":222,"column":48},"end":{"line":222,"column":65}},"line":222},"28":{"name":"(anonymous_28)","decl":{"start":{"line":233,"column":29},"end":{"line":233,"column":36}},"loc":{"start":{"line":233,"column":62},"end":{"line":250,"column":null}},"line":233},"29":{"name":"(anonymous_29)","decl":{"start":{"line":237,"column":28},"end":{"line":237,"column":40}},"loc":{"start":{"line":237,"column":40},"end":{"line":244,"column":7}},"line":237},"30":{"name":"(anonymous_30)","decl":{"start":{"line":239,"column":19},"end":{"line":239,"column":20}},"loc":{"start":{"line":240,"column":10},"end":{"line":240,"column":null}},"line":240},"31":{"name":"(anonymous_31)","decl":{"start":{"line":240,"column":19},"end":{"line":240,"column":20}},"loc":{"start":{"line":240,"column":27},"end":{"line":240,"column":61}},"line":240},"32":{"name":"(anonymous_32)","decl":{"start":{"line":252,"column":30},"end":{"line":252,"column":null}},"loc":{"start":{"line":255,"column":7},"end":{"line":274,"column":null}},"line":255},"33":{"name":"(anonymous_33)","decl":{"start":{"line":259,"column":28},"end":{"line":259,"column":40}},"loc":{"start":{"line":259,"column":40},"end":{"line":268,"column":7}},"line":259},"34":{"name":"(anonymous_34)","decl":{"start":{"line":276,"column":28},"end":{"line":276,"column":null}},"loc":{"start":{"line":280,"column":7},"end":{"line":300,"column":null}},"line":280},"35":{"name":"(anonymous_35)","decl":{"start":{"line":284,"column":28},"end":{"line":284,"column":40}},"loc":{"start":{"line":284,"column":40},"end":{"line":294,"column":7}},"line":284},"36":{"name":"(anonymous_36)","decl":{"start":{"line":291,"column":18},"end":{"line":291,"column":19}},"loc":{"start":{"line":291,"column":28},"end":{"line":291,"column":47}},"line":291},"37":{"name":"(anonymous_37)","decl":{"start":{"line":302,"column":28},"end":{"line":302,"column":35}},"loc":{"start":{"line":302,"column":50},"end":{"line":317,"column":null}},"line":302},"38":{"name":"(anonymous_38)","decl":{"start":{"line":306,"column":28},"end":{"line":306,"column":40}},"loc":{"start":{"line":306,"column":40},"end":{"line":311,"column":7}},"line":306},"39":{"name":"(anonymous_39)","decl":{"start":{"line":308,"column":18},"end":{"line":308,"column":19}},"loc":{"start":{"line":308,"column":28},"end":{"line":308,"column":59}},"line":308},"40":{"name":"(anonymous_40)","decl":{"start":{"line":308,"column":40},"end":{"line":308,"column":41}},"loc":{"start":{"line":308,"column":47},"end":{"line":308,"column":58}},"line":308},"41":{"name":"(anonymous_41)","decl":{"start":{"line":319,"column":31},"end":{"line":319,"column":38}},"loc":{"start":{"line":319,"column":77},"end":{"line":343,"column":null}},"line":319},"42":{"name":"(anonymous_42)","decl":{"start":{"line":323,"column":28},"end":{"line":323,"column":40}},"loc":{"start":{"line":323,"column":40},"end":{"line":337,"column":7}},"line":323},"43":{"name":"(anonymous_43)","decl":{"start":{"line":325,"column":18},"end":{"line":325,"column":19}},"loc":{"start":{"line":326,"column":10},"end":{"line":331,"column":null}},"line":326},"44":{"name":"(anonymous_44)","decl":{"start":{"line":327,"column":17},"end":{"line":327,"column":18}},"loc":{"start":{"line":327,"column":25},"end":{"line":327,"column":56}},"line":327},"45":{"name":"(anonymous_45)","decl":{"start":{"line":328,"column":18},"end":{"line":328,"column":19}},"loc":{"start":{"line":328,"column":28},"end":{"line":331,"column":13}},"line":328},"46":{"name":"(anonymous_46)","decl":{"start":{"line":345,"column":24},"end":{"line":345,"column":30}},"loc":{"start":{"line":345,"column":30},"end":{"line":485,"column":null}},"line":345},"47":{"name":"(anonymous_47)","decl":{"start":{"line":373,"column":23},"end":{"line":373,"column":29}},"loc":{"start":{"line":373,"column":29},"end":{"line":373,"column":null}},"line":373},"48":{"name":"(anonymous_48)","decl":{"start":{"line":379,"column":23},"end":{"line":379,"column":29}},"loc":{"start":{"line":379,"column":29},"end":{"line":379,"column":null}},"line":379},"49":{"name":"(anonymous_49)","decl":{"start":{"line":392,"column":21},"end":{"line":392,"column":22}},"loc":{"start":{"line":392,"column":52},"end":{"line":395,"column":null}},"line":392},"50":{"name":"(anonymous_50)","decl":{"start":{"line":409,"column":21},"end":{"line":409,"column":22}},"loc":{"start":{"line":409,"column":52},"end":{"line":416,"column":null}},"line":409},"51":{"name":"(anonymous_51)","decl":{"start":{"line":429,"column":21},"end":{"line":429,"column":22}},"loc":{"start":{"line":429,"column":52},"end":{"line":432,"column":null}},"line":429},"52":{"name":"(anonymous_52)","decl":{"start":{"line":451,"column":21},"end":{"line":451,"column":22}},"loc":{"start":{"line":451,"column":52},"end":{"line":454,"column":null}},"line":451},"53":{"name":"(anonymous_53)","decl":{"start":{"line":460,"column":25},"end":{"line":460,"column":31}},"loc":{"start":{"line":460,"column":31},"end":{"line":460,"column":null}},"line":460},"54":{"name":"(anonymous_54)","decl":{"start":{"line":467,"column":21},"end":{"line":467,"column":22}},"loc":{"start":{"line":467,"column":52},"end":{"line":470,"column":null}},"line":467},"55":{"name":"(anonymous_55)","decl":{"start":{"line":474,"column":25},"end":{"line":474,"column":31}},"loc":{"start":{"line":474,"column":31},"end":{"line":474,"column":null}},"line":474},"56":{"name":"(anonymous_56)","decl":{"start":{"line":475,"column":30},"end":{"line":475,"column":31}},"loc":{"start":{"line":475,"column":46},"end":{"line":475,"column":null}},"line":475},"57":{"name":"(anonymous_57)","decl":{"start":{"line":491,"column":17},"end":{"line":491,"column":18}},"loc":{"start":{"line":491,"column":48},"end":{"line":494,"column":null}},"line":491},"58":{"name":"(anonymous_58)","decl":{"start":{"line":499,"column":25},"end":{"line":499,"column":31}},"loc":{"start":{"line":499,"column":31},"end":{"line":499,"column":null}},"line":499},"59":{"name":"(anonymous_59)","decl":{"start":{"line":500,"column":26},"end":{"line":500,"column":27}},"loc":{"start":{"line":500,"column":42},"end":{"line":500,"column":null}},"line":500},"60":{"name":"(anonymous_60)","decl":{"start":{"line":501,"column":26},"end":{"line":501,"column":27}},"loc":{"start":{"line":501,"column":42},"end":{"line":501,"column":null}},"line":501},"61":{"name":"(anonymous_61)","decl":{"start":{"line":508,"column":21},"end":{"line":508,"column":22}},"loc":{"start":{"line":508,"column":52},"end":{"line":511,"column":null}},"line":508},"62":{"name":"(anonymous_62)","decl":{"start":{"line":513,"column":28},"end":{"line":513,"column":34}},"loc":{"start":{"line":513,"column":34},"end":{"line":513,"column":55}},"line":513},"63":{"name":"(anonymous_63)","decl":{"start":{"line":521,"column":25},"end":{"line":521,"column":31}},"loc":{"start":{"line":521,"column":31},"end":{"line":521,"column":null}},"line":521},"64":{"name":"(anonymous_64)","decl":{"start":{"line":526,"column":25},"end":{"line":526,"column":31}},"loc":{"start":{"line":526,"column":31},"end":{"line":526,"column":null}},"line":526},"65":{"name":"(anonymous_65)","decl":{"start":{"line":531,"column":25},"end":{"line":531,"column":31}},"loc":{"start":{"line":531,"column":31},"end":{"line":531,"column":null}},"line":531},"66":{"name":"(anonymous_66)","decl":{"start":{"line":538,"column":29},"end":{"line":538,"column":35}},"loc":{"start":{"line":538,"column":35},"end":{"line":538,"column":null}},"line":538},"67":{"name":"(anonymous_67)","decl":{"start":{"line":543,"column":29},"end":{"line":543,"column":35}},"loc":{"start":{"line":543,"column":35},"end":{"line":543,"column":null}},"line":543},"68":{"name":"(anonymous_68)","decl":{"start":{"line":557,"column":19},"end":{"line":557,"column":25}},"loc":{"start":{"line":557,"column":25},"end":{"line":557,"column":null}},"line":557},"69":{"name":"(anonymous_69)","decl":{"start":{"line":564,"column":22},"end":{"line":564,"column":28}},"loc":{"start":{"line":564,"column":28},"end":{"line":597,"column":null}},"line":564},"70":{"name":"(anonymous_70)","decl":{"start":{"line":565,"column":34},"end":{"line":565,"column":35}},"loc":{"start":{"line":565,"column":45},"end":{"line":565,"column":61}},"line":565},"71":{"name":"(anonymous_71)","decl":{"start":{"line":569,"column":12},"end":{"line":569,"column":18}},"loc":{"start":{"line":569,"column":18},"end":{"line":585,"column":5}},"line":569},"72":{"name":"(anonymous_72)","decl":{"start":{"line":574,"column":12},"end":{"line":574,"column":13}},"loc":{"start":{"line":575,"column":8},"end":{"line":575,"column":null}},"line":575},"73":{"name":"(anonymous_73)","decl":{"start":{"line":580,"column":40},"end":{"line":580,"column":41}},"loc":{"start":{"line":580,"column":68},"end":{"line":582,"column":5}},"line":580},"74":{"name":"(anonymous_74)","decl":{"start":{"line":584,"column":11},"end":{"line":584,"column":17}},"loc":{"start":{"line":584,"column":17},"end":{"line":584,"column":null}},"line":584},"75":{"name":"(anonymous_75)","decl":{"start":{"line":590,"column":15},"end":{"line":590,"column":16}},"loc":{"start":{"line":590,"column":46},"end":{"line":592,"column":null}},"line":590}},"branchMap":{"0":{"loc":{"start":{"line":88,"column":4},"end":{"line":88,"column":null}},"type":"default-arg","locations":[{"start":{"line":88,"column":26},"end":{"line":88,"column":null}}],"line":88},"1":{"loc":{"start":{"line":93,"column":4},"end":{"line":96,"column":null}},"type":"if","locations":[{"start":{"line":93,"column":4},"end":{"line":96,"column":null}},{"start":{},"end":{}}],"line":93},"2":{"loc":{"start":{"line":114,"column":6},"end":{"line":116,"column":null}},"type":"if","locations":[{"start":{"line":114,"column":6},"end":{"line":116,"column":null}},{"start":{},"end":{}}],"line":114},"3":{"loc":{"start":{"line":114,"column":10},"end":{"line":114,"column":52}},"type":"binary-expr","locations":[{"start":{"line":114,"column":10},"end":{"line":114,"column":22}},{"start":{"line":114,"column":22},"end":{"line":114,"column":52}}],"line":114},"4":{"loc":{"start":{"line":118,"column":6},"end":{"line":123,"column":null}},"type":"if","locations":[{"start":{"line":118,"column":6},"end":{"line":123,"column":null}},{"start":{"line":120,"column":13},"end":{"line":123,"column":null}}],"line":118},"5":{"loc":{"start":{"line":121,"column":20},"end":{"line":121,"column":null}},"type":"cond-expr","locations":[{"start":{"line":121,"column":43},"end":{"line":121,"column":57}},{"start":{"line":121,"column":57},"end":{"line":121,"column":null}}],"line":121},"6":{"loc":{"start":{"line":122,"column":19},"end":{"line":122,"column":54}},"type":"binary-expr","locations":[{"start":{"line":122,"column":19},"end":{"line":122,"column":26}},{"start":{"line":122,"column":26},"end":{"line":122,"column":54}}],"line":122},"7":{"loc":{"start":{"line":132,"column":4},"end":{"line":132,"column":null}},"type":"if","locations":[{"start":{"line":132,"column":4},"end":{"line":132,"column":null}},{"start":{},"end":{}}],"line":132},"8":{"loc":{"start":{"line":136,"column":6},"end":{"line":138,"column":null}},"type":"if","locations":[{"start":{"line":136,"column":6},"end":{"line":138,"column":null}},{"start":{},"end":{}}],"line":136},"9":{"loc":{"start":{"line":147,"column":6},"end":{"line":162,"column":null}},"type":"if","locations":[{"start":{"line":147,"column":6},"end":{"line":162,"column":null}},{"start":{"line":153,"column":6},"end":{"line":162,"column":null}}],"line":147},"10":{"loc":{"start":{"line":147,"column":10},"end":{"line":147,"column":51}},"type":"binary-expr","locations":[{"start":{"line":147,"column":10},"end":{"line":147,"column":35}},{"start":{"line":147,"column":35},"end":{"line":147,"column":51}}],"line":147},"11":{"loc":{"start":{"line":153,"column":6},"end":{"line":162,"column":null}},"type":"if","locations":[{"start":{"line":153,"column":6},"end":{"line":162,"column":null}},{"start":{"line":159,"column":6},"end":{"line":162,"column":null}}],"line":153},"12":{"loc":{"start":{"line":159,"column":6},"end":{"line":162,"column":null}},"type":"if","locations":[{"start":{"line":159,"column":6},"end":{"line":162,"column":null}},{"start":{},"end":{}}],"line":159},"13":{"loc":{"start":{"line":159,"column":17},"end":{"line":159,"column":64}},"type":"binary-expr","locations":[{"start":{"line":159,"column":17},"end":{"line":159,"column":48}},{"start":{"line":159,"column":48},"end":{"line":159,"column":64}}],"line":159},"14":{"loc":{"start":{"line":169,"column":4},"end":{"line":169,"column":null}},"type":"if","locations":[{"start":{"line":169,"column":4},"end":{"line":169,"column":null}},{"start":{},"end":{}}],"line":169},"15":{"loc":{"start":{"line":169,"column":8},"end":{"line":169,"column":46}},"type":"binary-expr","locations":[{"start":{"line":169,"column":8},"end":{"line":169,"column":28}},{"start":{"line":169,"column":28},"end":{"line":169,"column":46}}],"line":169},"16":{"loc":{"start":{"line":188,"column":6},"end":{"line":190,"column":null}},"type":"if","locations":[{"start":{"line":188,"column":6},"end":{"line":190,"column":null}},{"start":{},"end":{}}],"line":188},"17":{"loc":{"start":{"line":195,"column":4},"end":{"line":195,"column":null}},"type":"if","locations":[{"start":{"line":195,"column":4},"end":{"line":195,"column":null}},{"start":{},"end":{}}],"line":195},"18":{"loc":{"start":{"line":195,"column":8},"end":{"line":195,"column":46}},"type":"binary-expr","locations":[{"start":{"line":195,"column":8},"end":{"line":195,"column":28}},{"start":{"line":195,"column":28},"end":{"line":195,"column":46}}],"line":195},"19":{"loc":{"start":{"line":205,"column":6},"end":{"line":207,"column":null}},"type":"if","locations":[{"start":{"line":205,"column":6},"end":{"line":207,"column":null}},{"start":{},"end":{}}],"line":205},"20":{"loc":{"start":{"line":212,"column":4},"end":{"line":212,"column":null}},"type":"if","locations":[{"start":{"line":212,"column":4},"end":{"line":212,"column":null}},{"start":{},"end":{}}],"line":212},"21":{"loc":{"start":{"line":212,"column":8},"end":{"line":212,"column":46}},"type":"binary-expr","locations":[{"start":{"line":212,"column":8},"end":{"line":212,"column":28}},{"start":{"line":212,"column":28},"end":{"line":212,"column":46}}],"line":212},"22":{"loc":{"start":{"line":227,"column":6},"end":{"line":229,"column":null}},"type":"if","locations":[{"start":{"line":227,"column":6},"end":{"line":229,"column":null}},{"start":{},"end":{}}],"line":227},"23":{"loc":{"start":{"line":234,"column":4},"end":{"line":234,"column":null}},"type":"if","locations":[{"start":{"line":234,"column":4},"end":{"line":234,"column":null}},{"start":{},"end":{}}],"line":234},"24":{"loc":{"start":{"line":234,"column":8},"end":{"line":234,"column":46}},"type":"binary-expr","locations":[{"start":{"line":234,"column":8},"end":{"line":234,"column":28}},{"start":{"line":234,"column":28},"end":{"line":234,"column":46}}],"line":234},"25":{"loc":{"start":{"line":240,"column":27},"end":{"line":240,"column":61}},"type":"cond-expr","locations":[{"start":{"line":240,"column":49},"end":{"line":240,"column":59}},{"start":{"line":240,"column":59},"end":{"line":240,"column":61}}],"line":240},"26":{"loc":{"start":{"line":246,"column":6},"end":{"line":248,"column":null}},"type":"if","locations":[{"start":{"line":246,"column":6},"end":{"line":248,"column":null}},{"start":{},"end":{}}],"line":246},"27":{"loc":{"start":{"line":256,"column":4},"end":{"line":256,"column":null}},"type":"if","locations":[{"start":{"line":256,"column":4},"end":{"line":256,"column":null}},{"start":{},"end":{}}],"line":256},"28":{"loc":{"start":{"line":256,"column":8},"end":{"line":256,"column":66}},"type":"binary-expr","locations":[{"start":{"line":256,"column":8},"end":{"line":256,"column":28}},{"start":{"line":256,"column":28},"end":{"line":256,"column":48}},{"start":{"line":256,"column":48},"end":{"line":256,"column":66}}],"line":256},"29":{"loc":{"start":{"line":270,"column":6},"end":{"line":272,"column":null}},"type":"if","locations":[{"start":{"line":270,"column":6},"end":{"line":272,"column":null}},{"start":{},"end":{}}],"line":270},"30":{"loc":{"start":{"line":281,"column":4},"end":{"line":281,"column":null}},"type":"if","locations":[{"start":{"line":281,"column":4},"end":{"line":281,"column":null}},{"start":{},"end":{}}],"line":281},"31":{"loc":{"start":{"line":281,"column":8},"end":{"line":281,"column":46}},"type":"binary-expr","locations":[{"start":{"line":281,"column":8},"end":{"line":281,"column":28}},{"start":{"line":281,"column":28},"end":{"line":281,"column":46}}],"line":281},"32":{"loc":{"start":{"line":296,"column":6},"end":{"line":298,"column":null}},"type":"if","locations":[{"start":{"line":296,"column":6},"end":{"line":298,"column":null}},{"start":{},"end":{}}],"line":296},"33":{"loc":{"start":{"line":303,"column":4},"end":{"line":303,"column":null}},"type":"if","locations":[{"start":{"line":303,"column":4},"end":{"line":303,"column":null}},{"start":{},"end":{}}],"line":303},"34":{"loc":{"start":{"line":313,"column":6},"end":{"line":315,"column":null}},"type":"if","locations":[{"start":{"line":313,"column":6},"end":{"line":315,"column":null}},{"start":{},"end":{}}],"line":313},"35":{"loc":{"start":{"line":320,"column":4},"end":{"line":320,"column":null}},"type":"if","locations":[{"start":{"line":320,"column":4},"end":{"line":320,"column":null}},{"start":{},"end":{}}],"line":320},"36":{"loc":{"start":{"line":327,"column":25},"end":{"line":327,"column":56}},"type":"cond-expr","locations":[{"start":{"line":327,"column":39},"end":{"line":327,"column":54}},{"start":{"line":327,"column":54},"end":{"line":327,"column":56}}],"line":327},"37":{"loc":{"start":{"line":329,"column":14},"end":{"line":329,"column":null}},"type":"if","locations":[{"start":{"line":329,"column":14},"end":{"line":329,"column":null}},{"start":{},"end":{}}],"line":329},"38":{"loc":{"start":{"line":330,"column":21},"end":{"line":330,"column":null}},"type":"cond-expr","locations":[{"start":{"line":330,"column":32},"end":{"line":330,"column":37}},{"start":{"line":330,"column":37},"end":{"line":330,"column":null}}],"line":330},"39":{"loc":{"start":{"line":334,"column":10},"end":{"line":334,"column":null}},"type":"cond-expr","locations":[{"start":{"line":334,"column":26},"end":{"line":334,"column":53}},{"start":{"line":334,"column":53},"end":{"line":334,"column":null}}],"line":334},"40":{"loc":{"start":{"line":339,"column":6},"end":{"line":341,"column":null}},"type":"if","locations":[{"start":{"line":339,"column":6},"end":{"line":341,"column":null}},{"start":{},"end":{}}],"line":339},"41":{"loc":{"start":{"line":346,"column":4},"end":{"line":350,"column":null}},"type":"if","locations":[{"start":{"line":346,"column":4},"end":{"line":350,"column":null}},{"start":{},"end":{}}],"line":346},"42":{"loc":{"start":{"line":353,"column":4},"end":{"line":384,"column":null}},"type":"if","locations":[{"start":{"line":353,"column":4},"end":{"line":384,"column":null}},{"start":{},"end":{}}],"line":353},"43":{"loc":{"start":{"line":389,"column":9},"end":{"line":404,"column":null}},"type":"binary-expr","locations":[{"start":{"line":389,"column":9},"end":{"line":389,"column":null}},{"start":{"line":390,"column":10},"end":{"line":404,"column":null}}],"line":389},"44":{"loc":{"start":{"line":406,"column":9},"end":{"line":424,"column":null}},"type":"binary-expr","locations":[{"start":{"line":406,"column":9},"end":{"line":406,"column":35}},{"start":{"line":406,"column":35},"end":{"line":406,"column":null}},{"start":{"line":407,"column":10},"end":{"line":424,"column":null}}],"line":406},"45":{"loc":{"start":{"line":426,"column":9},"end":{"line":446,"column":null}},"type":"binary-expr","locations":[{"start":{"line":426,"column":9},"end":{"line":426,"column":null}},{"start":{"line":427,"column":10},"end":{"line":446,"column":null}}],"line":426},"46":{"loc":{"start":{"line":448,"column":9},"end":{"line":462,"column":null}},"type":"binary-expr","locations":[{"start":{"line":448,"column":9},"end":{"line":448,"column":null}},{"start":{"line":449,"column":10},"end":{"line":462,"column":null}}],"line":448},"47":{"loc":{"start":{"line":464,"column":9},"end":{"line":481,"column":null}},"type":"binary-expr","locations":[{"start":{"line":464,"column":9},"end":{"line":464,"column":34}},{"start":{"line":464,"column":34},"end":{"line":464,"column":null}},{"start":{"line":465,"column":10},"end":{"line":481,"column":null}}],"line":464},"48":{"loc":{"start":{"line":505,"column":9},"end":{"line":549,"column":null}},"type":"cond-expr","locations":[{"start":{"line":506,"column":10},"end":{"line":514,"column":null}},{"start":{"line":516,"column":10},"end":{"line":549,"column":null}}],"line":505},"49":{"loc":{"start":{"line":533,"column":15},"end":{"line":545,"column":null}},"type":"binary-expr","locations":[{"start":{"line":533,"column":15},"end":{"line":533,"column":null}},{"start":{"line":534,"column":16},"end":{"line":545,"column":null}}],"line":533},"50":{"loc":{"start":{"line":553,"column":7},"end":{"line":558,"column":null}},"type":"binary-expr","locations":[{"start":{"line":553,"column":7},"end":{"line":553,"column":null}},{"start":{"line":554,"column":8},"end":{"line":558,"column":null}}],"line":553},"51":{"loc":{"start":{"line":570,"column":4},"end":{"line":570,"column":null}},"type":"if","locations":[{"start":{"line":570,"column":4},"end":{"line":570,"column":null}},{"start":{},"end":{}}],"line":570}},"s":{"0":3,"1":14,"2":56,"3":14,"4":14,"5":14,"6":14,"7":14,"8":14,"9":14,"10":14,"11":14,"12":14,"13":14,"14":14,"15":14,"16":14,"17":14,"18":14,"19":14,"20":14,"21":14,"22":14,"23":14,"24":14,"25":14,"26":14,"27":14,"28":14,"29":14,"30":14,"31":0,"32":14,"33":0,"34":14,"35":0,"36":14,"37":0,"38":14,"39":0,"40":0,"41":0,"42":0,"43":0,"44":0,"45":0,"46":0,"47":0,"48":0,"49":0,"50":0,"51":0,"52":0,"53":0,"54":0,"55":0,"56":0,"57":0,"58":0,"59":0,"60":0,"61":14,"62":14,"63":14,"64":0,"65":14,"66":14,"67":0,"68":14,"69":14,"70":14,"71":0,"72":0,"73":0,"74":0,"75":14,"76":0,"77":0,"78":0,"79":0,"80":14,"81":0,"82":14,"83":14,"84":14,"85":0,"86":0,"87":0,"88":0,"89":0,"90":0,"91":0,"92":0,"93":0,"94":0,"95":0,"96":0,"97":0,"98":0,"99":0,"100":0,"101":0,"102":14,"103":0,"104":0,"105":0,"106":0,"107":0,"108":0,"109":0,"110":0,"111":0,"112":0,"113":0,"114":14,"115":0,"116":0,"117":0,"118":0,"119":0,"120":0,"121":0,"122":0,"123":0,"124":0,"125":0,"126":0,"127":0,"128":0,"129":0,"130":0,"131":14,"132":0,"133":0,"134":0,"135":0,"136":0,"137":0,"138":0,"139":0,"140":0,"141":0,"142":0,"143":0,"144":14,"145":0,"146":0,"147":0,"148":0,"149":0,"150":0,"151":0,"152":0,"153":0,"154":14,"155":0,"156":0,"157":0,"158":0,"159":0,"160":0,"161":0,"162":0,"163":0,"164":0,"165":0,"166":14,"167":0,"168":0,"169":0,"170":0,"171":0,"172":0,"173":0,"174":0,"175":0,"176":0,"177":0,"178":0,"179":14,"180":0,"181":0,"182":0,"183":0,"184":0,"185":0,"186":0,"187":0,"188":0,"189":0,"190":0,"191":0,"192":0,"193":0,"194":0,"195":14,"196":14,"197":14,"198":0,"199":0,"200":0,"201":0,"202":0,"203":0,"204":0,"205":0,"206":0,"207":0,"208":0,"209":0,"210":0,"211":0,"212":0,"213":0,"214":0,"215":0,"216":14,"217":0,"218":0,"219":0,"220":0,"221":0,"222":0,"223":0,"224":0,"225":0,"226":0,"227":0,"228":0,"229":0,"230":0,"231":3,"232":14,"233":56,"234":14,"235":14,"236":14,"237":0,"238":14,"239":14,"240":14,"241":14,"242":14,"243":14,"244":14,"245":0},"f":{"0":14,"1":56,"2":14,"3":14,"4":14,"5":14,"6":14,"7":14,"8":0,"9":0,"10":0,"11":0,"12":0,"13":14,"14":14,"15":14,"16":14,"17":0,"18":0,"19":0,"20":0,"21":0,"22":0,"23":0,"24":0,"25":0,"26":0,"27":0,"28":0,"29":0,"30":0,"31":0,"32":0,"33":0,"34":0,"35":0,"36":0,"37":0,"38":0,"39":0,"40":0,"41":0,"42":0,"43":0,"44":0,"45":0,"46":14,"47":0,"48":0,"49":0,"50":0,"51":0,"52":0,"53":0,"54":0,"55":0,"56":0,"57":0,"58":0,"59":0,"60":0,"61":0,"62":0,"63":0,"64":0,"65":0,"66":0,"67":0,"68":0,"69":14,"70":56,"71":14,"72":14,"73":14,"74":14,"75":0},"b":{"0":[0],"1":[0,0],"2":[0,0],"3":[0,0],"4":[0,0],"5":[0,0],"6":[0,0],"7":[0,14],"8":[0,14],"9":[0,14],"10":[14,0],"11":[0,14],"12":[0,14],"13":[14,0],"14":[0,0],"15":[0,0],"16":[0,0],"17":[0,0],"18":[0,0],"19":[0,0],"20":[0,0],"21":[0,0],"22":[0,0],"23":[0,0],"24":[0,0],"25":[0,0],"26":[0,0],"27":[0,0],"28":[0,0,0],"29":[0,0],"30":[0,0],"31":[0,0],"32":[0,0],"33":[0,0],"34":[0,0],"35":[0,0],"36":[0,0],"37":[0,0],"38":[0,0],"39":[0,0],"40":[0,0],"41":[14,0],"42":[0,0],"43":[0,0],"44":[14,0,0],"45":[14,0],"46":[14,0],"47":[14,0,0],"48":[0,14],"49":[14,0],"50":[14,0],"51":[0,14]},"meta":{"lastBranch":52,"lastFunction":76,"lastStatement":246,"seen":{"s:24:29:562:Infinity":0,"f:24:29:24:35":0,"s:25:8:25:Infinity":1,"f:25:31:25:32":1,"s:25:42:25:55":2,"s:26:8:26:Infinity":3,"f:26:36:26:37":2,"s:26:47:26:63":4,"s:27:8:27:Infinity":5,"f:27:41:27:42":3,"s:27:52:27:73":6,"s:28:8:30:Infinity":7,"f:29:4:29:5":4,"s:29:15:29:Infinity":8,"s:31:8:31:Infinity":9,"f:31:36:31:37":5,"s:31:47:31:63":10,"s:32:8:32:Infinity":11,"f:32:41:32:42":6,"s:32:52:32:73":12,"s:33:8:35:Infinity":13,"f:34:4:34:5":7,"s:34:15:34:Infinity":14,"s:36:60:37:Infinity":15,"s:38:26:38:Infinity":16,"s:39:28:39:Infinity":17,"s:40:67:41:Infinity":18,"s:43:32:43:Infinity":19,"s:44:32:44:Infinity":20,"s:45:28:45:Infinity":21,"s:46:46:46:Infinity":22,"s:47:38:47:Infinity":23,"s:48:26:48:Infinity":24,"s:49:32:49:Infinity":25,"s:50:28:50:Infinity":26,"s:51:46:53:Infinity":27,"s:55:26:55:Infinity":28,"s:56:8:56:Infinity":29,"s:59:22:64:Infinity":30,"f:59:22:59:Infinity":8,"s:64:7:64:Infinity":31,"s:66:22:67:Infinity":32,"f:66:22:66:23":9,"s:67:4:67:Infinity":33,"s:69:25:70:Infinity":34,"f:69:25:69:26":10,"s:70:4:70:Infinity":35,"s:72:24:83:Infinity":36,"f:72:24:72:Infinity":11,"s:78:4:83:Infinity":37,"s:85:20:127:Infinity":38,"f:85:20:85:Infinity":12,"b:88:26:88:Infinity":0,"s:90:4:90:Infinity":39,"s:91:4:91:Infinity":40,"b:93:4:96:Infinity:undefined:undefined:undefined:undefined":1,"s:93:4:96:Infinity":41,"s:94:6:94:Infinity":42,"s:95:6:95:Infinity":43,"s:98:4:126:Infinity":44,"s:99:19:103:Infinity":45,"s:105:6:105:Infinity":46,"s:106:6:106:Infinity":47,"s:107:6:107:Infinity":48,"s:108:6:108:Infinity":49,"s:109:6:109:Infinity":50,"s:110:6:110:Infinity":51,"s:111:6:111:Infinity":52,"s:112:6:112:Infinity":53,"b:114:6:116:Infinity:undefined:undefined:undefined:undefined":2,"s:114:6:116:Infinity":54,"b:114:10:114:22:114:22:114:52":3,"s:115:8:115:Infinity":55,"b:118:6:123:Infinity:120:13:123:Infinity":4,"s:118:6:123:Infinity":56,"s:119:8:119:Infinity":57,"s:121:20:121:Infinity":58,"b:121:43:121:57:121:57:121:Infinity":5,"s:122:8:122:Infinity":59,"b:122:19:122:26:122:26:122:54":6,"s:125:6:125:Infinity":60,"s:129:2:166:Infinity":61,"f:129:12:129:18":13,"s:130:4:130:Infinity":62,"b:132:4:132:Infinity:undefined:undefined:undefined:undefined":7,"s:132:4:132:Infinity":63,"s:132:19:132:Infinity":64,"s:135:4:139:Infinity":65,"f:135:36:135:37":14,"b:136:6:138:Infinity:undefined:undefined:undefined:undefined":8,"s:136:6:138:Infinity":66,"s:137:8:137:Infinity":67,"s:143:8:163:Infinity":68,"f:143:40:143:41":15,"s:144:6:144:Infinity":69,"b:147:6:162:Infinity:153:6:162:Infinity":9,"s:147:6:162:Infinity":70,"b:147:10:147:35:147:35:147:51":10,"s:148:8:148:Infinity":71,"s:149:8:149:Infinity":72,"s:150:8:150:Infinity":73,"s:152:8:152:Infinity":74,"b:153:6:162:Infinity:159:6:162:Infinity":11,"s:153:6:162:Infinity":75,"s:154:8:154:Infinity":76,"s:155:8:155:Infinity":77,"s:156:8:156:Infinity":78,"s:158:8:158:Infinity":79,"b:159:6:162:Infinity:undefined:undefined:undefined:undefined":12,"s:159:6:162:Infinity":80,"b:159:17:159:48:159:48:159:64":13,"s:161:8:161:Infinity":81,"s:165:4:165:Infinity":82,"f:165:11:165:17":16,"s:165:17:165:Infinity":83,"s:168:27:192:Infinity":84,"f:168:27:168:34":17,"b:169:4:169:Infinity:undefined:undefined:undefined:undefined":14,"s:169:4:169:Infinity":85,"b:169:8:169:28:169:28:169:46":15,"s:169:46:169:Infinity":86,"s:171:4:191:Infinity":87,"s:172:6:186:Infinity":88,"f:172:28:172:40":18,"s:173:37:173:Infinity":89,"s:174:8:182:Infinity":90,"s:175:10:181:Infinity":91,"s:176:30:176:Infinity":92,"s:177:12:177:Infinity":93,"s:179:12:179:Infinity":94,"s:180:12:180:Infinity":95,"s:183:8:183:Infinity":96,"f:183:19:183:20":19,"s:183:29:183:53":97,"s:184:8:184:Infinity":98,"s:185:8:185:Infinity":99,"b:188:6:190:Infinity:undefined:undefined:undefined:undefined":16,"s:188:6:190:Infinity":100,"s:189:8:189:Infinity":101,"s:194:34:209:Infinity":102,"f:194:34:194:41":20,"b:195:4:195:Infinity:undefined:undefined:undefined:undefined":17,"s:195:4:195:Infinity":103,"b:195:8:195:28:195:28:195:46":18,"s:195:46:195:Infinity":104,"s:197:4:208:Infinity":105,"s:198:6:203:Infinity":106,"f:198:28:198:40":21,"s:199:26:199:Infinity":107,"s:200:8:200:Infinity":108,"f:200:19:200:20":22,"s:200:29:200:49":109,"s:201:8:201:Infinity":110,"s:202:8:202:Infinity":111,"b:205:6:207:Infinity:undefined:undefined:undefined:undefined":19,"s:205:6:207:Infinity":112,"s:206:8:206:Infinity":113,"s:211:29:231:Infinity":114,"f:211:29:211:36":23,"b:212:4:212:Infinity:undefined:undefined:undefined:undefined":20,"s:212:4:212:Infinity":115,"b:212:8:212:28:212:28:212:46":21,"s:212:46:212:Infinity":116,"s:214:4:230:Infinity":117,"s:215:6:225:Infinity":118,"f:215:28:215:40":24,"s:216:8:216:Infinity":119,"s:217:8:221:Infinity":120,"f:217:28:217:29":25,"s:218:25:218:Infinity":121,"s:219:10:219:Infinity":122,"s:220:10:220:Infinity":123,"s:222:8:222:Infinity":124,"f:222:19:222:20":26,"s:222:29:222:66":125,"f:222:41:222:42":27,"s:222:48:222:65":126,"s:223:8:223:Infinity":127,"s:224:8:224:Infinity":128,"b:227:6:229:Infinity:undefined:undefined:undefined:undefined":22,"s:227:6:229:Infinity":129,"s:228:8:228:Infinity":130,"s:233:29:250:Infinity":131,"f:233:29:233:36":28,"b:234:4:234:Infinity:undefined:undefined:undefined:undefined":23,"s:234:4:234:Infinity":132,"b:234:8:234:28:234:28:234:46":24,"s:234:46:234:Infinity":133,"s:236:4:249:Infinity":134,"s:237:6:244:Infinity":135,"f:237:28:237:40":29,"s:238:24:238:Infinity":136,"s:239:8:241:Infinity":137,"f:239:19:239:20":30,"s:240:10:240:Infinity":138,"f:240:19:240:20":31,"s:240:27:240:61":139,"b:240:49:240:59:240:59:240:61":25,"s:242:8:242:Infinity":140,"s:243:8:243:Infinity":141,"b:246:6:248:Infinity:undefined:undefined:undefined:undefined":26,"s:246:6:248:Infinity":142,"s:247:8:247:Infinity":143,"s:252:30:274:Infinity":144,"f:252:30:252:Infinity":32,"b:256:4:256:Infinity:undefined:undefined:undefined:undefined":27,"s:256:4:256:Infinity":145,"b:256:8:256:28:256:28:256:48:256:48:256:66":28,"s:256:66:256:Infinity":146,"s:258:4:273:Infinity":147,"s:259:6:268:Infinity":148,"f:259:28:259:40":33,"s:260:8:265:Infinity":149,"s:266:8:266:Infinity":150,"s:267:8:267:Infinity":151,"b:270:6:272:Infinity:undefined:undefined:undefined:undefined":29,"s:270:6:272:Infinity":152,"s:271:8:271:Infinity":153,"s:276:28:300:Infinity":154,"f:276:28:276:Infinity":34,"b:281:4:281:Infinity:undefined:undefined:undefined:undefined":30,"s:281:4:281:Infinity":155,"b:281:8:281:28:281:28:281:46":31,"s:281:46:281:Infinity":156,"s:283:4:299:Infinity":157,"s:284:6:294:Infinity":158,"f:284:28:284:40":35,"s:285:25:290:Infinity":159,"s:291:8:291:Infinity":160,"f:291:18:291:19":36,"s:291:28:291:47":161,"s:292:8:292:Infinity":162,"s:293:8:293:Infinity":163,"b:296:6:298:Infinity:undefined:undefined:undefined:undefined":32,"s:296:6:298:Infinity":164,"s:297:8:297:Infinity":165,"s:302:28:317:Infinity":166,"f:302:28:302:35":37,"b:303:4:303:Infinity:undefined:undefined:undefined:undefined":33,"s:303:4:303:Infinity":167,"s:303:26:303:Infinity":168,"s:305:4:316:Infinity":169,"s:306:6:311:Infinity":170,"f:306:28:306:40":38,"s:307:8:307:Infinity":171,"s:308:8:308:Infinity":172,"f:308:18:308:19":39,"s:308:28:308:59":173,"f:308:40:308:41":40,"s:308:47:308:58":174,"s:309:8:309:Infinity":175,"s:310:8:310:Infinity":176,"b:313:6:315:Infinity:undefined:undefined:undefined:undefined":34,"s:313:6:315:Infinity":177,"s:314:8:314:Infinity":178,"s:319:31:343:Infinity":179,"f:319:31:319:38":41,"b:320:4:320:Infinity:undefined:undefined:undefined:undefined":35,"s:320:4:320:Infinity":180,"s:320:26:320:Infinity":181,"s:322:4:342:Infinity":182,"s:323:6:337:Infinity":183,"f:323:28:323:40":42,"s:324:29:324:Infinity":184,"s:325:8:332:Infinity":185,"f:325:18:325:19":43,"s:326:10:331:Infinity":186,"f:327:17:327:18":44,"s:327:25:327:56":187,"b:327:39:327:54:327:54:327:56":36,"f:328:18:328:19":45,"b:329:14:329:Infinity:undefined:undefined:undefined:undefined":37,"s:329:14:329:Infinity":188,"s:329:41:329:Infinity":189,"s:330:14:330:Infinity":190,"b:330:32:330:37:330:37:330:Infinity":38,"s:333:8:335:Infinity":191,"b:334:26:334:53:334:53:334:Infinity":39,"s:336:8:336:Infinity":192,"b:339:6:341:Infinity:undefined:undefined:undefined:undefined":40,"s:339:6:341:Infinity":193,"s:340:8:340:Infinity":194,"s:345:24:485:Infinity":195,"f:345:24:345:30":46,"b:346:4:350:Infinity:undefined:undefined:undefined:undefined":41,"s:346:4:350:Infinity":196,"s:347:6:350:Infinity":197,"b:353:4:384:Infinity:undefined:undefined:undefined:undefined":42,"s:353:4:384:Infinity":198,"s:354:6:384:Infinity":199,"f:373:23:373:29":47,"s:373:29:373:Infinity":200,"f:379:23:379:29":48,"s:379:29:379:Infinity":201,"s:387:4:483:Infinity":202,"b:389:9:389:Infinity:390:10:404:Infinity":43,"f:392:21:392:22":49,"s:393:14:393:Infinity":203,"s:394:14:394:Infinity":204,"b:406:9:406:35:406:35:406:Infinity:407:10:424:Infinity":44,"f:409:21:409:22":50,"s:410:14:414:Infinity":205,"s:415:14:415:Infinity":206,"b:426:9:426:Infinity:427:10:446:Infinity":45,"f:429:21:429:22":51,"s:430:14:430:Infinity":207,"s:431:14:431:Infinity":208,"b:448:9:448:Infinity:449:10:462:Infinity":46,"f:451:21:451:22":52,"s:452:14:452:Infinity":209,"s:453:14:453:Infinity":210,"f:460:25:460:31":53,"s:460:31:460:Infinity":211,"b:464:9:464:34:464:34:464:Infinity:465:10:481:Infinity":47,"f:467:21:467:22":54,"s:468:14:468:Infinity":212,"s:469:14:469:Infinity":213,"f:474:25:474:31":55,"s:474:31:474:Infinity":214,"f:475:30:475:31":56,"s:475:46:475:Infinity":215,"s:487:2:560:Infinity":216,"f:491:17:491:18":57,"s:492:10:492:Infinity":217,"s:493:10:493:Infinity":218,"f:499:25:499:31":58,"s:499:31:499:Infinity":219,"f:500:26:500:27":59,"s:500:42:500:Infinity":220,"f:501:26:501:27":60,"s:501:42:501:Infinity":221,"b:506:10:514:Infinity:516:10:549:Infinity":48,"f:508:21:508:22":61,"s:509:14:509:Infinity":222,"s:510:14:510:Infinity":223,"f:513:28:513:34":62,"s:513:34:513:55":224,"f:521:25:521:31":63,"s:521:31:521:Infinity":225,"f:526:25:526:31":64,"s:526:31:526:Infinity":226,"f:531:25:531:31":65,"s:531:31:531:Infinity":227,"b:533:15:533:Infinity:534:16:545:Infinity":49,"f:538:29:538:35":66,"s:538:35:538:Infinity":228,"f:543:29:543:35":67,"s:543:35:543:Infinity":229,"b:553:7:553:Infinity:554:8:558:Infinity":50,"f:557:19:557:25":68,"s:557:25:557:Infinity":230,"s:564:22:597:Infinity":231,"f:564:22:564:28":69,"s:565:8:565:Infinity":232,"f:565:34:565:35":70,"s:565:45:565:61":233,"s:567:8:567:Infinity":234,"s:569:2:585:Infinity":235,"f:569:12:569:18":71,"b:570:4:570:Infinity:undefined:undefined:undefined:undefined":51,"s:570:4:570:Infinity":236,"s:570:19:570:Infinity":237,"s:572:4:576:Infinity":238,"f:574:12:574:13":72,"s:575:8:575:Infinity":239,"s:580:8:582:Infinity":240,"f:580:40:580:41":73,"s:581:6:581:Infinity":241,"s:584:4:584:Infinity":242,"f:584:11:584:17":74,"s:584:17:584:Infinity":243,"s:587:2:595:Infinity":244,"f:590:15:590:16":75,"s:591:8:591:Infinity":245}}}
,"B:\\GitHub\\league-master\\src\\components\\error\\ErrorBoundary.tsx": {"path":"B:\\GitHub\\league-master\\src\\components\\error\\ErrorBoundary.tsx","statementMap":{"0":{"start":{"line":23,"column":4},"end":{"line":23,"column":null}},"1":{"start":{"line":58,"column":2},"end":{"line":65,"column":null}},"2":{"start":{"line":59,"column":4},"end":{"line":64,"column":null}},"3":{"start":{"line":24,"column":4},"end":{"line":29,"column":null}},"4":{"start":{"line":33,"column":4},"end":{"line":33,"column":null}},"5":{"start":{"line":37,"column":22},"end":{"line":37,"column":null}},"6":{"start":{"line":38,"column":19},"end":{"line":38,"column":null}},"7":{"start":{"line":39,"column":20},"end":{"line":39,"column":null}},"8":{"start":{"line":41,"column":4},"end":{"line":46,"column":null}},"9":{"start":{"line":48,"column":4},"end":{"line":51,"column":null}},"10":{"start":{"line":53,"column":4},"end":{"line":55,"column":null}},"11":{"start":{"line":54,"column":6},"end":{"line":54,"column":null}},"12":{"start":{"line":68,"column":4},"end":{"line":105,"column":null}},"13":{"start":{"line":69,"column":6},"end":{"line":75,"column":null}},"14":{"start":{"line":70,"column":8},"end":{"line":74,"column":null}},"15":{"start":{"line":77,"column":6},"end":{"line":103,"column":null}},"16":{"start":{"line":107,"column":4},"end":{"line":107,"column":null}}},"fnMap":{"0":{"name":"(anonymous_0)","decl":{"start":{"line":22,"column":2},"end":{"line":22,"column":14}},"loc":{"start":{"line":22,"column":41},"end":{"line":30,"column":null}},"line":22},"1":{"name":"(anonymous_1)","decl":{"start":{"line":58,"column":23},"end":{"line":58,"column":29}},"loc":{"start":{"line":58,"column":29},"end":{"line":65,"column":null}},"line":58},"2":{"name":"(anonymous_2)","decl":{"start":{"line":32,"column":9},"end":{"line":32,"column":34}},"loc":{"start":{"line":32,"column":48},"end":{"line":34,"column":null}},"line":32},"3":{"name":"(anonymous_3)","decl":{"start":{"line":36,"column":2},"end":{"line":36,"column":20}},"loc":{"start":{"line":36,"column":62},"end":{"line":56,"column":null}},"line":36},"4":{"name":"(anonymous_4)","decl":{"start":{"line":67,"column":2},"end":{"line":67,"column":11}},"loc":{"start":{"line":67,"column":11},"end":{"line":108,"column":null}},"line":67}},"branchMap":{"0":{"loc":{"start":{"line":41,"column":22},"end":{"line":41,"column":65}},"type":"binary-expr","locations":[{"start":{"line":41,"column":22},"end":{"line":41,"column":50}},{"start":{"line":41,"column":50},"end":{"line":41,"column":65}}],"line":41},"1":{"loc":{"start":{"line":53,"column":4},"end":{"line":55,"column":null}},"type":"if","locations":[{"start":{"line":53,"column":4},"end":{"line":55,"column":null}},{"start":{},"end":{}}],"line":53},"2":{"loc":{"start":{"line":68,"column":4},"end":{"line":105,"column":null}},"type":"if","locations":[{"start":{"line":68,"column":4},"end":{"line":105,"column":null}},{"start":{},"end":{}}],"line":68},"3":{"loc":{"start":{"line":68,"column":8},"end":{"line":68,"column":49}},"type":"binary-expr","locations":[{"start":{"line":68,"column":8},"end":{"line":68,"column":31}},{"start":{"line":68,"column":31},"end":{"line":68,"column":49}}],"line":68},"4":{"loc":{"start":{"line":69,"column":6},"end":{"line":75,"column":null}},"type":"if","locations":[{"start":{"line":69,"column":6},"end":{"line":75,"column":null}},{"start":{},"end":{}}],"line":69},"5":{"loc":{"start":{"line":80,"column":37},"end":{"line":80,"column":null}},"type":"binary-expr","locations":[{"start":{"line":80,"column":37},"end":{"line":80,"column":65}},{"start":{"line":80,"column":65},"end":{"line":80,"column":null}}],"line":80},"6":{"loc":{"start":{"line":85,"column":11},"end":{"line":95,"column":null}},"type":"binary-expr","locations":[{"start":{"line":85,"column":11},"end":{"line":85,"column":null}},{"start":{"line":86,"column":12},"end":{"line":95,"column":null}}],"line":85}},"s":{"0":28,"1":28,"2":0,"3":28,"4":0,"5":0,"6":0,"7":0,"8":0,"9":0,"10":0,"11":0,"12":28,"13":0,"14":0,"15":0,"16":28},"f":{"0":28,"1":0,"2":3,"3":0,"4":28},"b":{"0":[0,0],"1":[0,0],"2":[0,28],"3":[28,0],"4":[0,0],"5":[0,0],"6":[0,0]},"meta":{"lastBranch":7,"lastFunction":5,"lastStatement":17,"seen":{"f:22:2:22:14":0,"s:23:4:23:Infinity":0,"s:58:2:65:Infinity":1,"f:58:23:58:29":1,"s:59:4:64:Infinity":2,"s:24:4:29:Infinity":3,"f:32:9:32:34":2,"s:33:4:33:Infinity":4,"f:36:2:36:20":3,"s:37:22:37:Infinity":5,"s:38:19:38:Infinity":6,"s:39:20:39:Infinity":7,"s:41:4:46:Infinity":8,"b:41:22:41:50:41:50:41:65":0,"s:48:4:51:Infinity":9,"b:53:4:55:Infinity:undefined:undefined:undefined:undefined":1,"s:53:4:55:Infinity":10,"s:54:6:54:Infinity":11,"f:67:2:67:11":4,"b:68:4:105:Infinity:undefined:undefined:undefined:undefined":2,"s:68:4:105:Infinity":12,"b:68:8:68:31:68:31:68:49":3,"b:69:6:75:Infinity:undefined:undefined:undefined:undefined":4,"s:69:6:75:Infinity":13,"s:70:8:74:Infinity":14,"s:77:6:103:Infinity":15,"b:80:37:80:65:80:65:80:Infinity":5,"b:85:11:85:Infinity:86:12:95:Infinity":6,"s:107:4:107:Infinity":16}}}
,"B:\\GitHub\\league-master\\src\\components\\error\\ErrorFallback.tsx": {"path":"B:\\GitHub\\league-master\\src\\components\\error\\ErrorFallback.tsx","statementMap":{"0":{"start":{"line":14,"column":52},"end":{"line":63,"column":null}},"1":{"start":{"line":20,"column":2},"end":{"line":61,"column":null}}},"fnMap":{"0":{"name":"(anonymous_0)","decl":{"start":{"line":14,"column":52},"end":{"line":14,"column":53}},"loc":{"start":{"line":19,"column":6},"end":{"line":63,"column":null}},"line":19}},"branchMap":{"0":{"loc":{"start":{"line":17,"column":2},"end":{"line":17,"column":null}},"type":"default-arg","locations":[{"start":{"line":17,"column":18},"end":{"line":17,"column":null}}],"line":17},"1":{"loc":{"start":{"line":43,"column":11},"end":{"line":51,"column":null}},"type":"binary-expr","locations":[{"start":{"line":43,"column":11},"end":{"line":43,"column":null}},{"start":{"line":44,"column":12},"end":{"line":51,"column":null}}],"line":43}},"s":{"0":3,"1":0},"f":{"0":0},"b":{"0":[0],"1":[0,0]},"meta":{"lastBranch":2,"lastFunction":1,"lastStatement":2,"seen":{"s:14:52:63:Infinity":0,"f:14:52:14:53":0,"b:17:18:17:Infinity":0,"s:20:2:61:Infinity":1,"b:43:11:43:Infinity:44:12:51:Infinity":1}}}
,"B:\\GitHub\\league-master\\src\\components\\error\\index.ts": {"path":"B:\\GitHub\\league-master\\src\\components\\error\\index.ts","statementMap":{},"fnMap":{},"branchMap":{},"s":{},"f":{},"b":{},"meta":{"lastBranch":0,"lastFunction":0,"lastStatement":0,"seen":{}}}
,"B:\\GitHub\\league-master\\src\\components\\shared\\ConfirmModal.tsx": {"path":"B:\\GitHub\\league-master\\src\\components\\shared\\ConfirmModal.tsx","statementMap":{"0":{"start":{"line":14,"column":50},"end":{"line":52,"column":null}},"1":{"start":{"line":24,"column":2},"end":{"line":24,"column":null}},"2":{"start":{"line":24,"column":15},"end":{"line":24,"column":null}},"3":{"start":{"line":26,"column":2},"end":{"line":50,"column":null}}},"fnMap":{"0":{"name":"(anonymous_0)","decl":{"start":{"line":14,"column":50},"end":{"line":14,"column":51}},"loc":{"start":{"line":23,"column":6},"end":{"line":52,"column":null}},"line":23}},"branchMap":{"0":{"loc":{"start":{"line":20,"column":2},"end":{"line":20,"column":null}},"type":"default-arg","locations":[{"start":{"line":20,"column":16},"end":{"line":20,"column":null}}],"line":20},"1":{"loc":{"start":{"line":21,"column":2},"end":{"line":21,"column":null}},"type":"default-arg","locations":[{"start":{"line":21,"column":15},"end":{"line":21,"column":null}}],"line":21},"2":{"loc":{"start":{"line":22,"column":2},"end":{"line":22,"column":null}},"type":"default-arg","locations":[{"start":{"line":22,"column":23},"end":{"line":22,"column":null}}],"line":22},"3":{"loc":{"start":{"line":24,"column":2},"end":{"line":24,"column":null}},"type":"if","locations":[{"start":{"line":24,"column":2},"end":{"line":24,"column":null}},{"start":{},"end":{}}],"line":24}},"s":{"0":3,"1":0,"2":0,"3":0},"f":{"0":0},"b":{"0":[0],"1":[0],"2":[0],"3":[0,0]},"meta":{"lastBranch":4,"lastFunction":1,"lastStatement":4,"seen":{"s:14:50:52:Infinity":0,"f:14:50:14:51":0,"b:20:16:20:Infinity":0,"b:21:15:21:Infinity":1,"b:22:23:22:Infinity":2,"b:24:2:24:Infinity:undefined:undefined:undefined:undefined":3,"s:24:2:24:Infinity":1,"s:24:15:24:Infinity":2,"s:26:2:50:Infinity":3}}}
,"B:\\GitHub\\league-master\\src\\components\\shared\\Dropdown.tsx": {"path":"B:\\GitHub\\league-master\\src\\components\\shared\\Dropdown.tsx","statementMap":{"0":{"start":{"line":15,"column":17},"end":{"line":165,"column":null}},"1":{"start":{"line":30,"column":28},"end":{"line":30,"column":null}},"2":{"start":{"line":31,"column":10},"end":{"line":31,"column":null}},"3":{"start":{"line":33,"column":25},"end":{"line":33,"column":null}},"4":{"start":{"line":33,"column":46},"end":{"line":33,"column":72}},"5":{"start":{"line":34,"column":26},"end":{"line":34,"column":null}},"6":{"start":{"line":37,"column":4},"end":{"line":54,"column":null}},"7":{"start":{"line":38,"column":33},"end":{"line":45,"column":null}},"8":{"start":{"line":39,"column":8},"end":{"line":44,"column":null}},"9":{"start":{"line":43,"column":10},"end":{"line":43,"column":null}},"10":{"start":{"line":47,"column":6},"end":{"line":52,"column":null}},"11":{"start":{"line":48,"column":8},"end":{"line":48,"column":null}},"12":{"start":{"line":49,"column":8},"end":{"line":51,"column":null}},"13":{"start":{"line":50,"column":10},"end":{"line":50,"column":null}},"14":{"start":{"line":53,"column":6},"end":{"line":53,"column":null}},"15":{"start":{"line":56,"column":4},"end":{"line":162,"column":null}},"16":{"start":{"line":59,"column":25},"end":{"line":59,"column":null}},"17":{"start":{"line":119,"column":35},"end":{"line":119,"column":null}},"18":{"start":{"line":120,"column":18},"end":{"line":150,"column":null}},"19":{"start":{"line":124,"column":24},"end":{"line":124,"column":null}},"20":{"start":{"line":125,"column":24},"end":{"line":125,"column":null}},"21":{"start":{"line":167,"column":0},"end":{"line":167,"column":null}}},"fnMap":{"0":{"name":"(anonymous_0)","decl":{"start":{"line":16,"column":2},"end":{"line":16,"column":null}},"loc":{"start":{"line":29,"column":7},"end":{"line":164,"column":null}},"line":29},"1":{"name":"(anonymous_1)","decl":{"start":{"line":33,"column":36},"end":{"line":33,"column":37}},"loc":{"start":{"line":33,"column":46},"end":{"line":33,"column":72}},"line":33},"2":{"name":"(anonymous_2)","decl":{"start":{"line":37,"column":14},"end":{"line":37,"column":20}},"loc":{"start":{"line":37,"column":20},"end":{"line":54,"column":7}},"line":37},"3":{"name":"(anonymous_3)","decl":{"start":{"line":38,"column":33},"end":{"line":38,"column":34}},"loc":{"start":{"line":38,"column":52},"end":{"line":45,"column":null}},"line":38},"4":{"name":"(anonymous_4)","decl":{"start":{"line":49,"column":15},"end":{"line":49,"column":21}},"loc":{"start":{"line":49,"column":21},"end":{"line":51,"column":null}},"line":49},"5":{"name":"(anonymous_5)","decl":{"start":{"line":59,"column":19},"end":{"line":59,"column":25}},"loc":{"start":{"line":59,"column":25},"end":{"line":59,"column":null}},"line":59},"6":{"name":"(anonymous_6)","decl":{"start":{"line":118,"column":26},"end":{"line":118,"column":27}},"loc":{"start":{"line":118,"column":36},"end":{"line":152,"column":17}},"line":118},"7":{"name":"(anonymous_7)","decl":{"start":{"line":123,"column":31},"end":{"line":123,"column":37}},"loc":{"start":{"line":123,"column":37},"end":{"line":126,"column":null}},"line":123}},"branchMap":{"0":{"loc":{"start":{"line":23,"column":6},"end":{"line":23,"column":null}},"type":"default-arg","locations":[{"start":{"line":23,"column":20},"end":{"line":23,"column":null}}],"line":23},"1":{"loc":{"start":{"line":24,"column":6},"end":{"line":24,"column":null}},"type":"default-arg","locations":[{"start":{"line":24,"column":14},"end":{"line":24,"column":null}}],"line":24},"2":{"loc":{"start":{"line":25,"column":6},"end":{"line":25,"column":null}},"type":"default-arg","locations":[{"start":{"line":25,"column":17},"end":{"line":25,"column":null}}],"line":25},"3":{"loc":{"start":{"line":26,"column":6},"end":{"line":26,"column":null}},"type":"default-arg","locations":[{"start":{"line":26,"column":18},"end":{"line":26,"column":null}}],"line":26},"4":{"loc":{"start":{"line":34,"column":26},"end":{"line":34,"column":null}},"type":"cond-expr","locations":[{"start":{"line":34,"column":41},"end":{"line":34,"column":66}},{"start":{"line":34,"column":66},"end":{"line":34,"column":null}}],"line":34},"5":{"loc":{"start":{"line":39,"column":8},"end":{"line":44,"column":null}},"type":"if","locations":[{"start":{"line":39,"column":8},"end":{"line":44,"column":null}},{"start":{},"end":{}}],"line":39},"6":{"loc":{"start":{"line":40,"column":10},"end":{"line":41,"column":null}},"type":"binary-expr","locations":[{"start":{"line":40,"column":10},"end":{"line":40,"column":null}},{"start":{"line":41,"column":10},"end":{"line":41,"column":null}}],"line":40},"7":{"loc":{"start":{"line":47,"column":6},"end":{"line":52,"column":null}},"type":"if","locations":[{"start":{"line":47,"column":6},"end":{"line":52,"column":null}},{"start":{},"end":{}}],"line":47},"8":{"loc":{"start":{"line":57,"column":16},"end":{"line":57,"column":36}},"type":"binary-expr","locations":[{"start":{"line":57,"column":16},"end":{"line":57,"column":31}},{"start":{"line":57,"column":31},"end":{"line":57,"column":36}}],"line":57},"9":{"loc":{"start":{"line":59,"column":25},"end":{"line":59,"column":null}},"type":"binary-expr","locations":[{"start":{"line":59,"column":25},"end":{"line":59,"column":38}},{"start":{"line":59,"column":38},"end":{"line":59,"column":null}}],"line":59},"10":{"loc":{"start":{"line":94,"column":14},"end":{"line":94,"column":null}},"type":"cond-expr","locations":[{"start":{"line":94,"column":23},"end":{"line":94,"column":38}},{"start":{"line":94,"column":38},"end":{"line":94,"column":null}}],"line":94},"11":{"loc":{"start":{"line":110,"column":9},"end":{"line":160,"column":null}},"type":"binary-expr","locations":[{"start":{"line":110,"column":9},"end":{"line":110,"column":null}},{"start":{"line":111,"column":10},"end":{"line":160,"column":null}}],"line":110},"12":{"loc":{"start":{"line":113,"column":15},"end":{"line":152,"column":null}},"type":"cond-expr","locations":[{"start":{"line":114,"column":16},"end":{"line":116,"column":null}},{"start":{"line":118,"column":16},"end":{"line":152,"column":null}}],"line":113},"13":{"loc":{"start":{"line":128,"column":24},"end":{"line":130,"column":null}},"type":"cond-expr","locations":[{"start":{"line":129,"column":28},"end":{"line":129,"column":null}},{"start":{"line":130,"column":28},"end":{"line":130,"column":null}}],"line":128},"14":{"loc":{"start":{"line":136,"column":23},"end":{"line":148,"column":null}},"type":"binary-expr","locations":[{"start":{"line":136,"column":23},"end":{"line":136,"column":null}},{"start":{"line":137,"column":24},"end":{"line":148,"column":null}}],"line":136}},"s":{"0":3,"1":28,"2":28,"3":28,"4":0,"5":28,"6":28,"7":28,"8":0,"9":0,"10":28,"11":0,"12":0,"13":0,"14":28,"15":28,"16":0,"17":0,"18":0,"19":0,"20":0,"21":3},"f":{"0":28,"1":0,"2":28,"3":0,"4":0,"5":0,"6":0,"7":0},"b":{"0":[28],"1":[28],"2":[28],"3":[28],"4":[0,28],"5":[0,0],"6":[0,0],"7":[0,28],"8":[28,0],"9":[0,0],"10":[0,28],"11":[28,0],"12":[0,0],"13":[0,0],"14":[0,0]},"meta":{"lastBranch":15,"lastFunction":8,"lastStatement":22,"seen":{"s:15:17:165:Infinity":0,"f:16:2:16:Infinity":0,"b:23:20:23:Infinity":0,"b:24:14:24:Infinity":1,"b:25:17:25:Infinity":2,"b:26:18:26:Infinity":3,"s:30:28:30:Infinity":1,"s:31:10:31:Infinity":2,"s:33:25:33:Infinity":3,"f:33:36:33:37":1,"s:33:46:33:72":4,"s:34:26:34:Infinity":5,"b:34:41:34:66:34:66:34:Infinity":4,"s:37:4:54:Infinity":6,"f:37:14:37:20":2,"s:38:33:45:Infinity":7,"f:38:33:38:34":3,"b:39:8:44:Infinity:undefined:undefined:undefined:undefined":5,"s:39:8:44:Infinity":8,"b:40:10:40:Infinity:41:10:41:Infinity":6,"s:43:10:43:Infinity":9,"b:47:6:52:Infinity:undefined:undefined:undefined:undefined":7,"s:47:6:52:Infinity":10,"s:48:8:48:Infinity":11,"s:49:8:51:Infinity":12,"f:49:15:49:21":4,"s:50:10:50:Infinity":13,"s:53:6:53:Infinity":14,"s:56:4:162:Infinity":15,"b:57:16:57:31:57:31:57:36":8,"f:59:19:59:25":5,"s:59:25:59:Infinity":16,"b:59:25:59:38:59:38:59:Infinity":9,"b:94:23:94:38:94:38:94:Infinity":10,"b:110:9:110:Infinity:111:10:160:Infinity":11,"b:114:16:116:Infinity:118:16:152:Infinity":12,"f:118:26:118:27":6,"s:119:35:119:Infinity":17,"s:120:18:150:Infinity":18,"f:123:31:123:37":7,"s:124:24:124:Infinity":19,"s:125:24:125:Infinity":20,"b:129:28:129:Infinity:130:28:130:Infinity":13,"b:136:23:136:Infinity:137:24:148:Infinity":14,"s:167:0:167:Infinity":21}}}
,"B:\\GitHub\\league-master\\src\\components\\shared\\Match.tsx": {"path":"B:\\GitHub\\league-master\\src\\components\\shared\\Match.tsx","statementMap":{"0":{"start":{"line":14,"column":36},"end":{"line":99,"column":null}},"1":{"start":{"line":24,"column":29},"end":{"line":26,"column":null}},"2":{"start":{"line":25,"column":4},"end":{"line":25,"column":null}},"3":{"start":{"line":28,"column":29},"end":{"line":30,"column":null}},"4":{"start":{"line":29,"column":4},"end":{"line":29,"column":null}},"5":{"start":{"line":32,"column":27},"end":{"line":34,"column":null}},"6":{"start":{"line":33,"column":4},"end":{"line":33,"column":null}},"7":{"start":{"line":37,"column":4},"end":{"line":37,"column":null}},"8":{"start":{"line":40,"column":23},"end":{"line":42,"column":null}},"9":{"start":{"line":43,"column":23},"end":{"line":45,"column":null}},"10":{"start":{"line":48,"column":2},"end":{"line":62,"column":null}},"11":{"start":{"line":49,"column":15},"end":{"line":49,"column":null}},"12":{"start":{"line":50,"column":15},"end":{"line":50,"column":null}},"13":{"start":{"line":51,"column":4},"end":{"line":61,"column":null}},"14":{"start":{"line":52,"column":6},"end":{"line":60,"column":null}},"15":{"start":{"line":53,"column":8},"end":{"line":54,"column":null}},"16":{"start":{"line":55,"column":8},"end":{"line":55,"column":null}},"17":{"start":{"line":56,"column":6},"end":{"line":60,"column":null}},"18":{"start":{"line":57,"column":8},"end":{"line":58,"column":null}},"19":{"start":{"line":59,"column":8},"end":{"line":59,"column":null}},"20":{"start":{"line":64,"column":2},"end":{"line":97,"column":null}}},"fnMap":{"0":{"name":"(anonymous_0)","decl":{"start":{"line":14,"column":36},"end":{"line":14,"column":37}},"loc":{"start":{"line":23,"column":6},"end":{"line":99,"column":null}},"line":23},"1":{"name":"(anonymous_1)","decl":{"start":{"line":24,"column":29},"end":{"line":24,"column":30}},"loc":{"start":{"line":24,"column":73},"end":{"line":26,"column":null}},"line":24},"2":{"name":"(anonymous_2)","decl":{"start":{"line":28,"column":29},"end":{"line":28,"column":30}},"loc":{"start":{"line":28,"column":73},"end":{"line":30,"column":null}},"line":28},"3":{"name":"(anonymous_3)","decl":{"start":{"line":32,"column":27},"end":{"line":32,"column":28}},"loc":{"start":{"line":32,"column":71},"end":{"line":34,"column":null}},"line":32}},"branchMap":{"0":{"loc":{"start":{"line":20,"column":2},"end":{"line":20,"column":null}},"type":"default-arg","locations":[{"start":{"line":20,"column":9},"end":{"line":20,"column":null}}],"line":20},"1":{"loc":{"start":{"line":22,"column":2},"end":{"line":22,"column":null}},"type":"default-arg","locations":[{"start":{"line":22,"column":18},"end":{"line":22,"column":null}}],"line":22},"2":{"loc":{"start":{"line":41,"column":4},"end":{"line":41,"column":null}},"type":"cond-expr","locations":[{"start":{"line":41,"column":20},"end":{"line":41,"column":38}},{"start":{"line":41,"column":38},"end":{"line":41,"column":null}}],"line":41},"3":{"loc":{"start":{"line":44,"column":4},"end":{"line":44,"column":null}},"type":"cond-expr","locations":[{"start":{"line":44,"column":20},"end":{"line":44,"column":38}},{"start":{"line":44,"column":38},"end":{"line":44,"column":null}}],"line":44},"4":{"loc":{"start":{"line":48,"column":2},"end":{"line":62,"column":null}},"type":"if","locations":[{"start":{"line":48,"column":2},"end":{"line":62,"column":null}},{"start":{},"end":{}}],"line":48},"5":{"loc":{"start":{"line":48,"column":6},"end":{"line":48,"column":56}},"type":"binary-expr","locations":[{"start":{"line":48,"column":6},"end":{"line":48,"column":24}},{"start":{"line":48,"column":24},"end":{"line":48,"column":41}},{"start":{"line":48,"column":41},"end":{"line":48,"column":56}}],"line":48},"6":{"loc":{"start":{"line":51,"column":4},"end":{"line":61,"column":null}},"type":"if","locations":[{"start":{"line":51,"column":4},"end":{"line":61,"column":null}},{"start":{},"end":{}}],"line":51},"7":{"loc":{"start":{"line":51,"column":8},"end":{"line":51,"column":34}},"type":"binary-expr","locations":[{"start":{"line":51,"column":8},"end":{"line":51,"column":22}},{"start":{"line":51,"column":22},"end":{"line":51,"column":34}}],"line":51},"8":{"loc":{"start":{"line":52,"column":6},"end":{"line":60,"column":null}},"type":"if","locations":[{"start":{"line":52,"column":6},"end":{"line":60,"column":null}},{"start":{"line":56,"column":6},"end":{"line":60,"column":null}}],"line":52},"9":{"loc":{"start":{"line":56,"column":6},"end":{"line":60,"column":null}},"type":"if","locations":[{"start":{"line":56,"column":6},"end":{"line":60,"column":null}},{"start":{},"end":{}}],"line":56},"10":{"loc":{"start":{"line":87,"column":7},"end":{"line":95,"column":null}},"type":"binary-expr","locations":[{"start":{"line":87,"column":7},"end":{"line":87,"column":null}},{"start":{"line":88,"column":8},"end":{"line":95,"column":null}}],"line":87}},"s":{"0":3,"1":0,"2":0,"3":0,"4":0,"5":0,"6":0,"7":0,"8":0,"9":0,"10":0,"11":0,"12":
[...]
,"end":{"line":96,"column":null}},"59":{"start":{"line":97,"column":21},"end":{"line":97,"column":null}},"60":{"start":{"line":98,"column":21},"end":{"line":98,"column":null}},"61":{"start":{"line":99,"column":21},"end":{"line":99,"column":null}},"62":{"start":{"line":101,"column":21},"end":{"line":101,"column":null}},"63":{"start":{"line":102,"column":21},"end":{"line":102,"column":null}},"64":{"start":{"line":103,"column":10},"end":{"line":103,"column":null}},"65":{"start":{"line":103,"column":18},"end":{"line":103,"column":null}},"66":{"start":{"line":104,"column":10},"end":{"line":104,"column":null}},"67":{"start":{"line":104,"column":18},"end":{"line":104,"column":null}},"68":{"start":{"line":106,"column":6},"end":{"line":118,"column":null}},"69":{"start":{"line":107,"column":29},"end":{"line":107,"column":null}},"70":{"start":{"line":108,"column":19},"end":{"line":108,"column":null}},"71":{"start":{"line":109,"column":19},"end":{"line":109,"column":null}},"72":{"start":{"line":110,"column":19},"end":{"line":110,"column":null}},"73":{"start":{"line":111,"column":8},"end":{"line":111,"column":null}},"74":{"start":{"line":111,"column":16},"end":{"line":111,"column":null}},"75":{"start":{"line":112,"column":8},"end":{"line":112,"column":null}},"76":{"start":{"line":112,"column":16},"end":{"line":112,"column":null}},"77":{"start":{"line":113,"column":8},"end":{"line":113,"column":null}},"78":{"start":{"line":113,"column":16},"end":{"line":113,"column":null}},"79":{"start":{"line":114,"column":6},"end":{"line":118,"column":null}},"80":{"start":{"line":115,"column":25},"end":{"line":115,"column":null}},"81":{"start":{"line":116,"column":19},"end":{"line":116,"column":null}},"82":{"start":{"line":117,"column":8},"end":{"line":117,"column":null}},"83":{"start":{"line":117,"column":16},"end":{"line":117,"column":null}},"84":{"start":{"line":123,"column":2},"end":{"line":152,"column":null}},"85":{"start":{"line":124,"column":20},"end":{"line":124,"column":null}},"86":{"start":{"line":125,"column":4},"end":{"line":125,"column":null}},"87":{"start":{"line":125,"column":42},"end":{"line":125,"column":null}},"88":{"start":{"line":127,"column":22},"end":{"line":127,"column":null}},"89":{"start":{"line":128,"column":23},"end":{"line":128,"column":null}},"90":{"start":{"line":132,"column":4},"end":{"line":142,"column":null}},"91":{"start":{"line":132,"column":17},"end":{"line":132,"column":37}},"92":{"start":{"line":133,"column":6},"end":{"line":141,"column":null}},"93":{"start":{"line":137,"column":8},"end":{"line":137,"column":null}},"94":{"start":{"line":140,"column":8},"end":{"line":140,"column":null}},"95":{"start":{"line":144,"column":4},"end":{"line":151,"column":null}},"96":{"start":{"line":145,"column":6},"end":{"line":145,"column":null}},"97":{"start":{"line":146,"column":4},"end":{"line":151,"column":null}},"98":{"start":{"line":147,"column":6},"end":{"line":147,"column":null}},"99":{"start":{"line":150,"column":6},"end":{"line":150,"column":null}},"100":{"start":{"line":154,"column":2},"end":{"line":154,"column":null}}},"fnMap":{"0":{"name":"(anonymous_0)","decl":{"start":{"line":11,"column":34},"end":{"line":11,"column":null}},"loc":{"start":{"line":14,"column":5},"end":{"line":155,"column":null}},"line":14},"1":{"name":"(anonymous_1)","decl":{"start":{"line":20,"column":18},"end":{"line":20,"column":19}},"loc":{"start":{"line":20,"column":25},"end":{"line":24,"column":3}},"line":20},"2":{"name":"(anonymous_2)","decl":{"start":{"line":32,"column":47},"end":{"line":32,"column":48}},"loc":{"start":{"line":32,"column":57},"end":{"line":34,"column":3}},"line":32},"3":{"name":"(anonymous_3)","decl":{"start":{"line":36,"column":24},"end":{"line":36,"column":25}},"loc":{"start":{"line":36,"column":35},"end":{"line":120,"column":3}},"line":36},"4":{"name":"(anonymous_4)","decl":{"start":{"line":40,"column":25},"end":{"line":40,"column":26}},"loc":{"start":{"line":40,"column":42},"end":{"line":119,"column":5}},"line":40},"5":{"name":"(anonymous_5)","decl":{"start":{"line":43,"column":26},"end":{"line":43,"column":27}},"loc":{"start":{"line":43,"column":78},"end":{"line":79,"column":null}},"line":43},"6":{"name":"(anonymous_6)","decl":{"start":{"line":123,"column":18},"end":{"line":123,"column":19}},"loc":{"start":{"line":123,"column":25},"end":{"line":152,"column":3}},"line":123}},"branchMap":{"0":{"loc":{"start":{"line":27,"column":2},"end":{"line":29,"column":null}},"type":"if","locations":[{"start":{"line":27,"column":2},"end":{"line":29,"column":null}},{"start":{},"end":{}}],"line":27},"1":{"loc":{"start":{"line":27,"column":6},"end":{"line":27,"column":50}},"type":"binary-expr","locations":[{"start":{"line":27,"column":6},"end":{"line":27,"column":23}},{"start":{"line":27,"column":23},"end":{"line":27,"column":50}}],"line":27},"2":{"loc":{"start":{"line":38,"column":4},"end":{"line":38,"column":null}},"type":"if","locations":[{"start":{"line":38,"column":4},"end":{"line":38,"column":null}},{"start":{},"end":{}}],"line":38},"3":{"loc":{"start":{"line":44,"column":8},"end":{"line":44,"column":null}},"type":"if","locations":[{"start":{"line":44,"column":8},"end":{"line":44,"column":null}},{"start":{},"end":{}}],"line":44},"4":{"loc":{"start":{"line":44,"column":12},"end":{"line":44,"column":50}},"type":"binary-expr","locations":[{"start":{"line":44,"column":12},"end":{"line":44,"column":19}},{"start":{"line":44,"column":19},"end":{"line":44,"column":26}},{"start":{"line":44,"column":26},"end":{"line":44,"column":39}},{"start":{"line":44,"column":39},"end":{"line":44,"column":50}}],"line":44},"5":{"loc":{"start":{"line":47,"column":8},"end":{"line":47,"column":null}},"type":"if","locations":[{"start":{"line":47,"column":8},"end":{"line":47,"column":null}},{"start":{},"end":{}}],"line":47},"6":{"loc":{"start":{"line":47,"column":12},"end":{"line":47,"column":44}},"type":"binary-expr","locations":[{"start":{"line":47,"column":12},"end":{"line":47,"column":29}},{"start":{"line":47,"column":29},"end":{"line":47,"column":44}}],"line":47},"7":{"loc":{"start":{"line":53,"column":8},"end":{"line":53,"column":null}},"type":"if","locations":[{"start":{"line":53,"column":8},"end":{"line":53,"column":null}},{"start":{},"end":{}}],"line":53},"8":{"loc":{"start":{"line":54,"column":8},"end":{"line":54,"column":null}},"type":"if","locations":[{"start":{"line":54,"column":8},"end":{"line":54,"column":null}},{"start":{},"end":{}}],"line":54},"9":{"loc":{"start":{"line":56,"column":8},"end":{"line":78,"column":null}},"type":"if","locations":[{"start":{"line":56,"column":8},"end":{"line":78,"column":null}},{"start":{"line":65,"column":8},"end":{"line":78,"column":null}}],"line":56},"10":{"loc":{"start":{"line":57,"column":10},"end":{"line":60,"column":null}},"type":"if","locations":[{"start":{"line":57,"column":10},"end":{"line":60,"column":null}},{"start":{},"end":{}}],"line":57},"11":{"loc":{"start":{"line":61,"column":10},"end":{"line":64,"column":null}},"type":"if","locations":[{"start":{"line":61,"column":10},"end":{"line":64,"column":null}},{"start":{},"end":{}}],"line":61},"12":{"loc":{"start":{"line":65,"column":8},"end":{"line":78,"column":null}},"type":"if","locations":[{"start":{"line":65,"column":8},"end":{"line":78,"column":null}},{"start":{"line":74,"column":15},"end":{"line":78,"column":null}}],"line":65},"13":{"loc":{"start":{"line":66,"column":10},"end":{"line":69,"column":null}},"type":"if","locations":[{"start":{"line":66,"column":10},"end":{"line":69,"column":null}},{"start":{},"end":{}}],"line":66},"14":{"loc":{"start":{"line":70,"column":10},"end":{"line":73,"column":null}},"type":"if","locations":[{"start":{"line":70,"column":10},"end":{"line":73,"column":null}},{"start":{},"end":{}}],"line":70},"15":{"loc":{"start":{"line":76,"column":10},"end":{"line":76,"column":null}},"type":"if","locations":[{"start":{"line":76,"column":10},"end":{"line":76,"column":null}},{"start":{},"end":{}}],"line":76},"16":{"loc":{"start":{"line":77,"column":10},"end":{"line":77,"column":null}},"type":"if","locations":[{"start":{"line":77,"column":10},"end":{"line":77,"column":null}},{"start":{},"end":{}}],"line":77},"17":{"loc":{"start":{"line":81,"column":6},"end":{"line":118,"column":null}},"type":"if","locations":[{"start":{"line":81,"column":6},"end":{"line":118,"column":null}},{"start":{"line":106,"column":6},"end":{"line":118,"column":null}}],"line":81},"18":{"loc":{"start":{"line":85,"column":8},"end":{"line":85,"column":null}},"type":"if","locations":[{"start":{"line":85,"column":8},"end":{"line":85,"column":null}},{"start":{},"end":{}}],"line":85},"19":{"loc":{"start":{"line":86,"column":8},"end":{"line":86,"column":null}},"type":"if","locations":[{"start":{"line":86,"column":8},"end":{"line":86,"column":null}},{"start":{},"end":{}}],"line":86},"20":{"loc":{"start":{"line":88,"column":8},"end":{"line":105,"column":null}},"type":"if","locations":[{"start":{"line":88,"column":8},"end":{"line":105,"column":null}},{"start":{},"end":{}}],"line":88},"21":{"loc":{"start":{"line":89,"column":10},"end":{"line":94,"column":null}},"type":"binary-expr","locations":[{"start":{"line":89,"column":10},"end":{"line":89,"column":null}},{"start":{"line":90,"column":10},"end":{"line":90,"column":null}},{"start":{"line":91,"column":10},"end":{"line":91,"column":null}},{"start":{"line":92,"column":10},"end":{"line":92,"column":null}},{"start":{"line":93,"column":10},"end":{"line":93,"column":null}},{"start":{"line":94,"column":10},"end":{"line":94,"column":null}}],"line":89},"22":{"loc":{"start":{"line":96,"column":21},"end":{"line":96,"column":null}},"type":"cond-expr","locations":[{"start":{"line":96,"column":65},"end":{"line":96,"column":70}},{"start":{"line":96,"column":70},"end":{"line":96,"column":null}}],"line":96},"23":{"loc":{"start":{"line":97,"column":21},"end":{"line":97,"column":null}},"type":"cond-expr","locations":[{"start":{"line":97,"column":65},"end":{"line":97,"column":71}},{"start":{"line":97,"column":71},"end":{"line":97,"column":null}}],"line":97},"24":{"loc":{"start":{"line":98,"column":21},"end":{"line":98,"column":null}},"type":"cond-expr","locations":[{"start":{"line":98,"column":65},"end":{"line":98,"column":71}},{"start":{"line":98,"column":71},"end":{"line":98,"column":null}}],"line":98},"25":{"loc":{"start":{"line":99,"column":21},"end":{"line":99,"column":null}},"type":"cond-expr","locations":[{"start":{"line":99,"column":65},"end":{"line":99,"column":70}},{"start":{"line":99,"column":70},"end":{"line":99,"column":null}}],"line":99},"26":{"loc":{"start":{"line":103,"column":10},"end":{"line":103,"column":null}},"type":"if","locations":[{"start":{"line":103,"column":10},"end":{"line":103,"column":null}},{"start":{},"end":{}}],"line":103},"27":{"loc":{"start":{"line":104,"column":10},"end":{"line":104,"column":null}},"type":"if","locations":[{"start":{"line":104,"column":10},"end":{"line":104,"column":null}},{"start":{},"end":{}}],"line":104},"28":{"loc":{"start":{"line":106,"column":6},"end":{"line":118,"column":null}},"type":"if","locations":[{"start":{"line":106,"column":6},"end":{"line":118,"column":null}},{"start":{"line":114,"column":6},"end":{"line":118,"column":null}}],"line":106},"29":{"loc":{"start":{"line":111,"column":8},"end":{"line":111,"column":null}},"type":"if","locations":[{"start":{"line":111,"column":8},"end":{"line":111,"column":null}},{"start":{},"end":{}}],"line":111},"30":{"loc":{"start":{"line":112,"column":8},"end":{"line":112,"column":null}},"type":"if","locations":[{"start":{"line":112,"column":8},"end":{"line":112,"column":null}},{"start":{},"end":{}}],"line":112},"31":{"loc":{"start":{"line":113,"column":8},"end":{"line":113,"column":null}},"type":"if","locations":[{"start":{"line":113,"column":8},"end":{"line":113,"column":null}},{"start":{},"end":{}}],"line":113},"32":{"loc":{"start":{"line":114,"column":6},"end":{"line":118,"column":null}},"type":"if","locations":[{"start":{"line":114,"column":6},"end":{"line":118,"column":null}},{"start":{},"end":{}}],"line":114},"33":{"loc":{"start":{"line":117,"column":8},"end":{"line":117,"column":null}},"type":"if","locations":[{"start":{"line":117,"column":8},"end":{"line":117,"column":null}},{"start":{},"end":{}}],"line":117},"34":{"loc":{"start":{"line":125,"column":4},"end":{"line":125,"column":null}},"type":"if","locations":[{"start":{"line":125,"column":4},"end":{"line":125,"column":null}},{"start":{},"end":{}}],"line":125},"35":{"loc":{"start":{"line":125,"column":8},"end":{"line":125,"column":42}},"type":"binary-expr","locations":[{"start":{"line":125,"column":8},"end":{"line":125,"column":20}},{"start":{"line":125,"column":20},"end":{"line":125,"column":42}}],"line":125},"36":{"loc":{"start":{"line":133,"column":6},"end":{"line":141,"column":null}},"type":"if","locations":[{"start":{"line":133,"column":6},"end":{"line":141,"column":null}},{"start":{"line":138,"column":13},"end":{"line":141,"column":null}}],"line":133},"37":{"loc":{"start":{"line":134,"column":8},"end":{"line":135,"column":null}},"type":"binary-expr","locations":[{"start":{"line":134,"column":8},"end":{"line":134,"column":null}},{"start":{"line":135,"column":9},"end":{"line":135,"column":31}},{"start":{"line":135,"column":31},"end":{"line":135,"column":null}}],"line":134},"38":{"loc":{"start":{"line":144,"column":4},"end":{"line":151,"column":null}},"type":"if","locations":[{"start":{"line":144,"column":4},"end":{"line":151,"column":null}},{"start":{"line":146,"column":4},"end":{"line":151,"column":null}}],"line":144},"39":{"loc":{"start":{"line":146,"column":4},"end":{"line":151,"column":null}},"type":"if","locations":[{"start":{"line":146,"column":4},"end":{"line":151,"column":null}},{"start":{"line":148,"column":11},"end":{"line":151,"column":null}}],"line":146}},"s":{"0":4,"1":2,"2":2,"3":2,"4":2,"5":2,"6":2,"7":2,"8":2,"9":2,"10":0,"11":0,"12":0,"13":0,"14":0,"15":0,"16":0,"17":0,"18":0,"19":0,"20":0,"21":0,"22":0,"23":0,"24":0,"25":0,"26":0,"27":0,"28":0,"29":0,"30":0,"31":0,"32":0,"33":0,"34":0,"35":0,"36":0,"37":0,"38":0,"39":0,"40":0,"41":0,"42":0,"43":0,"44":0,"45":0,"46":0,"47":0,"48":0,"49":0,"50":0,"51":0,"52":0,"53":0,"54":0,"55":0,"56":0,"57":0,"58":0,"59":0,"60":0,"61":0,"62":0,"63":0,"64":0,"65":0,"66":0,"67":0,"68":0,"69":0,"70":0,"71":0,"72":0,"73":0,"74":0,"75":0,"76":0,"77":0,"78":0,"79":0,"80":0,"81":0,"82":0,"83":0,"84":0,"85":0,"86":0,"87":0,"88":0,"89":0,"90":0,"91":0,"92":0,"93":0,"94":0,"95":0,"96":0,"97":0,"98":0,"99":0,"100":0},"f":{"0":2,"1":2,"2":0,"3":0,"4":0,"5":0,"6":0},"b":{"0":[2,0],"1":[2,2],"2":[0,0],"3":[0,0],"4":[0,0,0,0],"5":[0,0],"6":[0,0],"7":[0,0],"8":[0,0],"9":[0,0],"10":[0,0],"11":[0,0],"12":[0,0],"13":[0,0],"14":[0,0],"15":[0,0],"16":[0,0],"17":[0,0],"18":[0,0],"19":[0,0],"20":[0,0],"21":[0,0,0,0,0,0],"22":[0,0],"23":[0,0],"24":[0,0],"25":[0,0],"26":[0,0],"27":[0,0],"28":[0,0],"29":[0,0],"30":[0,0],"31":[0,0],"32":[0,0],"33":[0,0],"34":[0,0],"35":[0,0],"36":[0,0],"37":[0,0,0],"38":[0,0],"39":[0,0]},"meta":{"lastBranch":40,"lastFunction":7,"lastStatement":101,"seen":{"s:11:34:155:Infinity":0,"f:11:34:11:Infinity":0,"s:15:45:15:Infinity":1,"s:16:43:16:Infinity":2,"s:17:56:17:Infinity":3,"s:20:2:24:Infinity":4,"f:20:18:20:19":1,"s:21:4:21:Infinity":5,"s:22:4:22:Infinity":6,"s:23:4:23:Infinity":7,"b:27:2:29:Infinity:undefined:undefined:undefined:undefined":0,"s:27:2:29:Infinity":8,"b:27:6:27:23:27:23:27:50":1,"s:28:4:28:Infinity":9,"s:32:24:34:Infinity":10,"f:32:47:32:48":2,"s:33:4:33:Infinity":11,"s:36:2:120:Infinity":12,"f:36:24:36:25":3,"s:37:19:37:Infinity":13,"b:38:4:38:Infinity:undefined:undefined:undefined:undefined":2,"s:38:4:38:Infinity":14,"s:38:23:38:Infinity":15,"s:40:4:119:Infinity":16,"f:40:25:40:26":4,"s:41:19:41:Infinity":17,"s:43:26:79:Infinity":18,"f:43:26:43:27":5,"b:44:8:44:Infinity:undefined:undefined:undefined:undefined":3,"s:44:8:44:Infinity":19,"b:44:12:44:19:44:19:44:26:44:26:44:39:44:39:44:50":4,"s:44:50:44:Infinity":20,"s:45:23:45:Infinity":21,"s:46:23:46:Infinity":22,"b:47:8:47:Infinity:undefined:undefined:undefined:undefined":5,"s:47:8:47:Infinity":23,"b:47:12:47:29:47:29:47:44":6,"s:47:44:47:Infinity":24,"s:50:25:50:Infinity":25,"s:51:25:51:Infinity":26,"b:53:8:53:Infinity:undefined:undefined:undefined:undefined":7,"s:53:8:53:Infinity":27,"s:53:22:53:Infinity":28,"b:54:8:54:Infinity:undefined:undefined:undefined:undefined":8,"s:54:8:54:Infinity":29,"s:54:22:54:Infinity":30,"b:56:8:78:Infinity:65:8:78:Infinity":9,"s:56:8:78:Infinity":31,"b:57:10:60:Infinity:undefined:undefined:undefined:undefined":10,"s:57:10:60:Infinity":32,"s:58:12:58:Infinity":33,"s:59:12:59:Infinity":34,"b:61:10:64:Infinity:undefined:undefined:undefined:undefined":11,"s:61:10:64:Infinity":35,"s:62:12:62:Infinity":36,"s:63:12:63:Infinity":37,"b:65:8:78:Infinity:74:15:78:Infinity":12,"s:65:8:78:Infinity":38,"b:66:10:69:Infinity:undefined:undefined:undefined:undefined":13,"s:66:10:69:Infinity":39,"s:67:12:67:Infinity":40,"s:68:12:68:Infinity":41,"b:70:10:73:Infinity:undefined:undefined:undefined:undefined":14,"s:70:10:73:Infinity":42,"s:71:12:71:Infinity":43,"s:72:12:72:Infinity":44,"b:76:10:76:Infinity:undefined:undefined:undefined:undefined":15,"s:76:10:76:Infinity":45,"s:76:24:76:Infinity":46,"b:77:10:77:Infinity:undefined:undefined:undefined:undefined":16,"s:77:10:77:Infinity":47,"s:77:24:77:Infinity":48,"b:81:6:118:Infinity:106:6:118:Infinity":17,"s:81:6:118:Infinity":49,"s:82:33:82:Infinity":50,"s:83:19:83:Infinity":51,"s:84:19:84:Infinity":52,"b:85:8:85:Infinity:undefined:undefined:undefined:undefined":18,"s:85:8:85:Infinity":53,"s:85:16:85:Infinity":54,"b:86:8:86:Infinity:undefined:undefined:undefined:undefined":19,"s:86:8:86:Infinity":55,"s:86:16:86:Infinity":56,"b:88:8:105:Infinity:undefined:undefined:undefined:undefined":20,"s:88:8:105:Infinity":57,"b:89:10:89:Infinity:90:10:90:Infinity:91:10:91:Infinity:92:10:92:Infinity:93:10:93:Infinity:94:10:94:Infinity":21,"s:96:21:96:Infinity":58,"b:96:65:96:70:96:70:96:Infinity":22,"s:97:21:97:Infinity":59,"b:97:65:97:71:97:71:97:Infinity":23,"s:98:21:98:Infinity":60,"b:98:65:98:71:98:71:98:Infinity":24,"s:99:21:99:Infinity":61,"b:99:65:99:70:99:70:99:Infinity":25,"s:101:21:101:Infinity":62,"s:102:21:102:Infinity":63,"b:103:10:103:Infinity:undefined:undefined:undefined:undefined":26,"s:103:10:103:Infinity":64,"s:103:18:103:Infinity":65,"b:104:10:104:Infinity:undefined:undefined:undefined:undefined":27,"s:104:10:104:Infinity":66,"s:104:18:104:Infinity":67,"b:106:6:118:Infinity:114:6:118:Infinity":28,"s:106:6:118:Infinity":68,"s:107:29:107:Infinity":69,"s:108:19:108:Infinity":70,"s:109:19:109:Infinity":71,"s:110:19:110:Infinity":72,"b:111:8:111:Infinity:undefined:undefined:undefined:undefined":29,"s:111:8:111:Infinity":73,"s:111:16:111:Infinity":74,"b:112:8:112:Infinity:undefined:undefined:undefined:undefined":30,"s:112:8:112:Infinity":75,"s:112:16:112:Infinity":76,"b:113:8:113:Infinity:undefined:undefined:undefined:undefined":31,"s:113:8:113:Infinity":77,"s:113:16:113:Infinity":78,"b:114:6:118:Infinity:undefined:undefined:undefined:undefined":32,"s:114:6:118:Infinity":79,"s:115:25:115:Infinity":80,"s:116:19:116:Infinity":81,"b:117:8:117:Infinity:undefined:undefined:undefined:undefined":33,"s:117:8:117:Infinity":82,"s:117:16:117:Infinity":83,"s:123:2:152:Infinity":84,"f:123:18:123:19":6,"s:124:20:124:Infinity":85,"b:125:4:125:Infinity:undefined:undefined:undefined:undefined":34,"s:125:4:125:Infinity":86,"b:125:8:125:20:125:20:125:42":35,"s:125:42:125:Infinity":87,"s:127:22:127:Infinity":88,"s:128:23:128:Infinity":89,"s:132:4:142:Infinity":90,"s:132:17:132:37":91,"b:133:6:141:Infinity:138:13:141:Infinity":36,"s:133:6:141:Infinity":92,"b:134:8:134:Infinity:135:9:135:31:135:31:135:Infinity":37,"s:137:8:137:Infinity":93,"s:140:8:140:Infinity":94,"b:144:4:151:Infinity:146:4:151:Infinity":38,"s:144:4:151:Infinity":95,"s:145:6:145:Infinity":96,"b:146:4:151:Infinity:148:11:151:Infinity":39,"s:146:4:151:Infinity":97,"s:147:6:147:Infinity":98,"s:150:6:150:Infinity":99,"s:154:2:154:Infinity":100}}}
}
